2026-02-18 15:02:48,603 - INFO - test_loginpage.py - 18 - Launching application login page with url: 'https://apps.credence.in/login.html'.....
2026-02-18 15:02:50,065 - INFO - test_loginpage.py - 21 - Checking page title.....
2026-02-18 15:02:50,077 - INFO - test_loginpage.py - 23 - Application login page launched successfully and taking screenshot.....
2026-02-18 15:02:50,204 - INFO - test_loginpage.py - 31 - Launching application login page with username: 'https://apps.credence.in/login.html'.....
2026-02-18 15:02:50,594 - INFO - test_loginpage.py - 35 - Setting username field.....
2026-02-18 15:02:50,739 - INFO - test_loginpage.py - 37 - Setting password field.....
2026-02-18 15:02:50,842 - INFO - test_loginpage.py - 39 - Clicking login button.....
2026-02-18 15:05:06,361 - INFO - test_loginpage.py - 18 - Launching application login page with url: 'https://apps.credence.in/login.html'.....
2026-02-18 15:05:08,203 - INFO - test_loginpage.py - 21 - Checking page title.....
2026-02-18 15:05:08,211 - INFO - test_loginpage.py - 23 - Application login page launched successfully and taking screenshot.....
2026-02-18 15:05:08,325 - INFO - test_loginpage.py - 31 - Launching application login page with username: 'https://apps.credence.in/login.html'.....
2026-02-18 15:05:08,691 - INFO - test_loginpage.py - 35 - Setting username field.....
2026-02-18 15:05:08,858 - INFO - test_loginpage.py - 37 - Setting password field.....
2026-02-18 15:05:08,967 - INFO - test_loginpage.py - 39 - Clicking login button.....
2026-02-18 15:06:13,258 - INFO - test_loginpage.py - 18 - Launching application login page with url: 'https://apps.credence.in/login.html'.....
2026-02-18 15:06:15,472 - INFO - test_loginpage.py - 21 - Checking page title.....
2026-02-18 15:06:15,477 - INFO - test_loginpage.py - 23 - Application login page launched successfully and taking screenshot.....
2026-02-18 15:06:15,792 - INFO - test_loginpage.py - 31 - Launching application login page with username: 'https://apps.credence.in/login.html'.....
2026-02-18 15:06:16,293 - INFO - test_loginpage.py - 35 - Setting username field.....
2026-02-18 15:06:16,404 - INFO - test_loginpage.py - 37 - Setting password field.....
2026-02-18 15:06:16,427 - INFO - test_loginpage.py - 39 - Clicking login button.....
2026-02-18 15:44:24,909 - INFO - test_homepage.py - 17 - launch home page url: https://apps.credence.in/.....
2026-02-18 15:44:24,909 - INFO - test_homepage.py - 17 - launch home page url: https://apps.credence.in/.....
2026-02-18 15:44:26,374 - INFO - test_homepage.py - 19 - launch home page url and checking title.....
2026-02-18 15:44:26,374 - INFO - test_homepage.py - 19 - launch home page url and checking title.....
2026-02-18 15:44:26,379 - INFO - test_homepage.py - 24 - Home page title is not equal to Welcome to Bank Application & taking screenshots...
2026-02-18 15:44:26,379 - INFO - test_homepage.py - 24 - Home page title is not equal to Welcome to Bank Application & taking screenshots...
2026-02-18 15:44:26,491 - INFO - test_homepage.py - 28 - launch home page url: https://apps.credence.in/.....
2026-02-18 15:44:26,491 - INFO - test_homepage.py - 28 - launch home page url: https://apps.credence.in/.....
2026-02-18 15:44:26,857 - INFO - test_homepage.py - 31 - on home page and clicking on login page...
2026-02-18 15:44:26,857 - INFO - test_homepage.py - 31 - on home page and clicking on login page...
2026-02-18 15:44:42,947 - INFO - test_loginpage.py - 18 - Launching application login page with url: 'https://apps.credence.in/login.html'.....
2026-02-18 15:44:42,947 - INFO - test_loginpage.py - 18 - Launching application login page with url: 'https://apps.credence.in/login.html'.....
2026-02-18 15:44:44,063 - INFO - test_loginpage.py - 21 - Checking page title.....
2026-02-18 15:44:44,063 - INFO - test_loginpage.py - 21 - Checking page title.....
2026-02-18 15:44:44,065 - INFO - test_loginpage.py - 23 - Application login page launched successfully and taking screenshot.....
2026-02-18 15:44:44,065 - INFO - test_loginpage.py - 23 - Application login page launched successfully and taking screenshot.....
2026-02-18 15:44:44,188 - INFO - test_loginpage.py - 31 - Launching application login page with username: 'https://apps.credence.in/login.html'.....
2026-02-18 15:44:44,188 - INFO - test_loginpage.py - 31 - Launching application login page with username: 'https://apps.credence.in/login.html'.....
2026-02-18 15:44:44,424 - INFO - test_loginpage.py - 35 - Setting username field.....
2026-02-18 15:44:44,424 - INFO - test_loginpage.py - 35 - Setting username field.....
2026-02-18 15:44:44,517 - INFO - test_loginpage.py - 37 - Setting password field.....
2026-02-18 15:44:44,517 - INFO - test_loginpage.py - 37 - Setting password field.....
2026-02-18 15:44:44,549 - INFO - test_loginpage.py - 39 - Clicking login button.....
2026-02-18 15:44:44,549 - INFO - test_loginpage.py - 39 - Clicking login button.....
2026-02-18 15:49:00,672 - INFO - test_homepage.py - 17 - launch home page url: https://apps.credence.in/.....
2026-02-18 15:49:00,672 - INFO - test_homepage.py - 17 - launch home page url: https://apps.credence.in/.....
2026-02-18 15:49:03,080 - INFO - test_homepage.py - 19 - launch home page url and checking title.....
2026-02-18 15:49:03,080 - INFO - test_homepage.py - 19 - launch home page url and checking title.....
2026-02-18 15:49:03,094 - INFO - test_homepage.py - 24 - Home page title is not equal to Welcome to Bank Application & taking screenshots...
2026-02-18 15:49:03,094 - INFO - test_homepage.py - 24 - Home page title is not equal to Welcome to Bank Application & taking screenshots...
2026-02-18 15:49:03,311 - INFO - test_homepage.py - 28 - launch home page url: https://apps.credence.in/.....
2026-02-18 15:49:03,311 - INFO - test_homepage.py - 28 - launch home page url: https://apps.credence.in/.....
2026-02-18 15:49:03,571 - INFO - test_homepage.py - 31 - on home page and clicking on login page...
2026-02-18 15:49:03,571 - INFO - test_homepage.py - 31 - on home page and clicking on login page...
2026-02-18 15:49:03,571 - INFO - test_homepage.py - 33 - on home page and clicking on login page...
2026-02-18 15:49:03,571 - INFO - test_homepage.py - 33 - on home page and clicking on login page...
2026-02-18 15:49:03,903 - INFO - test_homepage.py - 38 - Verifying login page heading...
2026-02-18 15:49:03,903 - INFO - test_homepage.py - 38 - Verifying login page heading...
2026-02-18 15:49:03,907 - INFO - test_homepage.py - 40 - login page heading verified & taking screenshots...
2026-02-18 15:49:03,907 - INFO - test_homepage.py - 40 - login page heading verified & taking screenshots...
2026-02-18 15:49:14,208 - INFO - test_loginpage.py - 18 - Launching application login page with url: 'https://apps.credence.in/login.html'.....
2026-02-18 15:49:14,208 - INFO - test_loginpage.py - 18 - Launching application login page with url: 'https://apps.credence.in/login.html'.....
2026-02-18 15:49:15,328 - INFO - test_loginpage.py - 21 - Checking page title.....
2026-02-18 15:49:15,328 - INFO - test_loginpage.py - 21 - Checking page title.....
2026-02-18 15:49:15,335 - INFO - test_loginpage.py - 23 - Application login page launched successfully and taking screenshot.....
2026-02-18 15:49:15,335 - INFO - test_loginpage.py - 23 - Application login page launched successfully and taking screenshot.....
2026-02-18 15:49:15,457 - INFO - test_loginpage.py - 31 - Launching application login page with username: 'https://apps.credence.in/login.html'.....
2026-02-18 15:49:15,457 - INFO - test_loginpage.py - 31 - Launching application login page with username: 'https://apps.credence.in/login.html'.....
2026-02-18 15:49:15,808 - INFO - test_loginpage.py - 35 - Setting username field.....
2026-02-18 15:49:15,808 - INFO - test_loginpage.py - 35 - Setting username field.....
2026-02-18 15:49:15,887 - INFO - test_loginpage.py - 37 - Setting password field.....
2026-02-18 15:49:15,887 - INFO - test_loginpage.py - 37 - Setting password field.....
2026-02-18 15:49:15,920 - INFO - test_loginpage.py - 39 - Clicking login button.....
2026-02-18 15:49:15,920 - INFO - test_loginpage.py - 39 - Clicking login button.....
2026-02-18 15:50:11,902 - INFO - test_homepage.py - 28 - launch home page url: https://apps.credence.in/.....
2026-02-18 15:50:11,902 - INFO - test_homepage.py - 28 - launch home page url: https://apps.credence.in/.....
2026-02-18 15:50:13,522 - INFO - test_homepage.py - 31 - on home page and clicking on login page...
2026-02-18 15:50:13,522 - INFO - test_homepage.py - 31 - on home page and clicking on login page...
2026-02-18 15:50:13,523 - INFO - test_homepage.py - 33 - on home page and clicking on login page...
2026-02-18 15:50:13,523 - INFO - test_homepage.py - 33 - on home page and clicking on login page...
2026-02-18 15:50:14,070 - INFO - test_homepage.py - 38 - Verifying login page heading...
2026-02-18 15:50:14,070 - INFO - test_homepage.py - 38 - Verifying login page heading...
2026-02-18 15:50:14,135 - INFO - test_homepage.py - 40 - login page heading verified & taking screenshots...
2026-02-18 15:50:14,135 - INFO - test_homepage.py - 40 - login page heading verified & taking screenshots...
2026-02-18 15:58:20,540 - INFO - test_homepage.py - 47 - launch home page url: https://apps.credence.in/.....
2026-02-18 15:58:20,540 - INFO - test_homepage.py - 47 - launch home page url: https://apps.credence.in/.....
2026-02-18 15:58:23,273 - INFO - test_homepage.py - 50 - on home page and clicking on login page...
2026-02-18 15:58:23,273 - INFO - test_homepage.py - 50 - on home page and clicking on login page...
2026-02-18 15:58:23,273 - INFO - test_homepage.py - 52 - on home page and clicking on login page...
2026-02-18 15:58:23,273 - INFO - test_homepage.py - 52 - on home page and clicking on login page...
2026-02-18 15:58:23,895 - INFO - test_homepage.py - 57 - Verifying login page heading...
2026-02-18 15:58:23,895 - INFO - test_homepage.py - 57 - Verifying login page heading...
2026-02-18 15:58:23,902 - INFO - test_homepage.py - 59 - login page heading verified & taking screenshots...
2026-02-18 15:58:23,902 - INFO - test_homepage.py - 59 - login page heading verified & taking screenshots...
2026-02-18 15:58:24,161 - INFO - test_homepage.py - 66 - Home page title is not equal to Welcome to Bank Application & taking screenshots...
2026-02-18 15:58:24,161 - INFO - test_homepage.py - 66 - Home page title is not equal to Welcome to Bank Application & taking screenshots...
2026-02-18 16:11:42,397 - INFO - test_homepage.py - 18 - launch home page url: https://apps.credence.in/.....
2026-02-18 16:11:42,397 - INFO - test_homepage.py - 18 - launch home page url: https://apps.credence.in/.....
2026-02-18 16:11:44,109 - INFO - test_homepage.py - 20 - landed on home page url and checking title.....
2026-02-18 16:11:44,109 - INFO - test_homepage.py - 20 - landed on home page url and checking title.....
2026-02-18 16:11:44,123 - INFO - test_homepage.py - 25 - Home page title is not equal to Welcome to Bank Application & taking screenshots...
2026-02-18 16:11:44,123 - INFO - test_homepage.py - 25 - Home page title is not equal to Welcome to Bank Application & taking screenshots...
2026-02-18 16:11:44,276 - INFO - test_homepage.py - 29 - launch home page url: https://apps.credence.in/.....
2026-02-18 16:11:44,276 - INFO - test_homepage.py - 29 - launch home page url: https://apps.credence.in/.....
2026-02-18 16:11:44,656 - INFO - test_homepage.py - 33 - Landed on home page and clicking on login...
2026-02-18 16:11:44,656 - INFO - test_homepage.py - 33 - Landed on home page and clicking on login...
2026-02-18 16:11:45,017 - INFO - test_homepage.py - 36 - Landed on Login page...
2026-02-18 16:11:45,017 - INFO - test_homepage.py - 36 - Landed on Login page...
2026-02-18 16:11:45,039 - INFO - test_homepage.py - 39 - Verifying login page heading...
2026-02-18 16:11:45,039 - INFO - test_homepage.py - 39 - Verifying login page heading...
2026-02-18 16:11:45,044 - INFO - test_homepage.py - 41 - login page heading verified & taking screenshots...
2026-02-18 16:11:45,044 - INFO - test_homepage.py - 41 - login page heading verified & taking screenshots...
2026-02-18 16:11:45,237 - INFO - test_homepage.py - 48 - launch home page url: https://apps.credence.in/.....
2026-02-18 16:11:45,237 - INFO - test_homepage.py - 48 - launch home page url: https://apps.credence.in/.....
2026-02-18 16:11:45,594 - INFO - test_homepage.py - 51 - Landed on home page and clicking on login page...
2026-02-18 16:11:45,594 - INFO - test_homepage.py - 51 - Landed on home page and clicking on login page...
2026-02-18 16:11:45,595 - INFO - test_homepage.py - 53 - Landed on Login page...
2026-02-18 16:11:45,595 - INFO - test_homepage.py - 53 - Landed on Login page...
2026-02-18 16:11:45,906 - INFO - test_homepage.py - 58 - Verifying login page heading...
2026-02-18 16:11:45,906 - INFO - test_homepage.py - 58 - Verifying login page heading...
2026-02-18 16:11:45,912 - INFO - test_homepage.py - 60 - login page heading verified & taking screenshots...
2026-02-18 16:11:45,912 - INFO - test_homepage.py - 60 - login page heading verified & taking screenshots...
2026-02-18 16:11:46,114 - INFO - test_homepage.py - 67 - Home page title is not equal to Welcome to Bank Application & taking screenshots...
2026-02-18 16:11:46,114 - INFO - test_homepage.py - 67 - Home page title is not equal to Welcome to Bank Application & taking screenshots...
2026-02-18 16:11:46,228 - INFO - test_homepage.py - 75 - launch home page url: https://apps.credence.in/.....
2026-02-18 16:11:46,228 - INFO - test_homepage.py - 75 - launch home page url: https://apps.credence.in/.....
2026-02-18 16:11:46,453 - INFO - test_homepage.py - 78 - landed on home page and clicking on signup...
2026-02-18 16:11:46,453 - INFO - test_homepage.py - 78 - landed on home page and clicking on signup...
2026-02-18 16:11:46,453 - INFO - test_homepage.py - 80 - Landed on signup page & verifying title...
2026-02-18 16:11:46,453 - INFO - test_homepage.py - 80 - Landed on signup page & verifying title...
2026-02-18 16:11:46,706 - INFO - test_homepage.py - 85 - Verifying Signup page heading...
2026-02-18 16:11:46,706 - INFO - test_homepage.py - 85 - Verifying Signup page heading...
2026-02-18 16:11:46,710 - INFO - test_homepage.py - 87 - Signup page heading verified & taking screenshots...
2026-02-18 16:11:46,710 - INFO - test_homepage.py - 87 - Signup page heading verified & taking screenshots...
2026-02-18 16:11:46,890 - INFO - test_homepage.py - 94 - launch home page url: https://apps.credence.in/.....
2026-02-18 16:11:46,890 - INFO - test_homepage.py - 94 - launch home page url: https://apps.credence.in/.....
2026-02-18 16:11:47,134 - INFO - test_homepage.py - 97 - Landed on home page and clicking on signup page...
2026-02-18 16:11:47,134 - INFO - test_homepage.py - 97 - Landed on home page and clicking on signup page...
2026-02-18 16:11:47,371 - INFO - test_homepage.py - 100 - Landed on signup page...
2026-02-18 16:11:47,371 - INFO - test_homepage.py - 100 - Landed on signup page...
2026-02-18 16:11:47,383 - INFO - test_homepage.py - 104 - Verifying signup page heading...
2026-02-18 16:11:47,383 - INFO - test_homepage.py - 104 - Verifying signup page heading...
2026-02-18 16:11:47,388 - INFO - test_homepage.py - 106 - signup page heading verified & taking screenshots...
2026-02-18 16:11:47,388 - INFO - test_homepage.py - 106 - signup page heading verified & taking screenshots...
2026-02-18 16:11:47,551 - INFO - test_homepage.py - 113 - Home page title is not equal to Welcome to Bank Application & taking screenshots...
2026-02-18 16:11:47,551 - INFO - test_homepage.py - 113 - Home page title is not equal to Welcome to Bank Application & taking screenshots...
2026-02-18 16:11:58,155 - INFO - test_loginpage.py - 18 - Launching application login page with url: 'https://apps.credence.in/login.html'.....
2026-02-18 16:11:58,155 - INFO - test_loginpage.py - 18 - Launching application login page with url: 'https://apps.credence.in/login.html'.....
2026-02-18 16:11:59,597 - INFO - test_loginpage.py - 21 - Checking page title.....
2026-02-18 16:11:59,597 - INFO - test_loginpage.py - 21 - Checking page title.....
2026-02-18 16:11:59,603 - INFO - test_loginpage.py - 23 - Application login page launched successfully and taking screenshot.....
2026-02-18 16:11:59,603 - INFO - test_loginpage.py - 23 - Application login page launched successfully and taking screenshot.....
