2026-02-26 12:36:52,681 - INFO - test_homepage.py - 18 - launch home page url: https://apps.credence.in/.....
2026-02-26 12:36:52,681 - INFO - test_homepage.py - 18 - launch home page url: https://apps.credence.in/.....
2026-02-26 12:36:53,615 - INFO - test_homepage.py - 20 - landed on home page url and checking title.....
2026-02-26 12:36:53,615 - INFO - test_homepage.py - 20 - landed on home page url and checking title.....
2026-02-26 12:36:53,620 - INFO - test_homepage.py - 25 - Home page title is not equal to Welcome to Bank Application & taking screenshots...
2026-02-26 12:36:53,620 - INFO - test_homepage.py - 25 - Home page title is not equal to Welcome to Bank Application & taking screenshots...
2026-02-26 12:36:54,163 - INFO - test_homepage.py - 29 - launch home page url: https://apps.credence.in/.....
2026-02-26 12:36:54,163 - INFO - test_homepage.py - 29 - launch home page url: https://apps.credence.in/.....
2026-02-26 12:36:54,344 - INFO - test_homepage.py - 33 - Landed on home page and clicking on login...
2026-02-26 12:36:54,344 - INFO - test_homepage.py - 33 - Landed on home page and clicking on login...
2026-02-26 12:36:54,579 - INFO - test_homepage.py - 36 - Landed on Login page...
2026-02-26 12:36:54,579 - INFO - test_homepage.py - 36 - Landed on Login page...
2026-02-26 12:36:54,600 - INFO - test_homepage.py - 39 - Verifying login page heading...
2026-02-26 12:36:54,600 - INFO - test_homepage.py - 39 - Verifying login page heading...
2026-02-26 12:36:54,602 - INFO - test_homepage.py - 41 - login page heading verified & taking screenshots...
2026-02-26 12:36:54,602 - INFO - test_homepage.py - 41 - login page heading verified & taking screenshots...
2026-02-26 12:36:54,764 - INFO - test_homepage.py - 48 - launch home page url: https://apps.credence.in/.....
2026-02-26 12:36:54,764 - INFO - test_homepage.py - 48 - launch home page url: https://apps.credence.in/.....
2026-02-26 12:36:54,937 - INFO - test_homepage.py - 51 - Landed on home page and clicking on login page...
2026-02-26 12:36:54,937 - INFO - test_homepage.py - 51 - Landed on home page and clicking on login page...
2026-02-26 12:36:54,937 - INFO - test_homepage.py - 53 - Landed on Login page...
2026-02-26 12:36:54,937 - INFO - test_homepage.py - 53 - Landed on Login page...
2026-02-26 12:36:55,177 - INFO - test_homepage.py - 58 - Verifying login page heading...
2026-02-26 12:36:55,177 - INFO - test_homepage.py - 58 - Verifying login page heading...
2026-02-26 12:36:55,183 - INFO - test_homepage.py - 60 - login page heading verified & taking screenshots...
2026-02-26 12:36:55,183 - INFO - test_homepage.py - 60 - login page heading verified & taking screenshots...
2026-02-26 12:36:55,319 - INFO - test_homepage.py - 67 - Home page title is not equal to Welcome to Bank Application & taking screenshots...
2026-02-26 12:36:55,319 - INFO - test_homepage.py - 67 - Home page title is not equal to Welcome to Bank Application & taking screenshots...
2026-02-26 12:36:55,439 - INFO - test_homepage.py - 75 - launch home page url: https://apps.credence.in/.....
2026-02-26 12:36:55,439 - INFO - test_homepage.py - 75 - launch home page url: https://apps.credence.in/.....
2026-02-26 12:36:55,616 - INFO - test_homepage.py - 78 - landed on home page and clicking on signup...
2026-02-26 12:36:55,616 - INFO - test_homepage.py - 78 - landed on home page and clicking on signup...
2026-02-26 12:36:55,616 - INFO - test_homepage.py - 80 - Landed on signup page & verifying title...
2026-02-26 12:36:55,616 - INFO - test_homepage.py - 80 - Landed on signup page & verifying title...
2026-02-26 12:36:55,849 - INFO - test_homepage.py - 85 - Verifying Signup page heading...
2026-02-26 12:36:55,849 - INFO - test_homepage.py - 85 - Verifying Signup page heading...
2026-02-26 12:36:55,852 - INFO - test_homepage.py - 87 - Signup page heading verified & taking screenshots...
2026-02-26 12:36:55,852 - INFO - test_homepage.py - 87 - Signup page heading verified & taking screenshots...
2026-02-26 12:36:55,941 - INFO - test_homepage.py - 94 - launch home page url: https://apps.credence.in/.....
2026-02-26 12:36:55,941 - INFO - test_homepage.py - 94 - launch home page url: https://apps.credence.in/.....
2026-02-26 12:36:56,131 - INFO - test_homepage.py - 97 - Landed on home page and clicking on signup page...
2026-02-26 12:36:56,131 - INFO - test_homepage.py - 97 - Landed on home page and clicking on signup page...
2026-02-26 12:36:56,344 - INFO - test_homepage.py - 100 - Landed on signup page...
2026-02-26 12:36:56,344 - INFO - test_homepage.py - 100 - Landed on signup page...
2026-02-26 12:36:56,345 - INFO - test_homepage.py - 104 - Verifying signup page heading...
2026-02-26 12:36:56,345 - INFO - test_homepage.py - 104 - Verifying signup page heading...
2026-02-26 12:36:56,349 - INFO - test_homepage.py - 106 - signup page heading verified & taking screenshots...
2026-02-26 12:36:56,349 - INFO - test_homepage.py - 106 - signup page heading verified & taking screenshots...
2026-02-26 12:36:56,454 - INFO - test_homepage.py - 113 - Home page title is not equal to Welcome to Bank Application & taking screenshots...
2026-02-26 12:36:56,454 - INFO - test_homepage.py - 113 - Home page title is not equal to Welcome to Bank Application & taking screenshots...
2026-02-26 12:36:59,948 - INFO - test_loginpage.py - 18 - Launching application login page with url: 'https://apps.credence.in/login.html'.....
2026-02-26 12:36:59,948 - INFO - test_loginpage.py - 18 - Launching application login page with url: 'https://apps.credence.in/login.html'.....
2026-02-26 12:37:01,334 - INFO - test_loginpage.py - 21 - Checking page title.....
2026-02-26 12:37:01,334 - INFO - test_loginpage.py - 21 - Checking page title.....
2026-02-26 12:37:01,338 - INFO - test_loginpage.py - 23 - Application login page launched successfully and taking screenshot.....
2026-02-26 12:37:01,338 - INFO - test_loginpage.py - 23 - Application login page launched successfully and taking screenshot.....
2026-02-26 12:37:34,051 - INFO - test_homepage.py - 18 - launch home page url: https://apps.credence.in/.....
2026-02-26 12:37:34,051 - INFO - test_homepage.py - 18 - launch home page url: https://apps.credence.in/.....
2026-02-26 12:37:35,236 - INFO - test_homepage.py - 20 - landed on home page url and checking title.....
2026-02-26 12:37:35,236 - INFO - test_homepage.py - 20 - landed on home page url and checking title.....
2026-02-26 12:37:35,241 - INFO - test_homepage.py - 25 - Home page title is not equal to Welcome to Bank Application & taking screenshots...
2026-02-26 12:37:35,241 - INFO - test_homepage.py - 25 - Home page title is not equal to Welcome to Bank Application & taking screenshots...
2026-02-26 12:37:35,529 - INFO - test_homepage.py - 29 - launch home page url: https://apps.credence.in/.....
2026-02-26 12:37:35,529 - INFO - test_homepage.py - 29 - launch home page url: https://apps.credence.in/.....
2026-02-26 12:37:35,784 - INFO - test_homepage.py - 33 - Landed on home page and clicking on login...
2026-02-26 12:37:35,784 - INFO - test_homepage.py - 33 - Landed on home page and clicking on login...
2026-02-26 12:37:36,083 - INFO - test_homepage.py - 36 - Landed on Login page...
2026-02-26 12:37:36,083 - INFO - test_homepage.py - 36 - Landed on Login page...
2026-02-26 12:37:36,107 - INFO - test_homepage.py - 39 - Verifying login page heading...
2026-02-26 12:37:36,107 - INFO - test_homepage.py - 39 - Verifying login page heading...
2026-02-26 12:37:36,111 - INFO - test_homepage.py - 41 - login page heading verified & taking screenshots...
2026-02-26 12:37:36,111 - INFO - test_homepage.py - 41 - login page heading verified & taking screenshots...
2026-02-26 12:37:36,266 - INFO - test_homepage.py - 48 - launch home page url: https://apps.credence.in/.....
2026-02-26 12:37:36,266 - INFO - test_homepage.py - 48 - launch home page url: https://apps.credence.in/.....
2026-02-26 12:37:36,519 - INFO - test_homepage.py - 51 - Landed on home page and clicking on login page...
2026-02-26 12:37:36,519 - INFO - test_homepage.py - 51 - Landed on home page and clicking on login page...
2026-02-26 12:37:36,519 - INFO - test_homepage.py - 53 - Landed on Login page...
2026-02-26 12:37:36,519 - INFO - test_homepage.py - 53 - Landed on Login page...
2026-02-26 12:37:36,819 - INFO - test_homepage.py - 58 - Verifying login page heading...
2026-02-26 12:37:36,819 - INFO - test_homepage.py - 58 - Verifying login page heading...
2026-02-26 12:37:36,825 - INFO - test_homepage.py - 60 - login page heading verified & taking screenshots...
2026-02-26 12:37:36,825 - INFO - test_homepage.py - 60 - login page heading verified & taking screenshots...
2026-02-26 12:37:36,962 - INFO - test_homepage.py - 67 - Home page title is not equal to Welcome to Bank Application & taking screenshots...
2026-02-26 12:37:36,962 - INFO - test_homepage.py - 67 - Home page title is not equal to Welcome to Bank Application & taking screenshots...
2026-02-26 12:37:37,084 - INFO - test_homepage.py - 75 - launch home page url: https://apps.credence.in/.....
2026-02-26 12:37:37,084 - INFO - test_homepage.py - 75 - launch home page url: https://apps.credence.in/.....
2026-02-26 12:37:37,335 - INFO - test_homepage.py - 78 - landed on home page and clicking on signup...
2026-02-26 12:37:37,335 - INFO - test_homepage.py - 78 - landed on home page and clicking on signup...
2026-02-26 12:37:37,335 - INFO - test_homepage.py - 80 - Landed on signup page & verifying title...
2026-02-26 12:37:37,335 - INFO - test_homepage.py - 80 - Landed on signup page & verifying title...
2026-02-26 12:37:37,617 - INFO - test_homepage.py - 85 - Verifying Signup page heading...
2026-02-26 12:37:37,617 - INFO - test_homepage.py - 85 - Verifying Signup page heading...
2026-02-26 12:37:37,622 - INFO - test_homepage.py - 87 - Signup page heading verified & taking screenshots...
2026-02-26 12:37:37,622 - INFO - test_homepage.py - 87 - Signup page heading verified & taking screenshots...
2026-02-26 12:37:37,706 - INFO - test_homepage.py - 94 - launch home page url: https://apps.credence.in/.....
2026-02-26 12:37:37,706 - INFO - test_homepage.py - 94 - launch home page url: https://apps.credence.in/.....
2026-02-26 12:37:37,963 - INFO - test_homepage.py - 97 - Landed on home page and clicking on signup page...
2026-02-26 12:37:37,963 - INFO - test_homepage.py - 97 - Landed on home page and clicking on signup page...
2026-02-26 12:37:38,252 - INFO - test_homepage.py - 100 - Landed on signup page...
2026-02-26 12:37:38,252 - INFO - test_homepage.py - 100 - Landed on signup page...
2026-02-26 12:37:38,253 - INFO - test_homepage.py - 104 - Verifying signup page heading...
2026-02-26 12:37:38,253 - INFO - test_homepage.py - 104 - Verifying signup page heading...
2026-02-26 12:37:38,259 - INFO - test_homepage.py - 106 - signup page heading verified & taking screenshots...
2026-02-26 12:37:38,259 - INFO - test_homepage.py - 106 - signup page heading verified & taking screenshots...
2026-02-26 12:37:38,372 - INFO - test_homepage.py - 113 - Home page title is not equal to Welcome to Bank Application & taking screenshots...
2026-02-26 12:37:38,372 - INFO - test_homepage.py - 113 - Home page title is not equal to Welcome to Bank Application & taking screenshots...
2026-02-26 12:37:41,862 - INFO - test_loginpage.py - 18 - Launching application login page with url: 'https://apps.credence.in/login.html'.....
2026-02-26 12:37:41,862 - INFO - test_loginpage.py - 18 - Launching application login page with url: 'https://apps.credence.in/login.html'.....
2026-02-26 12:37:42,616 - INFO - test_loginpage.py - 21 - Checking page title.....
2026-02-26 12:37:42,616 - INFO - test_loginpage.py - 21 - Checking page title.....
2026-02-26 12:37:42,621 - INFO - test_loginpage.py - 23 - Application login page launched successfully and taking screenshot.....
2026-02-26 12:37:42,621 - INFO - test_loginpage.py - 23 - Application login page launched successfully and taking screenshot.....
2026-02-26 12:37:43,233 - INFO - test_loginpage.py - 32 - Launching application login page with username: 'https://apps.credence.in/login.html'.....
2026-02-26 12:37:43,233 - INFO - test_loginpage.py - 32 - Launching application login page with username: 'https://apps.credence.in/login.html'.....
2026-02-26 12:37:43,420 - INFO - test_loginpage.py - 36 - Setting username field.....
2026-02-26 12:37:43,420 - INFO - test_loginpage.py - 36 - Setting username field.....
2026-02-26 12:37:43,481 - INFO - test_loginpage.py - 38 - Setting password field.....
2026-02-26 12:37:43,481 - INFO - test_loginpage.py - 38 - Setting password field.....
2026-02-26 12:37:43,540 - INFO - test_loginpage.py - 40 - Clicking login button.....
2026-02-26 12:37:43,540 - INFO - test_loginpage.py - 40 - Clicking login button.....
2026-02-26 12:37:46,533 - INFO - test_loginpage.py - 51 - User : Testuser011 logged in Failed and taking screenshot..... 
2026-02-26 12:37:46,533 - INFO - test_loginpage.py - 51 - User : Testuser011 logged in Failed and taking screenshot..... 
2026-02-26 13:10:52,686 - INFO - test_loginpage.py - 62 - Launching application login page with username: 'https://apps.credence.in/login.html'.....
2026-02-26 13:10:52,686 - INFO - test_loginpage.py - 62 - Launching application login page with username: 'https://apps.credence.in/login.html'.....
2026-02-26 13:10:53,774 - INFO - test_loginpage.py - 66 - Setting username field.....
2026-02-26 13:10:53,774 - INFO - test_loginpage.py - 66 - Setting username field.....
2026-02-26 13:10:53,833 - INFO - test_loginpage.py - 68 - Setting password field.....
2026-02-26 13:10:53,833 - INFO - test_loginpage.py - 68 - Setting password field.....
2026-02-26 13:10:53,884 - INFO - test_loginpage.py - 70 - Clicking login button.....
2026-02-26 13:10:53,884 - INFO - test_loginpage.py - 70 - Clicking login button.....
2026-02-26 13:10:56,747 - INFO - test_loginpage.py - 90 - User : Testuser012 logged in Failed and taking screenshot..... 
2026-02-26 13:10:56,747 - INFO - test_loginpage.py - 90 - User : Testuser012 logged in Failed and taking screenshot..... 
2026-02-26 13:14:41,073 - INFO - test_loginpage.py - 62 - Launching application login page with username: 'https://apps.credence.in/login.html'.....
2026-02-26 13:14:41,073 - INFO - test_loginpage.py - 62 - Launching application login page with username: 'https://apps.credence.in/login.html'.....
2026-02-26 13:14:42,069 - INFO - test_loginpage.py - 66 - Setting username field.....
2026-02-26 13:14:42,069 - INFO - test_loginpage.py - 66 - Setting username field.....
2026-02-26 13:14:42,109 - INFO - test_loginpage.py - 68 - Setting password field.....
2026-02-26 13:14:42,109 - INFO - test_loginpage.py - 68 - Setting password field.....
2026-02-26 13:14:42,120 - INFO - test_loginpage.py - 70 - Clicking login button.....
2026-02-26 13:14:42,120 - INFO - test_loginpage.py - 70 - Clicking login button.....
2026-02-26 13:17:50,604 - INFO - test_loginpage.py - 62 - Launching application login page with username: 'https://apps.credence.in/login.html'.....
2026-02-26 13:17:50,604 - INFO - test_loginpage.py - 62 - Launching application login page with username: 'https://apps.credence.in/login.html'.....
2026-02-26 13:17:51,538 - INFO - test_loginpage.py - 66 - Setting username field.....
2026-02-26 13:17:51,538 - INFO - test_loginpage.py - 66 - Setting username field.....
2026-02-26 13:17:51,573 - INFO - test_loginpage.py - 68 - Setting password field.....
2026-02-26 13:17:51,573 - INFO - test_loginpage.py - 68 - Setting password field.....
2026-02-26 13:17:51,582 - INFO - test_loginpage.py - 70 - Clicking login button.....
2026-02-26 13:17:51,582 - INFO - test_loginpage.py - 70 - Clicking login button.....
2026-02-26 13:21:01,233 - INFO - test_loginpage.py - 62 - Launching application login page with username: 'https://apps.credence.in/login.html'.....
2026-02-26 13:21:01,233 - INFO - test_loginpage.py - 62 - Launching application login page with username: 'https://apps.credence.in/login.html'.....
2026-02-26 13:21:02,442 - INFO - test_loginpage.py - 66 - Setting username field.....
2026-02-26 13:21:02,442 - INFO - test_loginpage.py - 66 - Setting username field.....
2026-02-26 13:21:02,480 - INFO - test_loginpage.py - 68 - Setting password field.....
2026-02-26 13:21:02,480 - INFO - test_loginpage.py - 68 - Setting password field.....
2026-02-26 13:21:02,521 - INFO - test_loginpage.py - 70 - Clicking login button.....
2026-02-26 13:21:02,521 - INFO - test_loginpage.py - 70 - Clicking login button.....
2026-02-26 13:24:17,615 - INFO - test_loginpage.py - 62 - Launching application login page with username: 'https://apps.credence.in/login.html'.....
2026-02-26 13:24:17,615 - INFO - test_loginpage.py - 62 - Launching application login page with username: 'https://apps.credence.in/login.html'.....
2026-02-26 13:24:18,591 - INFO - test_loginpage.py - 66 - Setting username field.....
2026-02-26 13:24:18,591 - INFO - test_loginpage.py - 66 - Setting username field.....
2026-02-26 13:24:18,651 - INFO - test_loginpage.py - 68 - Setting password field.....
2026-02-26 13:24:18,651 - INFO - test_loginpage.py - 68 - Setting password field.....
2026-02-26 13:24:18,700 - INFO - test_loginpage.py - 70 - Clicking login button.....
2026-02-26 13:24:18,700 - INFO - test_loginpage.py - 70 - Clicking login button.....
2026-02-26 13:24:21,539 - INFO - test_loginpage.py - 90 - User : Testuser012 logged in Failed and taking screenshot..... 
2026-02-26 13:24:21,539 - INFO - test_loginpage.py - 90 - User : Testuser012 logged in Failed and taking screenshot..... 
2026-02-26 13:27:54,916 - INFO - test_loginpage.py - 33 - Launching application login page with username: 'https://apps.credence.in/login.html'.....
2026-02-26 13:27:54,916 - INFO - test_loginpage.py - 33 - Launching application login page with username: 'https://apps.credence.in/login.html'.....
2026-02-26 13:27:55,758 - INFO - test_loginpage.py - 37 - Setting username field.....
2026-02-26 13:27:55,758 - INFO - test_loginpage.py - 37 - Setting username field.....
2026-02-26 13:27:55,810 - INFO - test_loginpage.py - 39 - Setting password field.....
2026-02-26 13:27:55,810 - INFO - test_loginpage.py - 39 - Setting password field.....
2026-02-26 13:27:55,851 - INFO - test_loginpage.py - 41 - Clicking login button.....
2026-02-26 13:27:55,851 - INFO - test_loginpage.py - 41 - Clicking login button.....
2026-02-26 13:28:02,331 - INFO - test_loginpage.py - 52 - User : Testuser011 logged in Failed and taking screenshot..... 
2026-02-26 13:28:02,331 - INFO - test_loginpage.py - 52 - User : Testuser011 logged in Failed and taking screenshot..... 
2026-02-26 13:34:17,118 - INFO - test_loginpage.py - 33 - Launching application login page with username: 'https://apps.credence.in/login.html'.....
2026-02-26 13:34:17,118 - INFO - test_loginpage.py - 33 - Launching application login page with username: 'https://apps.credence.in/login.html'.....
2026-02-26 13:34:18,549 - INFO - test_loginpage.py - 37 - Setting username field.....
2026-02-26 13:34:18,549 - INFO - test_loginpage.py - 37 - Setting username field.....
2026-02-26 13:34:18,607 - INFO - test_loginpage.py - 39 - Setting password field.....
2026-02-26 13:34:18,607 - INFO - test_loginpage.py - 39 - Setting password field.....
2026-02-26 13:34:18,640 - INFO - test_loginpage.py - 41 - Clicking login button.....
2026-02-26 13:34:18,640 - INFO - test_loginpage.py - 41 - Clicking login button.....
2026-02-26 13:34:24,664 - INFO - test_loginpage.py - 45 - User : Testuser011 logged in Successfully and taking screenshot..... 
2026-02-26 13:34:24,664 - INFO - test_loginpage.py - 45 - User : Testuser011 logged in Successfully and taking screenshot..... 
2026-02-26 13:34:24,760 - INFO - test_loginpage.py - 47 - Logging out.......
2026-02-26 13:34:24,760 - INFO - test_loginpage.py - 47 - Logging out.......
2026-02-26 13:34:25,172 - INFO - test_loginpage.py - 49 - Logged-out Successfully........
2026-02-26 13:34:25,172 - INFO - test_loginpage.py - 49 - Logged-out Successfully........
2026-02-26 13:34:58,508 - INFO - test_loginpage.py - 62 - Launching application login page with username: 'https://apps.credence.in/login.html'.....
2026-02-26 13:34:58,508 - INFO - test_loginpage.py - 62 - Launching application login page with username: 'https://apps.credence.in/login.html'.....
2026-02-26 13:34:59,294 - INFO - test_loginpage.py - 66 - Setting username field.....
2026-02-26 13:34:59,294 - INFO - test_loginpage.py - 66 - Setting username field.....
2026-02-26 13:34:59,350 - INFO - test_loginpage.py - 68 - Setting password field.....
2026-02-26 13:34:59,350 - INFO - test_loginpage.py - 68 - Setting password field.....
2026-02-26 13:34:59,399 - INFO - test_loginpage.py - 70 - Clicking login button.....
2026-02-26 13:34:59,399 - INFO - test_loginpage.py - 70 - Clicking login button.....
2026-02-26 13:35:05,711 - INFO - test_loginpage.py - 80 - User : Testuser012 logged in Successfully and taking screenshot..... 
2026-02-26 13:35:05,711 - INFO - test_loginpage.py - 80 - User : Testuser012 logged in Successfully and taking screenshot..... 
2026-02-26 13:35:05,829 - INFO - test_loginpage.py - 83 - Logging out.......
2026-02-26 13:35:05,829 - INFO - test_loginpage.py - 83 - Logging out.......
2026-02-26 13:35:06,219 - INFO - test_loginpage.py - 85 - Logged-out Successfully........
2026-02-26 13:35:06,219 - INFO - test_loginpage.py - 85 - Logged-out Successfully........
2026-02-26 13:35:06,237 - INFO - test_loginpage.py - 62 - Launching application login page with username: 'https://apps.credence.in/login.html'.....
2026-02-26 13:35:06,237 - INFO - test_loginpage.py - 62 - Launching application login page with username: 'https://apps.credence.in/login.html'.....
2026-02-26 13:35:06,428 - INFO - test_loginpage.py - 66 - Setting username field.....
2026-02-26 13:35:06,428 - INFO - test_loginpage.py - 66 - Setting username field.....
2026-02-26 13:35:06,479 - INFO - test_loginpage.py - 68 - Setting password field.....
2026-02-26 13:35:06,479 - INFO - test_loginpage.py - 68 - Setting password field.....
2026-02-26 13:35:06,530 - INFO - test_loginpage.py - 70 - Clicking login button.....
2026-02-26 13:35:06,530 - INFO - test_loginpage.py - 70 - Clicking login button.....
2026-02-26 13:36:17,363 - INFO - test_loginpage.py - 62 - Launching application login page with username: 'https://apps.credence.in/login.html'.....
2026-02-26 13:36:17,363 - INFO - test_loginpage.py - 62 - Launching application login page with username: 'https://apps.credence.in/login.html'.....
2026-02-26 13:36:18,354 - INFO - test_loginpage.py - 66 - Setting username field.....
2026-02-26 13:36:18,354 - INFO - test_loginpage.py - 66 - Setting username field.....
2026-02-26 13:36:18,425 - INFO - test_loginpage.py - 68 - Setting password field.....
2026-02-26 13:36:18,425 - INFO - test_loginpage.py - 68 - Setting password field.....
2026-02-26 13:36:18,441 - INFO - test_loginpage.py - 70 - Clicking login button.....
2026-02-26 13:36:18,441 - INFO - test_loginpage.py - 70 - Clicking login button.....
2026-02-26 13:36:29,041 - INFO - test_loginpage.py - 80 - User : Testuser012 logged in Successfully and taking screenshot..... 
2026-02-26 13:36:29,041 - INFO - test_loginpage.py - 80 - User : Testuser012 logged in Successfully and taking screenshot..... 
2026-02-26 13:36:29,153 - INFO - test_loginpage.py - 83 - Logging out.......
2026-02-26 13:36:29,153 - INFO - test_loginpage.py - 83 - Logging out.......
2026-02-26 13:36:29,597 - INFO - test_loginpage.py - 85 - Logged-out Successfully........
2026-02-26 13:36:29,597 - INFO - test_loginpage.py - 85 - Logged-out Successfully........
2026-02-26 13:36:29,615 - INFO - test_loginpage.py - 62 - Launching application login page with username: 'https://apps.credence.in/login.html'.....
2026-02-26 13:36:29,615 - INFO - test_loginpage.py - 62 - Launching application login page with username: 'https://apps.credence.in/login.html'.....
2026-02-26 13:36:29,849 - INFO - test_loginpage.py - 66 - Setting username field.....
2026-02-26 13:36:29,849 - INFO - test_loginpage.py - 66 - Setting username field.....
2026-02-26 13:36:29,863 - INFO - test_loginpage.py - 68 - Setting password field.....
2026-02-26 13:36:29,863 - INFO - test_loginpage.py - 68 - Setting password field.....
2026-02-26 13:36:29,888 - INFO - test_loginpage.py - 70 - Clicking login button.....
2026-02-26 13:36:29,888 - INFO - test_loginpage.py - 70 - Clicking login button.....
2026-02-26 13:47:18,812 - INFO - test_loginpage.py - 62 - Launching application login page: 'https://apps.credence.in/login.html'.....
2026-02-26 13:47:18,812 - INFO - test_loginpage.py - 62 - Launching application login page: 'https://apps.credence.in/login.html'.....
2026-02-26 13:47:19,780 - INFO - test_loginpage.py - 66 - Setting username field.....
2026-02-26 13:47:19,780 - INFO - test_loginpage.py - 66 - Setting username field.....
2026-02-26 13:47:19,818 - INFO - test_loginpage.py - 68 - Setting password field.....
2026-02-26 13:47:19,818 - INFO - test_loginpage.py - 68 - Setting password field.....
2026-02-26 13:47:19,829 - INFO - test_loginpage.py - 70 - Clicking login button.....
2026-02-26 13:47:19,829 - INFO - test_loginpage.py - 70 - Clicking login button.....
2026-02-26 13:49:12,277 - INFO - test_loginpage.py - 62 - Launching application login page: 'https://apps.credence.in/login.html'.....
2026-02-26 13:49:12,277 - INFO - test_loginpage.py - 62 - Launching application login page: 'https://apps.credence.in/login.html'.....
2026-02-26 13:49:13,666 - INFO - test_loginpage.py - 66 - Setting username field.....
2026-02-26 13:49:13,666 - INFO - test_loginpage.py - 66 - Setting username field.....
2026-02-26 13:49:13,702 - INFO - test_loginpage.py - 68 - Setting password field.....
2026-02-26 13:49:13,702 - INFO - test_loginpage.py - 68 - Setting password field.....
2026-02-26 13:49:13,712 - INFO - test_loginpage.py - 70 - Clicking login button.....
2026-02-26 13:49:13,712 - INFO - test_loginpage.py - 70 - Clicking login button.....
2026-02-26 13:49:19,321 - INFO - test_loginpage.py - 80 - User : Testuser012 logged in Successfully and taking screenshot..... 
2026-02-26 13:49:19,321 - INFO - test_loginpage.py - 80 - User : Testuser012 logged in Successfully and taking screenshot..... 
2026-02-26 13:49:19,427 - INFO - test_loginpage.py - 83 - Logging out.......
2026-02-26 13:49:19,427 - INFO - test_loginpage.py - 83 - Logging out.......
2026-02-26 13:49:19,783 - INFO - test_loginpage.py - 85 - Logged-out Successfully........
2026-02-26 13:49:19,783 - INFO - test_loginpage.py - 85 - Logged-out Successfully........
2026-02-26 13:49:19,818 - INFO - test_loginpage.py - 62 - Launching application login page: 'https://apps.credence.in/login.html'.....
2026-02-26 13:49:19,818 - INFO - test_loginpage.py - 62 - Launching application login page: 'https://apps.credence.in/login.html'.....
2026-02-26 13:49:19,997 - INFO - test_loginpage.py - 66 - Setting username field.....
2026-02-26 13:49:19,997 - INFO - test_loginpage.py - 66 - Setting username field.....
2026-02-26 13:49:20,010 - INFO - test_loginpage.py - 68 - Setting password field.....
2026-02-26 13:49:20,010 - INFO - test_loginpage.py - 68 - Setting password field.....
2026-02-26 13:49:20,040 - INFO - test_loginpage.py - 70 - Clicking login button.....
2026-02-26 13:49:20,040 - INFO - test_loginpage.py - 70 - Clicking login button.....
2026-02-26 13:56:26,558 - INFO - test_loginpage.py - 62 - Launching application login page: 'https://apps.credence.in/login.html'.....
2026-02-26 13:56:26,558 - INFO - test_loginpage.py - 62 - Launching application login page: 'https://apps.credence.in/login.html'.....
2026-02-26 13:56:27,667 - INFO - test_loginpage.py - 66 - Setting username field.....
2026-02-26 13:56:27,667 - INFO - test_loginpage.py - 66 - Setting username field.....
2026-02-26 13:56:27,706 - INFO - test_loginpage.py - 68 - Setting password field.....
2026-02-26 13:56:27,706 - INFO - test_loginpage.py - 68 - Setting password field.....
2026-02-26 13:56:27,718 - INFO - test_loginpage.py - 70 - Clicking login button.....
2026-02-26 13:56:27,718 - INFO - test_loginpage.py - 70 - Clicking login button.....
2026-02-26 13:56:38,321 - INFO - test_loginpage.py - 80 - User : Testuser012 logged in Successfully and taking screenshot..... 
2026-02-26 13:56:38,321 - INFO - test_loginpage.py - 80 - User : Testuser012 logged in Successfully and taking screenshot..... 
2026-02-26 13:56:38,423 - INFO - test_loginpage.py - 83 - Logging out.......
2026-02-26 13:56:38,423 - INFO - test_loginpage.py - 83 - Logging out.......
2026-02-26 13:56:38,822 - INFO - test_loginpage.py - 85 - Logged-out Successfully........
2026-02-26 13:56:38,822 - INFO - test_loginpage.py - 85 - Logged-out Successfully........
2026-02-26 13:56:38,853 - INFO - test_loginpage.py - 62 - Launching application login page: 'https://apps.credence.in/login.html'.....
2026-02-26 13:56:38,853 - INFO - test_loginpage.py - 62 - Launching application login page: 'https://apps.credence.in/login.html'.....
2026-02-26 13:56:39,056 - INFO - test_loginpage.py - 66 - Setting username field.....
2026-02-26 13:56:39,056 - INFO - test_loginpage.py - 66 - Setting username field.....
2026-02-26 13:56:39,086 - INFO - test_loginpage.py - 68 - Setting password field.....
2026-02-26 13:56:39,086 - INFO - test_loginpage.py - 68 - Setting password field.....
2026-02-26 13:56:39,096 - INFO - test_loginpage.py - 70 - Clicking login button.....
2026-02-26 13:56:39,096 - INFO - test_loginpage.py - 70 - Clicking login button.....
2026-02-26 13:56:55,188 - INFO - test_loginpage.py - 80 - User : Testuser0123 logged in Successfully and taking screenshot..... 
2026-02-26 13:56:55,188 - INFO - test_loginpage.py - 80 - User : Testuser0123 logged in Successfully and taking screenshot..... 
2026-02-26 13:56:55,371 - INFO - test_loginpage.py - 83 - Logging out.......
2026-02-26 13:56:55,371 - INFO - test_loginpage.py - 83 - Logging out.......
2026-02-26 14:00:35,935 - INFO - test_loginpage.py - 62 - Launching application login page: 'https://apps.credence.in/login.html'.....
2026-02-26 14:00:35,935 - INFO - test_loginpage.py - 62 - Launching application login page: 'https://apps.credence.in/login.html'.....
2026-02-26 14:00:36,818 - INFO - test_loginpage.py - 66 - Setting username field.....
2026-02-26 14:00:36,818 - INFO - test_loginpage.py - 66 - Setting username field.....
2026-02-26 14:00:36,857 - INFO - test_loginpage.py - 68 - Setting password field.....
2026-02-26 14:00:36,857 - INFO - test_loginpage.py - 68 - Setting password field.....
2026-02-26 14:00:36,867 - INFO - test_loginpage.py - 70 - Clicking login button.....
2026-02-26 14:00:36,867 - INFO - test_loginpage.py - 70 - Clicking login button.....
2026-02-26 14:00:44,466 - INFO - test_loginpage.py - 80 - User : Testuser012 logged in Successfully and taking screenshot..... 
2026-02-26 14:00:44,466 - INFO - test_loginpage.py - 80 - User : Testuser012 logged in Successfully and taking screenshot..... 
2026-02-26 14:00:44,577 - INFO - test_loginpage.py - 83 - Logging out.......
2026-02-26 14:00:44,577 - INFO - test_loginpage.py - 83 - Logging out.......
2026-02-26 14:00:44,982 - INFO - test_loginpage.py - 85 - Logged-out Successfully........
2026-02-26 14:00:44,982 - INFO - test_loginpage.py - 85 - Logged-out Successfully........
2026-02-26 14:00:45,014 - INFO - test_loginpage.py - 62 - Launching application login page: 'https://apps.credence.in/login.html'.....
2026-02-26 14:00:45,014 - INFO - test_loginpage.py - 62 - Launching application login page: 'https://apps.credence.in/login.html'.....
2026-02-26 14:00:45,220 - INFO - test_loginpage.py - 66 - Setting username field.....
2026-02-26 14:00:45,220 - INFO - test_loginpage.py - 66 - Setting username field.....
2026-02-26 14:00:45,237 - INFO - test_loginpage.py - 68 - Setting password field.....
2026-02-26 14:00:45,237 - INFO - test_loginpage.py - 68 - Setting password field.....
2026-02-26 14:00:45,269 - INFO - test_loginpage.py - 70 - Clicking login button.....
2026-02-26 14:00:45,269 - INFO - test_loginpage.py - 70 - Clicking login button.....
2026-02-26 14:00:55,906 - INFO - test_loginpage.py - 80 - User : Testuser0123 logged in Successfully and taking screenshot..... 
2026-02-26 14:00:55,906 - INFO - test_loginpage.py - 80 - User : Testuser0123 logged in Successfully and taking screenshot..... 
2026-02-26 14:00:56,025 - INFO - test_loginpage.py - 83 - Logging out.......
2026-02-26 14:00:56,025 - INFO - test_loginpage.py - 83 - Logging out.......
2026-02-26 14:04:01,360 - INFO - test_loginpage.py - 62 - Launching application login page: 'https://apps.credence.in/login.html'.....
2026-02-26 14:04:01,360 - INFO - test_loginpage.py - 62 - Launching application login page: 'https://apps.credence.in/login.html'.....
2026-02-26 14:04:02,381 - INFO - test_loginpage.py - 66 - Setting username field.....
2026-02-26 14:04:02,381 - INFO - test_loginpage.py - 66 - Setting username field.....
2026-02-26 14:04:02,416 - INFO - test_loginpage.py - 68 - Setting password field.....
2026-02-26 14:04:02,416 - INFO - test_loginpage.py - 68 - Setting password field.....
2026-02-26 14:04:02,427 - INFO - test_loginpage.py - 70 - Clicking login button.....
2026-02-26 14:04:02,427 - INFO - test_loginpage.py - 70 - Clicking login button.....
2026-02-26 14:04:10,052 - INFO - test_loginpage.py - 75 - User : Testuser012 logged in Successfully and taking screenshot..... 
2026-02-26 14:04:10,052 - INFO - test_loginpage.py - 75 - User : Testuser012 logged in Successfully and taking screenshot..... 
2026-02-26 14:04:10,158 - INFO - test_loginpage.py - 77 - Logging out.......
2026-02-26 14:04:10,158 - INFO - test_loginpage.py - 77 - Logging out.......
2026-02-26 14:04:10,586 - INFO - test_loginpage.py - 79 - Logged-out Successfully........
2026-02-26 14:04:10,586 - INFO - test_loginpage.py - 79 - Logged-out Successfully........
2026-02-26 14:04:10,621 - INFO - test_loginpage.py - 62 - Launching application login page: 'https://apps.credence.in/login.html'.....
2026-02-26 14:04:10,621 - INFO - test_loginpage.py - 62 - Launching application login page: 'https://apps.credence.in/login.html'.....
2026-02-26 14:04:10,826 - INFO - test_loginpage.py - 66 - Setting username field.....
2026-02-26 14:04:10,826 - INFO - test_loginpage.py - 66 - Setting username field.....
2026-02-26 14:04:10,857 - INFO - test_loginpage.py - 68 - Setting password field.....
2026-02-26 14:04:10,857 - INFO - test_loginpage.py - 68 - Setting password field.....
2026-02-26 14:04:10,869 - INFO - test_loginpage.py - 70 - Clicking login button.....
2026-02-26 14:04:10,869 - INFO - test_loginpage.py - 70 - Clicking login button.....
2026-02-26 14:04:21,452 - INFO - test_loginpage.py - 83 - User : Testuser0123 logged in Failed and taking screenshot..... 
2026-02-26 14:04:21,452 - INFO - test_loginpage.py - 83 - User : Testuser0123 logged in Failed and taking screenshot..... 
2026-02-26 14:04:21,569 - INFO - test_loginpage.py - 62 - Launching application login page: 'https://apps.credence.in/login.html'.....
2026-02-26 14:04:21,569 - INFO - test_loginpage.py - 62 - Launching application login page: 'https://apps.credence.in/login.html'.....
2026-02-26 14:04:21,787 - INFO - test_loginpage.py - 66 - Setting username field.....
2026-02-26 14:04:21,787 - INFO - test_loginpage.py - 66 - Setting username field.....
2026-02-26 14:04:21,806 - INFO - test_loginpage.py - 68 - Setting password field.....
2026-02-26 14:04:21,806 - INFO - test_loginpage.py - 68 - Setting password field.....
2026-02-26 14:04:21,852 - INFO - test_loginpage.py - 70 - Clicking login button.....
2026-02-26 14:04:21,852 - INFO - test_loginpage.py - 70 - Clicking login button.....
2026-02-26 14:04:32,441 - INFO - test_loginpage.py - 83 - User : Testuser012 logged in Failed and taking screenshot..... 
2026-02-26 14:04:32,441 - INFO - test_loginpage.py - 83 - User : Testuser012 logged in Failed and taking screenshot..... 
2026-02-26 14:04:32,556 - INFO - test_loginpage.py - 62 - Launching application login page: 'https://apps.credence.in/login.html'.....
2026-02-26 14:04:32,556 - INFO - test_loginpage.py - 62 - Launching application login page: 'https://apps.credence.in/login.html'.....
2026-02-26 14:04:32,762 - INFO - test_loginpage.py - 66 - Setting username field.....
2026-02-26 14:04:32,762 - INFO - test_loginpage.py - 66 - Setting username field.....
2026-02-26 14:04:32,811 - INFO - test_loginpage.py - 68 - Setting password field.....
2026-02-26 14:04:32,811 - INFO - test_loginpage.py - 68 - Setting password field.....
2026-02-26 14:04:32,861 - INFO - test_loginpage.py - 70 - Clicking login button.....
2026-02-26 14:04:32,861 - INFO - test_loginpage.py - 70 - Clicking login button.....
2026-02-26 14:04:43,465 - INFO - test_loginpage.py - 83 - User : Testuser0123 logged in Failed and taking screenshot..... 
2026-02-26 14:04:43,465 - INFO - test_loginpage.py - 83 - User : Testuser0123 logged in Failed and taking screenshot..... 
2026-02-26 17:22:08,065 - INFO - test_registrationpage.py - 26 - launching registration page url: https://apps.credence.in/user.html....
2026-02-26 17:22:08,065 - INFO - test_registrationpage.py - 26 - launching registration page url: https://apps.credence.in/user.html....
2026-02-26 17:22:08,065 - INFO - test_registrationpage.py - 26 - launching registration page url: https://apps.credence.in/user.html....
2026-02-26 17:22:09,736 - INFO - test_registrationpage.py - 30 - Landed on registration page successfully and taking screenshots....
2026-02-26 17:22:09,736 - INFO - test_registrationpage.py - 30 - Landed on registration page successfully and taking screenshots....
2026-02-26 17:22:09,736 - INFO - test_registrationpage.py - 30 - Landed on registration page successfully and taking screenshots....
2026-02-26 17:23:08,297 - INFO - test_registrationpage.py - 26 - launching registration page url: https://apps.credence.in/user.html....
2026-02-26 17:23:08,297 - INFO - test_registrationpage.py - 26 - launching registration page url: https://apps.credence.in/user.html....
2026-02-26 17:23:08,297 - INFO - test_registrationpage.py - 26 - launching registration page url: https://apps.credence.in/user.html....
2026-02-26 17:23:11,205 - INFO - test_registrationpage.py - 30 - Landed on registration page successfully and taking screenshots....
2026-02-26 17:23:11,205 - INFO - test_registrationpage.py - 30 - Landed on registration page successfully and taking screenshots....
2026-02-26 17:23:11,205 - INFO - test_registrationpage.py - 30 - Landed on registration page successfully and taking screenshots....
2026-02-26 22:23:10,356 - INFO - test_registrationpage.py - 38 - launching registration page url: https://apps.credence.in/user.html....
2026-02-26 22:23:10,356 - INFO - test_registrationpage.py - 38 - launching registration page url: https://apps.credence.in/user.html....
2026-02-26 22:23:10,356 - INFO - test_registrationpage.py - 38 - launching registration page url: https://apps.credence.in/user.html....
2026-02-26 22:23:12,467 - INFO - test_registrationpage.py - 41 - Setting user name....................
2026-02-26 22:23:12,467 - INFO - test_registrationpage.py - 41 - Setting user name....................
2026-02-26 22:23:12,467 - INFO - test_registrationpage.py - 41 - Setting user name....................
2026-02-26 22:23:12,622 - INFO - test_registrationpage.py - 43 - Setting password....................
2026-02-26 22:23:12,622 - INFO - test_registrationpage.py - 43 - Setting password....................
2026-02-26 22:23:12,622 - INFO - test_registrationpage.py - 43 - Setting password....................
2026-02-26 22:23:12,716 - INFO - test_registrationpage.py - 45 - Setting email....................
2026-02-26 22:23:12,716 - INFO - test_registrationpage.py - 45 - Setting email....................
2026-02-26 22:23:12,716 - INFO - test_registrationpage.py - 45 - Setting email....................
2026-02-26 22:23:12,773 - INFO - test_registrationpage.py - 47 - Setting phone number....................
2026-02-26 22:23:12,773 - INFO - test_registrationpage.py - 47 - Setting phone number....................
2026-02-26 22:23:12,773 - INFO - test_registrationpage.py - 47 - Setting phone number....................
2026-02-26 22:23:12,853 - INFO - test_registrationpage.py - 49 - Clicking on Create user button....................
2026-02-26 22:23:12,853 - INFO - test_registrationpage.py - 49 - Clicking on Create user button....................
2026-02-26 22:23:12,853 - INFO - test_registrationpage.py - 49 - Clicking on Create user button....................
2026-02-26 22:25:16,473 - INFO - test_registrationpage.py - 38 - launching registration page url: https://apps.credence.in/user.html....
2026-02-26 22:25:16,473 - INFO - test_registrationpage.py - 38 - launching registration page url: https://apps.credence.in/user.html....
2026-02-26 22:25:16,473 - INFO - test_registrationpage.py - 38 - launching registration page url: https://apps.credence.in/user.html....
2026-02-26 22:25:17,381 - INFO - test_registrationpage.py - 41 - Setting user name....................
2026-02-26 22:25:17,381 - INFO - test_registrationpage.py - 41 - Setting user name....................
2026-02-26 22:25:17,381 - INFO - test_registrationpage.py - 41 - Setting user name....................
2026-02-26 22:25:17,494 - INFO - test_registrationpage.py - 43 - Setting password....................
2026-02-26 22:25:17,494 - INFO - test_registrationpage.py - 43 - Setting password....................
2026-02-26 22:25:17,494 - INFO - test_registrationpage.py - 43 - Setting password....................
2026-02-26 22:25:17,582 - INFO - test_registrationpage.py - 45 - Setting email....................
2026-02-26 22:25:17,582 - INFO - test_registrationpage.py - 45 - Setting email....................
2026-02-26 22:25:17,582 - INFO - test_registrationpage.py - 45 - Setting email....................
2026-02-26 22:25:17,658 - INFO - test_registrationpage.py - 47 - Setting phone number....................
2026-02-26 22:25:17,658 - INFO - test_registrationpage.py - 47 - Setting phone number....................
2026-02-26 22:25:17,658 - INFO - test_registrationpage.py - 47 - Setting phone number....................
2026-02-26 22:25:17,714 - INFO - test_registrationpage.py - 49 - Clicking on Create user button....................
2026-02-26 22:25:17,714 - INFO - test_registrationpage.py - 49 - Clicking on Create user button....................
2026-02-26 22:25:17,714 - INFO - test_registrationpage.py - 49 - Clicking on Create user button....................
2026-02-26 22:27:02,350 - INFO - test_registrationpage.py - 38 - launching registration page url: https://apps.credence.in/user.html....
2026-02-26 22:27:02,350 - INFO - test_registrationpage.py - 38 - launching registration page url: https://apps.credence.in/user.html....
2026-02-26 22:27:02,350 - INFO - test_registrationpage.py - 38 - launching registration page url: https://apps.credence.in/user.html....
2026-02-26 22:27:03,089 - INFO - test_registrationpage.py - 41 - Setting user name....................
2026-02-26 22:27:03,089 - INFO - test_registrationpage.py - 41 - Setting user name....................
2026-02-26 22:27:03,089 - INFO - test_registrationpage.py - 41 - Setting user name....................
2026-02-26 22:27:03,203 - INFO - test_registrationpage.py - 43 - Setting password....................
2026-02-26 22:27:03,203 - INFO - test_registrationpage.py - 43 - Setting password....................
2026-02-26 22:27:03,203 - INFO - test_registrationpage.py - 43 - Setting password....................
2026-02-26 22:27:03,278 - INFO - test_registrationpage.py - 45 - Setting email....................
2026-02-26 22:27:03,278 - INFO - test_registrationpage.py - 45 - Setting email....................
2026-02-26 22:27:03,278 - INFO - test_registrationpage.py - 45 - Setting email....................
2026-02-26 22:27:03,346 - INFO - test_registrationpage.py - 47 - Setting phone number....................
2026-02-26 22:27:03,346 - INFO - test_registrationpage.py - 47 - Setting phone number....................
2026-02-26 22:27:03,346 - INFO - test_registrationpage.py - 47 - Setting phone number....................
2026-02-26 22:27:03,405 - INFO - test_registrationpage.py - 49 - Clicking on Create user button....................
2026-02-26 22:27:03,405 - INFO - test_registrationpage.py - 49 - Clicking on Create user button....................
2026-02-26 22:27:03,405 - INFO - test_registrationpage.py - 49 - Clicking on Create user button....................
2026-02-26 22:27:04,158 - INFO - test_registrationpage.py - 54 - User: jonestiffany created successfully and taking screenshots....................
2026-02-26 22:27:04,158 - INFO - test_registrationpage.py - 54 - User: jonestiffany created successfully and taking screenshots....................
2026-02-26 22:27:04,158 - INFO - test_registrationpage.py - 54 - User: jonestiffany created successfully and taking screenshots....................
2026-02-26 22:28:12,779 - INFO - test_registrationpage.py - 38 - launching registration page url: https://apps.credence.in/user.html....
2026-02-26 22:28:12,779 - INFO - test_registrationpage.py - 38 - launching registration page url: https://apps.credence.in/user.html....
2026-02-26 22:28:12,779 - INFO - test_registrationpage.py - 38 - launching registration page url: https://apps.credence.in/user.html....
2026-02-26 22:28:14,334 - INFO - test_registrationpage.py - 41 - Setting user name....................
2026-02-26 22:28:14,334 - INFO - test_registrationpage.py - 41 - Setting user name....................
2026-02-26 22:28:14,334 - INFO - test_registrationpage.py - 41 - Setting user name....................
2026-02-26 22:28:14,457 - INFO - test_registrationpage.py - 43 - Setting password....................
2026-02-26 22:28:14,457 - INFO - test_registrationpage.py - 43 - Setting password....................
2026-02-26 22:28:14,457 - INFO - test_registrationpage.py - 43 - Setting password....................
2026-02-26 22:28:14,530 - INFO - test_registrationpage.py - 45 - Setting email....................
2026-02-26 22:28:14,530 - INFO - test_registrationpage.py - 45 - Setting email....................
2026-02-26 22:28:14,530 - INFO - test_registrationpage.py - 45 - Setting email....................
2026-02-26 22:28:14,585 - INFO - test_registrationpage.py - 47 - Setting phone number....................
2026-02-26 22:28:14,585 - INFO - test_registrationpage.py - 47 - Setting phone number....................
2026-02-26 22:28:14,585 - INFO - test_registrationpage.py - 47 - Setting phone number....................
2026-02-26 22:28:14,652 - INFO - test_registrationpage.py - 49 - Clicking on Create user button....................
2026-02-26 22:28:14,652 - INFO - test_registrationpage.py - 49 - Clicking on Create user button....................
2026-02-26 22:28:14,652 - INFO - test_registrationpage.py - 49 - Clicking on Create user button....................
2026-02-26 22:32:25,151 - INFO - test_registrationpage.py - 38 - launching registration page url: https://apps.credence.in/user.html....
2026-02-26 22:32:25,151 - INFO - test_registrationpage.py - 38 - launching registration page url: https://apps.credence.in/user.html....
2026-02-26 22:32:25,151 - INFO - test_registrationpage.py - 38 - launching registration page url: https://apps.credence.in/user.html....
2026-02-26 22:32:26,111 - INFO - test_registrationpage.py - 41 - Setting user name....................
2026-02-26 22:32:26,111 - INFO - test_registrationpage.py - 41 - Setting user name....................
2026-02-26 22:32:26,111 - INFO - test_registrationpage.py - 41 - Setting user name....................
2026-02-26 22:32:26,254 - INFO - test_registrationpage.py - 43 - Setting password....................
2026-02-26 22:32:26,254 - INFO - test_registrationpage.py - 43 - Setting password....................
2026-02-26 22:32:26,254 - INFO - test_registrationpage.py - 43 - Setting password....................
2026-02-26 22:32:26,342 - INFO - test_registrationpage.py - 45 - Setting email....................
2026-02-26 22:32:26,342 - INFO - test_registrationpage.py - 45 - Setting email....................
2026-02-26 22:32:26,342 - INFO - test_registrationpage.py - 45 - Setting email....................
2026-02-26 22:32:26,400 - INFO - test_registrationpage.py - 47 - Setting phone number....................
2026-02-26 22:32:26,400 - INFO - test_registrationpage.py - 47 - Setting phone number....................
2026-02-26 22:32:26,400 - INFO - test_registrationpage.py - 47 - Setting phone number....................
2026-02-26 22:32:26,470 - INFO - test_registrationpage.py - 49 - Clicking on Create user button....................
2026-02-26 22:32:26,470 - INFO - test_registrationpage.py - 49 - Clicking on Create user button....................
2026-02-26 22:32:26,470 - INFO - test_registrationpage.py - 49 - Clicking on Create user button....................
2026-02-26 22:36:33,569 - INFO - test_registrationpage.py - 38 - launching registration page url: https://apps.credence.in/user.html....
2026-02-26 22:36:33,569 - INFO - test_registrationpage.py - 38 - launching registration page url: https://apps.credence.in/user.html....
2026-02-26 22:36:33,569 - INFO - test_registrationpage.py - 38 - launching registration page url: https://apps.credence.in/user.html....
2026-02-26 22:36:34,578 - INFO - test_registrationpage.py - 41 - Setting user name....................
2026-02-26 22:36:34,578 - INFO - test_registrationpage.py - 41 - Setting user name....................
2026-02-26 22:36:34,578 - INFO - test_registrationpage.py - 41 - Setting user name....................
2026-02-26 22:36:34,667 - INFO - test_registrationpage.py - 43 - Setting password....................
2026-02-26 22:36:34,667 - INFO - test_registrationpage.py - 43 - Setting password....................
2026-02-26 22:36:34,667 - INFO - test_registrationpage.py - 43 - Setting password....................
2026-02-26 22:36:34,725 - INFO - test_registrationpage.py - 45 - Setting email....................
2026-02-26 22:36:34,725 - INFO - test_registrationpage.py - 45 - Setting email....................
2026-02-26 22:36:34,725 - INFO - test_registrationpage.py - 45 - Setting email....................
2026-02-26 22:36:34,785 - INFO - test_registrationpage.py - 47 - Setting phone number....................
2026-02-26 22:36:34,785 - INFO - test_registrationpage.py - 47 - Setting phone number....................
2026-02-26 22:36:34,785 - INFO - test_registrationpage.py - 47 - Setting phone number....................
2026-02-26 22:36:34,844 - INFO - test_registrationpage.py - 49 - Clicking on Create user button....................
2026-02-26 22:36:34,844 - INFO - test_registrationpage.py - 49 - Clicking on Create user button....................
2026-02-26 22:36:34,844 - INFO - test_registrationpage.py - 49 - Clicking on Create user button....................
2026-02-26 22:38:06,011 - INFO - test_registrationpage.py - 38 - launching registration page url: https://apps.credence.in/user.html....
2026-02-26 22:38:06,011 - INFO - test_registrationpage.py - 38 - launching registration page url: https://apps.credence.in/user.html....
2026-02-26 22:38:06,011 - INFO - test_registrationpage.py - 38 - launching registration page url: https://apps.credence.in/user.html....
2026-02-26 22:38:06,989 - INFO - test_registrationpage.py - 41 - Setting user name....................
2026-02-26 22:38:06,989 - INFO - test_registrationpage.py - 41 - Setting user name....................
2026-02-26 22:38:06,989 - INFO - test_registrationpage.py - 41 - Setting user name....................
2026-02-26 22:38:07,088 - INFO - test_registrationpage.py - 43 - Setting password....................
2026-02-26 22:38:07,088 - INFO - test_registrationpage.py - 43 - Setting password....................
2026-02-26 22:38:07,088 - INFO - test_registrationpage.py - 43 - Setting password....................
2026-02-26 22:38:07,190 - INFO - test_registrationpage.py - 45 - Setting email....................
2026-02-26 22:38:07,190 - INFO - test_registrationpage.py - 45 - Setting email....................
2026-02-26 22:38:07,190 - INFO - test_registrationpage.py - 45 - Setting email....................
2026-02-26 22:38:07,257 - INFO - test_registrationpage.py - 47 - Setting phone number....................
2026-02-26 22:38:07,257 - INFO - test_registrationpage.py - 47 - Setting phone number....................
2026-02-26 22:38:07,257 - INFO - test_registrationpage.py - 47 - Setting phone number....................
2026-02-26 22:38:07,321 - INFO - test_registrationpage.py - 49 - Clicking on Create user button....................
2026-02-26 22:38:07,321 - INFO - test_registrationpage.py - 49 - Clicking on Create user button....................
2026-02-26 22:38:07,321 - INFO - test_registrationpage.py - 49 - Clicking on Create user button....................
2026-02-26 22:38:49,875 - INFO - test_registrationpage.py - 38 - launching registration page url: https://apps.credence.in/user.html....
2026-02-26 22:38:49,875 - INFO - test_registrationpage.py - 38 - launching registration page url: https://apps.credence.in/user.html....
2026-02-26 22:38:49,875 - INFO - test_registrationpage.py - 38 - launching registration page url: https://apps.credence.in/user.html....
2026-02-26 22:38:50,663 - INFO - test_registrationpage.py - 41 - Setting user name....................
2026-02-26 22:38:50,663 - INFO - test_registrationpage.py - 41 - Setting user name....................
2026-02-26 22:38:50,663 - INFO - test_registrationpage.py - 41 - Setting user name....................
2026-02-26 22:38:50,795 - INFO - test_registrationpage.py - 43 - Setting password....................
2026-02-26 22:38:50,795 - INFO - test_registrationpage.py - 43 - Setting password....................
2026-02-26 22:38:50,795 - INFO - test_registrationpage.py - 43 - Setting password....................
2026-02-26 22:38:50,897 - INFO - test_registrationpage.py - 45 - Setting email....................
2026-02-26 22:38:50,897 - INFO - test_registrationpage.py - 45 - Setting email....................
2026-02-26 22:38:50,897 - INFO - test_registrationpage.py - 45 - Setting email....................
2026-02-26 22:38:50,982 - INFO - test_registrationpage.py - 47 - Setting phone number....................
2026-02-26 22:38:50,982 - INFO - test_registrationpage.py - 47 - Setting phone number....................
2026-02-26 22:38:50,982 - INFO - test_registrationpage.py - 47 - Setting phone number....................
2026-02-26 22:38:51,028 - INFO - test_registrationpage.py - 49 - Clicking on Create user button....................
2026-02-26 22:38:51,028 - INFO - test_registrationpage.py - 49 - Clicking on Create user button....................
2026-02-26 22:38:51,028 - INFO - test_registrationpage.py - 49 - Clicking on Create user button....................
2026-02-26 22:42:50,488 - INFO - test_registrationpage.py - 38 - launching registration page url: https://apps.credence.in/user.html....
2026-02-26 22:42:50,488 - INFO - test_registrationpage.py - 38 - launching registration page url: https://apps.credence.in/user.html....
2026-02-26 22:42:50,488 - INFO - test_registrationpage.py - 38 - launching registration page url: https://apps.credence.in/user.html....
2026-02-26 22:42:51,680 - INFO - test_registrationpage.py - 41 - Setting user name....................
2026-02-26 22:42:51,680 - INFO - test_registrationpage.py - 41 - Setting user name....................
2026-02-26 22:42:51,680 - INFO - test_registrationpage.py - 41 - Setting user name....................
2026-02-26 22:42:51,765 - INFO - test_registrationpage.py - 43 - Setting password....................
2026-02-26 22:42:51,765 - INFO - test_registrationpage.py - 43 - Setting password....................
2026-02-26 22:42:51,765 - INFO - test_registrationpage.py - 43 - Setting password....................
2026-02-26 22:42:51,819 - INFO - test_registrationpage.py - 45 - Setting email....................
2026-02-26 22:42:51,819 - INFO - test_registrationpage.py - 45 - Setting email....................
2026-02-26 22:42:51,819 - INFO - test_registrationpage.py - 45 - Setting email....................
2026-02-26 22:42:51,912 - INFO - test_registrationpage.py - 47 - Setting phone number....................
2026-02-26 22:42:51,912 - INFO - test_registrationpage.py - 47 - Setting phone number....................
2026-02-26 22:42:51,912 - INFO - test_registrationpage.py - 47 - Setting phone number....................
2026-02-26 22:42:51,986 - INFO - test_registrationpage.py - 49 - Clicking on Create user button....................
2026-02-26 22:42:51,986 - INFO - test_registrationpage.py - 49 - Clicking on Create user button....................
2026-02-26 22:42:51,986 - INFO - test_registrationpage.py - 49 - Clicking on Create user button....................
2026-02-26 22:49:53,796 - INFO - test_registrationpage.py - 38 - launching registration page url: https://apps.credence.in/user.html....
2026-02-26 22:49:53,796 - INFO - test_registrationpage.py - 38 - launching registration page url: https://apps.credence.in/user.html....
2026-02-26 22:49:53,796 - INFO - test_registrationpage.py - 38 - launching registration page url: https://apps.credence.in/user.html....
2026-02-26 22:49:55,201 - INFO - test_registrationpage.py - 41 - Setting user name....................
2026-02-26 22:49:55,201 - INFO - test_registrationpage.py - 41 - Setting user name....................
2026-02-26 22:49:55,201 - INFO - test_registrationpage.py - 41 - Setting user name....................
2026-02-26 22:49:55,278 - INFO - test_registrationpage.py - 43 - Setting password....................
2026-02-26 22:49:55,278 - INFO - test_registrationpage.py - 43 - Setting password....................
2026-02-26 22:49:55,278 - INFO - test_registrationpage.py - 43 - Setting password....................
2026-02-26 22:49:55,292 - INFO - test_registrationpage.py - 45 - Setting email....................
2026-02-26 22:49:55,292 - INFO - test_registrationpage.py - 45 - Setting email....................
2026-02-26 22:49:55,292 - INFO - test_registrationpage.py - 45 - Setting email....................
2026-02-26 22:49:55,311 - INFO - test_registrationpage.py - 47 - Setting phone number....................
2026-02-26 22:49:55,311 - INFO - test_registrationpage.py - 47 - Setting phone number....................
2026-02-26 22:49:55,311 - INFO - test_registrationpage.py - 47 - Setting phone number....................
2026-02-26 22:49:55,327 - INFO - test_registrationpage.py - 49 - Clicking on Create user button....................
2026-02-26 22:49:55,327 - INFO - test_registrationpage.py - 49 - Clicking on Create user button....................
2026-02-26 22:49:55,327 - INFO - test_registrationpage.py - 49 - Clicking on Create user button....................
2026-02-26 22:53:38,330 - INFO - test_registrationpage.py - 38 - launching registration page url: https://apps.credence.in/user.html....
2026-02-26 22:53:38,330 - INFO - test_registrationpage.py - 38 - launching registration page url: https://apps.credence.in/user.html....
2026-02-26 22:53:38,330 - INFO - test_registrationpage.py - 38 - launching registration page url: https://apps.credence.in/user.html....
2026-02-26 22:53:39,353 - INFO - test_registrationpage.py - 41 - Setting user name....................
2026-02-26 22:53:39,353 - INFO - test_registrationpage.py - 41 - Setting user name....................
2026-02-26 22:53:39,353 - INFO - test_registrationpage.py - 41 - Setting user name....................
2026-02-26 22:53:39,447 - INFO - test_registrationpage.py - 43 - Setting password....................
2026-02-26 22:53:39,447 - INFO - test_registrationpage.py - 43 - Setting password....................
2026-02-26 22:53:39,447 - INFO - test_registrationpage.py - 43 - Setting password....................
2026-02-26 22:53:39,476 - INFO - test_registrationpage.py - 45 - Setting email....................
2026-02-26 22:53:39,476 - INFO - test_registrationpage.py - 45 - Setting email....................
2026-02-26 22:53:39,476 - INFO - test_registrationpage.py - 45 - Setting email....................
2026-02-26 22:53:39,496 - INFO - test_registrationpage.py - 47 - Setting phone number....................
2026-02-26 22:53:39,496 - INFO - test_registrationpage.py - 47 - Setting phone number....................
2026-02-26 22:53:39,496 - INFO - test_registrationpage.py - 47 - Setting phone number....................
2026-02-26 22:53:39,509 - INFO - test_registrationpage.py - 49 - Clicking on Create user button....................
2026-02-26 22:53:39,509 - INFO - test_registrationpage.py - 49 - Clicking on Create user button....................
2026-02-26 22:53:39,509 - INFO - test_registrationpage.py - 49 - Clicking on Create user button....................
2026-02-26 22:54:40,143 - INFO - test_registrationpage.py - 38 - launching registration page url: https://apps.credence.in/user.html....
2026-02-26 22:54:40,143 - INFO - test_registrationpage.py - 38 - launching registration page url: https://apps.credence.in/user.html....
2026-02-26 22:54:40,143 - INFO - test_registrationpage.py - 38 - launching registration page url: https://apps.credence.in/user.html....
2026-02-26 22:54:42,226 - INFO - test_registrationpage.py - 41 - Setting user name....................
2026-02-26 22:54:42,226 - INFO - test_registrationpage.py - 41 - Setting user name....................
2026-02-26 22:54:42,226 - INFO - test_registrationpage.py - 41 - Setting user name....................
2026-02-26 22:54:42,300 - INFO - test_registrationpage.py - 43 - Setting password....................
2026-02-26 22:54:42,300 - INFO - test_registrationpage.py - 43 - Setting password....................
2026-02-26 22:54:42,300 - INFO - test_registrationpage.py - 43 - Setting password....................
2026-02-26 22:54:42,322 - INFO - test_registrationpage.py - 45 - Setting email....................
2026-02-26 22:54:42,322 - INFO - test_registrationpage.py - 45 - Setting email....................
2026-02-26 22:54:42,322 - INFO - test_registrationpage.py - 45 - Setting email....................
2026-02-26 22:54:42,340 - INFO - test_registrationpage.py - 47 - Setting phone number....................
2026-02-26 22:54:42,340 - INFO - test_registrationpage.py - 47 - Setting phone number....................
2026-02-26 22:54:42,340 - INFO - test_registrationpage.py - 47 - Setting phone number....................
2026-02-26 22:54:42,574 - INFO - test_registrationpage.py - 49 - Clicking on Create user button....................
2026-02-26 22:54:42,574 - INFO - test_registrationpage.py - 49 - Clicking on Create user button....................
2026-02-26 22:54:42,574 - INFO - test_registrationpage.py - 49 - Clicking on Create user button....................
2026-02-26 22:56:01,069 - INFO - test_registrationpage.py - 39 - launching registration page url: https://apps.credence.in/user.html....
2026-02-26 22:56:01,069 - INFO - test_registrationpage.py - 39 - launching registration page url: https://apps.credence.in/user.html....
2026-02-26 22:56:01,069 - INFO - test_registrationpage.py - 39 - launching registration page url: https://apps.credence.in/user.html....
2026-02-26 22:56:02,204 - INFO - test_registrationpage.py - 42 - Setting user name....................
2026-02-26 22:56:02,204 - INFO - test_registrationpage.py - 42 - Setting user name....................
2026-02-26 22:56:02,204 - INFO - test_registrationpage.py - 42 - Setting user name....................
2026-02-26 22:56:02,290 - INFO - test_registrationpage.py - 44 - Setting password....................
2026-02-26 22:56:02,290 - INFO - test_registrationpage.py - 44 - Setting password....................
2026-02-26 22:56:02,290 - INFO - test_registrationpage.py - 44 - Setting password....................
2026-02-26 22:56:02,314 - INFO - test_registrationpage.py - 46 - Setting email....................
2026-02-26 22:56:02,314 - INFO - test_registrationpage.py - 46 - Setting email....................
2026-02-26 22:56:02,314 - INFO - test_registrationpage.py - 46 - Setting email....................
2026-02-26 22:56:02,332 - INFO - test_registrationpage.py - 48 - Setting phone number....................
2026-02-26 22:56:02,332 - INFO - test_registrationpage.py - 48 - Setting phone number....................
2026-02-26 22:56:02,332 - INFO - test_registrationpage.py - 48 - Setting phone number....................
2026-02-26 22:56:02,349 - INFO - test_registrationpage.py - 50 - Clicking on Create user button....................
2026-02-26 22:56:02,349 - INFO - test_registrationpage.py - 50 - Clicking on Create user button....................
2026-02-26 22:56:02,349 - INFO - test_registrationpage.py - 50 - Clicking on Create user button....................
2026-02-26 22:56:12,470 - INFO - test_registrationpage.py - 60 - User: spencerwesley already exists and taking screenshots....................
2026-02-26 22:56:12,470 - INFO - test_registrationpage.py - 60 - User: spencerwesley already exists and taking screenshots....................
2026-02-26 22:56:12,470 - INFO - test_registrationpage.py - 60 - User: spencerwesley already exists and taking screenshots....................
2026-02-26 22:56:54,173 - INFO - test_registrationpage.py - 38 - launching registration page url: https://apps.credence.in/user.html....
2026-02-26 22:56:54,173 - INFO - test_registrationpage.py - 38 - launching registration page url: https://apps.credence.in/user.html....
2026-02-26 22:56:54,173 - INFO - test_registrationpage.py - 38 - launching registration page url: https://apps.credence.in/user.html....
2026-02-26 22:56:55,091 - INFO - test_registrationpage.py - 41 - Setting user name....................
2026-02-26 22:56:55,091 - INFO - test_registrationpage.py - 41 - Setting user name....................
2026-02-26 22:56:55,091 - INFO - test_registrationpage.py - 41 - Setting user name....................
2026-02-26 22:56:55,211 - INFO - test_registrationpage.py - 43 - Setting password....................
2026-02-26 22:56:55,211 - INFO - test_registrationpage.py - 43 - Setting password....................
2026-02-26 22:56:55,211 - INFO - test_registrationpage.py - 43 - Setting password....................
2026-02-26 22:56:55,236 - INFO - test_registrationpage.py - 45 - Setting email....................
2026-02-26 22:56:55,236 - INFO - test_registrationpage.py - 45 - Setting email....................
2026-02-26 22:56:55,236 - INFO - test_registrationpage.py - 45 - Setting email....................
2026-02-26 22:56:55,265 - INFO - test_registrationpage.py - 47 - Setting phone number....................
2026-02-26 22:56:55,265 - INFO - test_registrationpage.py - 47 - Setting phone number....................
2026-02-26 22:56:55,265 - INFO - test_registrationpage.py - 47 - Setting phone number....................
2026-02-26 22:56:55,286 - INFO - test_registrationpage.py - 49 - Clicking on Create user button....................
2026-02-26 22:56:55,286 - INFO - test_registrationpage.py - 49 - Clicking on Create user button....................
2026-02-26 22:56:55,286 - INFO - test_registrationpage.py - 49 - Clicking on Create user button....................
2026-02-26 22:57:54,957 - INFO - test_registrationpage.py - 39 - launching registration page url: https://apps.credence.in/user.html....
2026-02-26 22:57:54,957 - INFO - test_registrationpage.py - 39 - launching registration page url: https://apps.credence.in/user.html....
2026-02-26 22:57:54,957 - INFO - test_registrationpage.py - 39 - launching registration page url: https://apps.credence.in/user.html....
2026-02-26 22:57:55,786 - INFO - test_registrationpage.py - 42 - Setting user name....................
2026-02-26 22:57:55,786 - INFO - test_registrationpage.py - 42 - Setting user name....................
2026-02-26 22:57:55,786 - INFO - test_registrationpage.py - 42 - Setting user name....................
2026-02-26 22:57:55,885 - INFO - test_registrationpage.py - 44 - Setting password....................
2026-02-26 22:57:55,885 - INFO - test_registrationpage.py - 44 - Setting password....................
2026-02-26 22:57:55,885 - INFO - test_registrationpage.py - 44 - Setting password....................
2026-02-26 22:57:55,906 - INFO - test_registrationpage.py - 46 - Setting email....................
2026-02-26 22:57:55,906 - INFO - test_registrationpage.py - 46 - Setting email....................
2026-02-26 22:57:55,906 - INFO - test_registrationpage.py - 46 - Setting email....................
2026-02-26 22:57:55,922 - INFO - test_registrationpage.py - 48 - Setting phone number....................
2026-02-26 22:57:55,922 - INFO - test_registrationpage.py - 48 - Setting phone number....................
2026-02-26 22:57:55,922 - INFO - test_registrationpage.py - 48 - Setting phone number....................
2026-02-26 22:57:55,941 - INFO - test_registrationpage.py - 50 - Clicking on Create user button....................
2026-02-26 22:57:55,941 - INFO - test_registrationpage.py - 50 - Clicking on Create user button....................
2026-02-26 22:57:55,941 - INFO - test_registrationpage.py - 50 - Clicking on Create user button....................
2026-02-26 22:58:06,063 - INFO - test_registrationpage.py - 60 - User: ghernandez already exists and taking screenshots....................
2026-02-26 22:58:06,063 - INFO - test_registrationpage.py - 60 - User: ghernandez already exists and taking screenshots....................
2026-02-26 22:58:06,063 - INFO - test_registrationpage.py - 60 - User: ghernandez already exists and taking screenshots....................
