2026-03-11 14:49:47,869 - INFO - test_homepage.py - 27 - launch home page url: https://apps.credence.in/.....
2026-03-11 14:49:47,869 - INFO - test_homepage.py - 27 - launch home page url: https://apps.credence.in/.....
2026-03-11 14:49:47,869 - INFO - test_homepage.py - 27 - launch home page url: https://apps.credence.in/.....
2026-03-11 14:49:47,869 - INFO - test_homepage.py - 27 - launch home page url: https://apps.credence.in/.....
2026-03-11 14:49:48,571 - INFO - test_homepage.py - 29 - landed on home page url and checking title.....
2026-03-11 14:49:48,571 - INFO - test_homepage.py - 29 - landed on home page url and checking title.....
2026-03-11 14:49:48,571 - INFO - test_homepage.py - 29 - landed on home page url and checking title.....
2026-03-11 14:49:48,571 - INFO - test_homepage.py - 29 - landed on home page url and checking title.....
2026-03-11 14:49:48,578 - INFO - test_homepage.py - 31 - Home page title is equal to Bank Application & taking screenshots...
2026-03-11 14:49:48,578 - INFO - test_homepage.py - 31 - Home page title is equal to Bank Application & taking screenshots...
2026-03-11 14:49:48,578 - INFO - test_homepage.py - 31 - Home page title is equal to Bank Application & taking screenshots...
2026-03-11 14:49:48,578 - INFO - test_homepage.py - 31 - Home page title is equal to Bank Application & taking screenshots...
2026-03-11 14:49:48,726 - INFO - test_homepage.py - 47 - launch home page url: https://apps.credence.in/.....
2026-03-11 14:49:48,726 - INFO - test_homepage.py - 47 - launch home page url: https://apps.credence.in/.....
2026-03-11 14:49:48,726 - INFO - test_homepage.py - 47 - launch home page url: https://apps.credence.in/.....
2026-03-11 14:49:48,726 - INFO - test_homepage.py - 47 - launch home page url: https://apps.credence.in/.....
2026-03-11 14:49:48,834 - INFO - test_homepage.py - 51 - Landed on home page and clicking on login...
2026-03-11 14:49:48,834 - INFO - test_homepage.py - 51 - Landed on home page and clicking on login...
2026-03-11 14:49:48,834 - INFO - test_homepage.py - 51 - Landed on home page and clicking on login...
2026-03-11 14:49:48,834 - INFO - test_homepage.py - 51 - Landed on home page and clicking on login...
2026-03-11 14:49:49,006 - INFO - test_homepage.py - 54 - Landed on Login page...
2026-03-11 14:49:49,006 - INFO - test_homepage.py - 54 - Landed on Login page...
2026-03-11 14:49:49,006 - INFO - test_homepage.py - 54 - Landed on Login page...
2026-03-11 14:49:49,006 - INFO - test_homepage.py - 54 - Landed on Login page...
2026-03-11 14:49:49,043 - INFO - test_homepage.py - 57 - Verifying login page heading...
2026-03-11 14:49:49,043 - INFO - test_homepage.py - 57 - Verifying login page heading...
2026-03-11 14:49:49,043 - INFO - test_homepage.py - 57 - Verifying login page heading...
2026-03-11 14:49:49,043 - INFO - test_homepage.py - 57 - Verifying login page heading...
2026-03-11 14:49:49,047 - INFO - test_homepage.py - 60 - login page heading verified & taking screenshots...
2026-03-11 14:49:49,047 - INFO - test_homepage.py - 60 - login page heading verified & taking screenshots...
2026-03-11 14:49:49,047 - INFO - test_homepage.py - 60 - login page heading verified & taking screenshots...
2026-03-11 14:49:49,047 - INFO - test_homepage.py - 60 - login page heading verified & taking screenshots...
2026-03-11 14:49:49,149 - INFO - test_homepage.py - 79 - launch home page url: https://apps.credence.in/.....
2026-03-11 14:49:49,149 - INFO - test_homepage.py - 79 - launch home page url: https://apps.credence.in/.....
2026-03-11 14:49:49,149 - INFO - test_homepage.py - 79 - launch home page url: https://apps.credence.in/.....
2026-03-11 14:49:49,149 - INFO - test_homepage.py - 79 - launch home page url: https://apps.credence.in/.....
2026-03-11 14:49:49,254 - INFO - test_homepage.py - 82 - Landed on home page and clicking on login page...
2026-03-11 14:49:49,254 - INFO - test_homepage.py - 82 - Landed on home page and clicking on login page...
2026-03-11 14:49:49,254 - INFO - test_homepage.py - 82 - Landed on home page and clicking on login page...
2026-03-11 14:49:49,254 - INFO - test_homepage.py - 82 - Landed on home page and clicking on login page...
2026-03-11 14:49:49,256 - INFO - test_homepage.py - 84 - Landed on Login page...
2026-03-11 14:49:49,256 - INFO - test_homepage.py - 84 - Landed on Login page...
2026-03-11 14:49:49,256 - INFO - test_homepage.py - 84 - Landed on Login page...
2026-03-11 14:49:49,256 - INFO - test_homepage.py - 84 - Landed on Login page...
2026-03-11 14:49:49,388 - INFO - test_homepage.py - 89 - Verifying login page heading...
2026-03-11 14:49:49,388 - INFO - test_homepage.py - 89 - Verifying login page heading...
2026-03-11 14:49:49,388 - INFO - test_homepage.py - 89 - Verifying login page heading...
2026-03-11 14:49:49,388 - INFO - test_homepage.py - 89 - Verifying login page heading...
2026-03-11 14:49:49,395 - INFO - test_homepage.py - 92 - login page heading verified & taking screenshots...
2026-03-11 14:49:49,395 - INFO - test_homepage.py - 92 - login page heading verified & taking screenshots...
2026-03-11 14:49:49,395 - INFO - test_homepage.py - 92 - login page heading verified & taking screenshots...
2026-03-11 14:49:49,395 - INFO - test_homepage.py - 92 - login page heading verified & taking screenshots...
2026-03-11 14:49:49,573 - INFO - test_homepage.py - 99 - Home page title is verified & taking screenshots...
2026-03-11 14:49:49,573 - INFO - test_homepage.py - 99 - Home page title is verified & taking screenshots...
2026-03-11 14:49:49,573 - INFO - test_homepage.py - 99 - Home page title is verified & taking screenshots...
2026-03-11 14:49:49,573 - INFO - test_homepage.py - 99 - Home page title is verified & taking screenshots...
2026-03-11 14:49:49,703 - INFO - test_homepage.py - 124 - launch home page url: https://apps.credence.in/.....
2026-03-11 14:49:49,703 - INFO - test_homepage.py - 124 - launch home page url: https://apps.credence.in/.....
2026-03-11 14:49:49,703 - INFO - test_homepage.py - 124 - launch home page url: https://apps.credence.in/.....
2026-03-11 14:49:49,703 - INFO - test_homepage.py - 124 - launch home page url: https://apps.credence.in/.....
2026-03-11 14:49:49,813 - INFO - test_homepage.py - 127 - landed on home page and clicking on signup...
2026-03-11 14:49:49,813 - INFO - test_homepage.py - 127 - landed on home page and clicking on signup...
2026-03-11 14:49:49,813 - INFO - test_homepage.py - 127 - landed on home page and clicking on signup...
2026-03-11 14:49:49,813 - INFO - test_homepage.py - 127 - landed on home page and clicking on signup...
2026-03-11 14:49:49,813 - INFO - test_homepage.py - 129 - Landed on signup page & verifying title...
2026-03-11 14:49:49,813 - INFO - test_homepage.py - 129 - Landed on signup page & verifying title...
2026-03-11 14:49:49,813 - INFO - test_homepage.py - 129 - Landed on signup page & verifying title...
2026-03-11 14:49:49,813 - INFO - test_homepage.py - 129 - Landed on signup page & verifying title...
2026-03-11 14:49:49,918 - INFO - test_homepage.py - 134 - Verifying Signup page heading...
2026-03-11 14:49:49,918 - INFO - test_homepage.py - 134 - Verifying Signup page heading...
2026-03-11 14:49:49,918 - INFO - test_homepage.py - 134 - Verifying Signup page heading...
2026-03-11 14:49:49,918 - INFO - test_homepage.py - 134 - Verifying Signup page heading...
2026-03-11 14:49:49,932 - INFO - test_homepage.py - 137 - Signup page heading verified & taking screenshots...
2026-03-11 14:49:49,932 - INFO - test_homepage.py - 137 - Signup page heading verified & taking screenshots...
2026-03-11 14:49:49,932 - INFO - test_homepage.py - 137 - Signup page heading verified & taking screenshots...
2026-03-11 14:49:49,932 - INFO - test_homepage.py - 137 - Signup page heading verified & taking screenshots...
2026-03-11 14:49:50,066 - INFO - test_homepage.py - 155 - launch home page url: https://apps.credence.in/.....
2026-03-11 14:49:50,066 - INFO - test_homepage.py - 155 - launch home page url: https://apps.credence.in/.....
2026-03-11 14:49:50,066 - INFO - test_homepage.py - 155 - launch home page url: https://apps.credence.in/.....
2026-03-11 14:49:50,066 - INFO - test_homepage.py - 155 - launch home page url: https://apps.credence.in/.....
2026-03-11 14:49:50,161 - INFO - test_homepage.py - 158 - Landed on home page and clicking on signup page...
2026-03-11 14:49:50,161 - INFO - test_homepage.py - 158 - Landed on home page and clicking on signup page...
2026-03-11 14:49:50,161 - INFO - test_homepage.py - 158 - Landed on home page and clicking on signup page...
2026-03-11 14:49:50,161 - INFO - test_homepage.py - 158 - Landed on home page and clicking on signup page...
2026-03-11 14:49:50,272 - INFO - test_homepage.py - 161 - Landed on signup page...
2026-03-11 14:49:50,272 - INFO - test_homepage.py - 161 - Landed on signup page...
2026-03-11 14:49:50,272 - INFO - test_homepage.py - 161 - Landed on signup page...
2026-03-11 14:49:50,272 - INFO - test_homepage.py - 161 - Landed on signup page...
2026-03-11 14:49:50,283 - INFO - test_homepage.py - 165 - Verifying signup page heading...
2026-03-11 14:49:50,283 - INFO - test_homepage.py - 165 - Verifying signup page heading...
2026-03-11 14:49:50,283 - INFO - test_homepage.py - 165 - Verifying signup page heading...
2026-03-11 14:49:50,283 - INFO - test_homepage.py - 165 - Verifying signup page heading...
2026-03-11 14:49:50,283 - INFO - test_homepage.py - 167 - signup page heading verified & taking screenshots...
2026-03-11 14:49:50,283 - INFO - test_homepage.py - 167 - signup page heading verified & taking screenshots...
2026-03-11 14:49:50,283 - INFO - test_homepage.py - 167 - signup page heading verified & taking screenshots...
2026-03-11 14:49:50,283 - INFO - test_homepage.py - 167 - signup page heading verified & taking screenshots...
2026-03-11 14:49:50,478 - INFO - test_homepage.py - 173 - Home page title is verified & taking screenshots...
2026-03-11 14:49:50,478 - INFO - test_homepage.py - 173 - Home page title is verified & taking screenshots...
2026-03-11 14:49:50,478 - INFO - test_homepage.py - 173 - Home page title is verified & taking screenshots...
2026-03-11 14:49:50,478 - INFO - test_homepage.py - 173 - Home page title is verified & taking screenshots...
2026-03-11 14:50:00,103 - INFO - test_loginpage.py - 26 - Launching application login page with url: 'https://apps.credence.in/login.html'.....
2026-03-11 14:50:00,103 - INFO - test_loginpage.py - 26 - Launching application login page with url: 'https://apps.credence.in/login.html'.....
2026-03-11 14:50:00,103 - INFO - test_loginpage.py - 26 - Launching application login page with url: 'https://apps.credence.in/login.html'.....
2026-03-11 14:50:00,103 - INFO - test_loginpage.py - 26 - Launching application login page with url: 'https://apps.credence.in/login.html'.....
2026-03-11 14:50:00,509 - INFO - test_loginpage.py - 29 - Checking page title.....
2026-03-11 14:50:00,509 - INFO - test_loginpage.py - 29 - Checking page title.....
2026-03-11 14:50:00,509 - INFO - test_loginpage.py - 29 - Checking page title.....
2026-03-11 14:50:00,509 - INFO - test_loginpage.py - 29 - Checking page title.....
2026-03-11 14:50:00,604 - INFO - test_loginpage.py - 31 - Application login page launched successfully and taking screenshot.....
2026-03-11 14:50:00,604 - INFO - test_loginpage.py - 31 - Application login page launched successfully and taking screenshot.....
2026-03-11 14:50:00,604 - INFO - test_loginpage.py - 31 - Application login page launched successfully and taking screenshot.....
2026-03-11 14:50:00,604 - INFO - test_loginpage.py - 31 - Application login page launched successfully and taking screenshot.....
2026-03-11 14:50:00,763 - INFO - test_loginpage.py - 49 - Launching application login page with username: 'https://apps.credence.in/login.html'.....
2026-03-11 14:50:00,763 - INFO - test_loginpage.py - 49 - Launching application login page with username: 'https://apps.credence.in/login.html'.....
2026-03-11 14:50:00,763 - INFO - test_loginpage.py - 49 - Launching application login page with username: 'https://apps.credence.in/login.html'.....
2026-03-11 14:50:00,763 - INFO - test_loginpage.py - 49 - Launching application login page with username: 'https://apps.credence.in/login.html'.....
2026-03-11 14:50:01,019 - INFO - test_loginpage.py - 53 - Setting username field.....
2026-03-11 14:50:01,019 - INFO - test_loginpage.py - 53 - Setting username field.....
2026-03-11 14:50:01,019 - INFO - test_loginpage.py - 53 - Setting username field.....
2026-03-11 14:50:01,019 - INFO - test_loginpage.py - 53 - Setting username field.....
2026-03-11 14:50:01,113 - INFO - test_loginpage.py - 55 - Setting password field.....
2026-03-11 14:50:01,113 - INFO - test_loginpage.py - 55 - Setting password field.....
2026-03-11 14:50:01,113 - INFO - test_loginpage.py - 55 - Setting password field.....
2026-03-11 14:50:01,113 - INFO - test_loginpage.py - 55 - Setting password field.....
2026-03-11 14:50:01,191 - INFO - test_loginpage.py - 57 - Clicking login button.....
2026-03-11 14:50:01,191 - INFO - test_loginpage.py - 57 - Clicking login button.....
2026-03-11 14:50:01,191 - INFO - test_loginpage.py - 57 - Clicking login button.....
2026-03-11 14:50:01,191 - INFO - test_loginpage.py - 57 - Clicking login button.....
2026-03-11 14:50:08,937 - INFO - test_loginpage.py - 61 - User : Testuser012 logged in Successfully and taking screenshot..... 
2026-03-11 14:50:08,937 - INFO - test_loginpage.py - 61 - User : Testuser012 logged in Successfully and taking screenshot..... 
2026-03-11 14:50:08,937 - INFO - test_loginpage.py - 61 - User : Testuser012 logged in Successfully and taking screenshot..... 
2026-03-11 14:50:08,937 - INFO - test_loginpage.py - 61 - User : Testuser012 logged in Successfully and taking screenshot..... 
2026-03-11 14:50:09,025 - INFO - test_loginpage.py - 64 - Logging out.......
2026-03-11 14:50:09,025 - INFO - test_loginpage.py - 64 - Logging out.......
2026-03-11 14:50:09,025 - INFO - test_loginpage.py - 64 - Logging out.......
2026-03-11 14:50:09,025 - INFO - test_loginpage.py - 64 - Logging out.......
2026-03-11 14:50:09,049 - INFO - test_loginpage.py - 66 - Logged-out Successfully........
2026-03-11 14:50:09,049 - INFO - test_loginpage.py - 66 - Logged-out Successfully........
2026-03-11 14:50:09,049 - INFO - test_loginpage.py - 66 - Logged-out Successfully........
2026-03-11 14:50:09,049 - INFO - test_loginpage.py - 66 - Logged-out Successfully........
2026-03-11 14:50:09,106 - INFO - test_loginpage.py - 87 - Launching application login page: 'https://apps.credence.in/login.html'.....
2026-03-11 14:50:09,106 - INFO - test_loginpage.py - 87 - Launching application login page: 'https://apps.credence.in/login.html'.....
2026-03-11 14:50:09,106 - INFO - test_loginpage.py - 87 - Launching application login page: 'https://apps.credence.in/login.html'.....
2026-03-11 14:50:09,106 - INFO - test_loginpage.py - 87 - Launching application login page: 'https://apps.credence.in/login.html'.....
2026-03-11 14:50:09,189 - INFO - test_loginpage.py - 91 - Setting username field.....
2026-03-11 14:50:09,189 - INFO - test_loginpage.py - 91 - Setting username field.....
2026-03-11 14:50:09,189 - INFO - test_loginpage.py - 91 - Setting username field.....
2026-03-11 14:50:09,189 - INFO - test_loginpage.py - 91 - Setting username field.....
2026-03-11 14:50:09,250 - INFO - test_loginpage.py - 93 - Setting password field.....
2026-03-11 14:50:09,250 - INFO - test_loginpage.py - 93 - Setting password field.....
2026-03-11 14:50:09,250 - INFO - test_loginpage.py - 93 - Setting password field.....
2026-03-11 14:50:09,250 - INFO - test_loginpage.py - 93 - Setting password field.....
2026-03-11 14:50:09,270 - INFO - test_loginpage.py - 95 - Clicking login button.....
2026-03-11 14:50:09,270 - INFO - test_loginpage.py - 95 - Clicking login button.....
2026-03-11 14:50:09,270 - INFO - test_loginpage.py - 95 - Clicking login button.....
2026-03-11 14:50:09,270 - INFO - test_loginpage.py - 95 - Clicking login button.....
2026-03-11 14:50:16,929 - INFO - test_loginpage.py - 100 - User : Testuser012 logged in Successfully and taking screenshot..... 
2026-03-11 14:50:16,929 - INFO - test_loginpage.py - 100 - User : Testuser012 logged in Successfully and taking screenshot..... 
2026-03-11 14:50:16,929 - INFO - test_loginpage.py - 100 - User : Testuser012 logged in Successfully and taking screenshot..... 
2026-03-11 14:50:16,929 - INFO - test_loginpage.py - 100 - User : Testuser012 logged in Successfully and taking screenshot..... 
2026-03-11 14:50:17,041 - INFO - test_loginpage.py - 103 - Logging out.......
2026-03-11 14:50:17,041 - INFO - test_loginpage.py - 103 - Logging out.......
2026-03-11 14:50:17,041 - INFO - test_loginpage.py - 103 - Logging out.......
2026-03-11 14:50:17,041 - INFO - test_loginpage.py - 103 - Logging out.......
2026-03-11 14:50:17,072 - INFO - test_loginpage.py - 105 - Logged-out Successfully........
2026-03-11 14:50:17,072 - INFO - test_loginpage.py - 105 - Logged-out Successfully........
2026-03-11 14:50:17,072 - INFO - test_loginpage.py - 105 - Logged-out Successfully........
2026-03-11 14:50:17,072 - INFO - test_loginpage.py - 105 - Logged-out Successfully........
2026-03-11 14:50:17,152 - INFO - test_loginpage.py - 87 - Launching application login page: 'https://apps.credence.in/login.html'.....
2026-03-11 14:50:17,152 - INFO - test_loginpage.py - 87 - Launching application login page: 'https://apps.credence.in/login.html'.....
2026-03-11 14:50:17,152 - INFO - test_loginpage.py - 87 - Launching application login page: 'https://apps.credence.in/login.html'.....
2026-03-11 14:50:17,152 - INFO - test_loginpage.py - 87 - Launching application login page: 'https://apps.credence.in/login.html'.....
2026-03-11 14:50:17,222 - INFO - test_loginpage.py - 91 - Setting username field.....
2026-03-11 14:50:17,222 - INFO - test_loginpage.py - 91 - Setting username field.....
2026-03-11 14:50:17,222 - INFO - test_loginpage.py - 91 - Setting username field.....
2026-03-11 14:50:17,222 - INFO - test_loginpage.py - 91 - Setting username field.....
2026-03-11 14:50:17,277 - INFO - test_loginpage.py - 93 - Setting password field.....
2026-03-11 14:50:17,277 - INFO - test_loginpage.py - 93 - Setting password field.....
2026-03-11 14:50:17,277 - INFO - test_loginpage.py - 93 - Setting password field.....
2026-03-11 14:50:17,277 - INFO - test_loginpage.py - 93 - Setting password field.....
2026-03-11 14:50:17,304 - INFO - test_loginpage.py - 95 - Clicking login button.....
2026-03-11 14:50:17,304 - INFO - test_loginpage.py - 95 - Clicking login button.....
2026-03-11 14:50:17,304 - INFO - test_loginpage.py - 95 - Clicking login button.....
2026-03-11 14:50:17,304 - INFO - test_loginpage.py - 95 - Clicking login button.....
2026-03-11 14:50:27,901 - INFO - test_loginpage.py - 109 - User : Testuser0123 logged in Failed and taking screenshot..... 
2026-03-11 14:50:27,901 - INFO - test_loginpage.py - 109 - User : Testuser0123 logged in Failed and taking screenshot..... 
2026-03-11 14:50:27,901 - INFO - test_loginpage.py - 109 - User : Testuser0123 logged in Failed and taking screenshot..... 
2026-03-11 14:50:27,901 - INFO - test_loginpage.py - 109 - User : Testuser0123 logged in Failed and taking screenshot..... 
2026-03-11 14:50:28,100 - INFO - test_loginpage.py - 87 - Launching application login page: 'https://apps.credence.in/login.html'.....
2026-03-11 14:50:28,100 - INFO - test_loginpage.py - 87 - Launching application login page: 'https://apps.credence.in/login.html'.....
2026-03-11 14:50:28,100 - INFO - test_loginpage.py - 87 - Launching application login page: 'https://apps.credence.in/login.html'.....
2026-03-11 14:50:28,100 - INFO - test_loginpage.py - 87 - Launching application login page: 'https://apps.credence.in/login.html'.....
2026-03-11 14:50:28,188 - INFO - test_loginpage.py - 91 - Setting username field.....
2026-03-11 14:50:28,188 - INFO - test_loginpage.py - 91 - Setting username field.....
2026-03-11 14:50:28,188 - INFO - test_loginpage.py - 91 - Setting username field.....
2026-03-11 14:50:28,188 - INFO - test_loginpage.py - 91 - Setting username field.....
2026-03-11 14:50:28,225 - INFO - test_loginpage.py - 93 - Setting password field.....
2026-03-11 14:50:28,225 - INFO - test_loginpage.py - 93 - Setting password field.....
2026-03-11 14:50:28,225 - INFO - test_loginpage.py - 93 - Setting password field.....
2026-03-11 14:50:28,225 - INFO - test_loginpage.py - 93 - Setting password field.....
2026-03-11 14:50:28,262 - INFO - test_loginpage.py - 95 - Clicking login button.....
2026-03-11 14:50:28,262 - INFO - test_loginpage.py - 95 - Clicking login button.....
2026-03-11 14:50:28,262 - INFO - test_loginpage.py - 95 - Clicking login button.....
2026-03-11 14:50:28,262 - INFO - test_loginpage.py - 95 - Clicking login button.....
2026-03-11 14:50:38,849 - INFO - test_loginpage.py - 109 - User : Testuser012 logged in Failed and taking screenshot..... 
2026-03-11 14:50:38,849 - INFO - test_loginpage.py - 109 - User : Testuser012 logged in Failed and taking screenshot..... 
2026-03-11 14:50:38,849 - INFO - test_loginpage.py - 109 - User : Testuser012 logged in Failed and taking screenshot..... 
2026-03-11 14:50:38,849 - INFO - test_loginpage.py - 109 - User : Testuser012 logged in Failed and taking screenshot..... 
2026-03-11 14:50:38,998 - INFO - test_loginpage.py - 87 - Launching application login page: 'https://apps.credence.in/login.html'.....
2026-03-11 14:50:38,998 - INFO - test_loginpage.py - 87 - Launching application login page: 'https://apps.credence.in/login.html'.....
2026-03-11 14:50:38,998 - INFO - test_loginpage.py - 87 - Launching application login page: 'https://apps.credence.in/login.html'.....
2026-03-11 14:50:38,998 - INFO - test_loginpage.py - 87 - Launching application login page: 'https://apps.credence.in/login.html'.....
2026-03-11 14:50:39,082 - INFO - test_loginpage.py - 91 - Setting username field.....
2026-03-11 14:50:39,082 - INFO - test_loginpage.py - 91 - Setting username field.....
2026-03-11 14:50:39,082 - INFO - test_loginpage.py - 91 - Setting username field.....
2026-03-11 14:50:39,082 - INFO - test_loginpage.py - 91 - Setting username field.....
2026-03-11 14:50:39,128 - INFO - test_loginpage.py - 93 - Setting password field.....
2026-03-11 14:50:39,128 - INFO - test_loginpage.py - 93 - Setting password field.....
2026-03-11 14:50:39,128 - INFO - test_loginpage.py - 93 - Setting password field.....
2026-03-11 14:50:39,128 - INFO - test_loginpage.py - 93 - Setting password field.....
2026-03-11 14:50:39,165 - INFO - test_loginpage.py - 95 - Clicking login button.....
2026-03-11 14:50:39,165 - INFO - test_loginpage.py - 95 - Clicking login button.....
2026-03-11 14:50:39,165 - INFO - test_loginpage.py - 95 - Clicking login button.....
2026-03-11 14:50:39,165 - INFO - test_loginpage.py - 95 - Clicking login button.....
2026-03-11 14:50:49,766 - INFO - test_loginpage.py - 109 - User : Testuser0123 logged in Failed and taking screenshot..... 
2026-03-11 14:50:49,766 - INFO - test_loginpage.py - 109 - User : Testuser0123 logged in Failed and taking screenshot..... 
2026-03-11 14:50:49,766 - INFO - test_loginpage.py - 109 - User : Testuser0123 logged in Failed and taking screenshot..... 
2026-03-11 14:50:49,766 - INFO - test_loginpage.py - 109 - User : Testuser0123 logged in Failed and taking screenshot..... 
2026-03-11 14:50:59,159 - INFO - test_registrationpage.py - 34 - launching registration page url: https://apps.credence.in/user.html....
2026-03-11 14:50:59,159 - INFO - test_registrationpage.py - 34 - launching registration page url: https://apps.credence.in/user.html....
2026-03-11 14:50:59,159 - INFO - test_registrationpage.py - 34 - launching registration page url: https://apps.credence.in/user.html....
2026-03-11 14:50:59,159 - INFO - test_registrationpage.py - 34 - launching registration page url: https://apps.credence.in/user.html....
2026-03-11 14:50:59,725 - INFO - test_registrationpage.py - 38 - Landed on registration page successfully and taking screenshots....
2026-03-11 14:50:59,725 - INFO - test_registrationpage.py - 38 - Landed on registration page successfully and taking screenshots....
2026-03-11 14:50:59,725 - INFO - test_registrationpage.py - 38 - Landed on registration page successfully and taking screenshots....
2026-03-11 14:50:59,725 - INFO - test_registrationpage.py - 38 - Landed on registration page successfully and taking screenshots....
2026-03-11 14:50:59,915 - INFO - test_registrationpage.py - 58 - launching registration page url: https://apps.credence.in/user.html....
2026-03-11 14:50:59,915 - INFO - test_registrationpage.py - 58 - launching registration page url: https://apps.credence.in/user.html....
2026-03-11 14:50:59,915 - INFO - test_registrationpage.py - 58 - launching registration page url: https://apps.credence.in/user.html....
2026-03-11 14:50:59,915 - INFO - test_registrationpage.py - 58 - launching registration page url: https://apps.credence.in/user.html....
2026-03-11 14:51:00,023 - INFO - test_registrationpage.py - 61 - Setting user name....................
2026-03-11 14:51:00,023 - INFO - test_registrationpage.py - 61 - Setting user name....................
2026-03-11 14:51:00,023 - INFO - test_registrationpage.py - 61 - Setting user name....................
2026-03-11 14:51:00,023 - INFO - test_registrationpage.py - 61 - Setting user name....................
2026-03-11 14:51:00,181 - INFO - test_registrationpage.py - 63 - Setting password as : Random@123....................
2026-03-11 14:51:00,181 - INFO - test_registrationpage.py - 63 - Setting password as : Random@123....................
2026-03-11 14:51:00,181 - INFO - test_registrationpage.py - 63 - Setting password as : Random@123....................
2026-03-11 14:51:00,181 - INFO - test_registrationpage.py - 63 - Setting password as : Random@123....................
2026-03-11 14:51:00,222 - INFO - test_registrationpage.py - 65 - Setting email....................
2026-03-11 14:51:00,222 - INFO - test_registrationpage.py - 65 - Setting email....................
2026-03-11 14:51:00,222 - INFO - test_registrationpage.py - 65 - Setting email....................
2026-03-11 14:51:00,222 - INFO - test_registrationpage.py - 65 - Setting email....................
2026-03-11 14:51:00,277 - INFO - test_registrationpage.py - 67 - Setting phone number....................
2026-03-11 14:51:00,277 - INFO - test_registrationpage.py - 67 - Setting phone number....................
2026-03-11 14:51:00,277 - INFO - test_registrationpage.py - 67 - Setting phone number....................
2026-03-11 14:51:00,277 - INFO - test_registrationpage.py - 67 - Setting phone number....................
2026-03-11 14:51:00,327 - INFO - test_registrationpage.py - 69 - Clicking on Create user button....................
2026-03-11 14:51:00,327 - INFO - test_registrationpage.py - 69 - Clicking on Create user button....................
2026-03-11 14:51:00,327 - INFO - test_registrationpage.py - 69 - Clicking on Create user button....................
2026-03-11 14:51:00,327 - INFO - test_registrationpage.py - 69 - Clicking on Create user button....................
2026-03-11 14:51:00,393 - INFO - test_registrationpage.py - 72 - Create user button clicked successfully....................
2026-03-11 14:51:00,393 - INFO - test_registrationpage.py - 72 - Create user button clicked successfully....................
2026-03-11 14:51:00,393 - INFO - test_registrationpage.py - 72 - Create user button clicked successfully....................
2026-03-11 14:51:00,393 - INFO - test_registrationpage.py - 72 - Create user button clicked successfully....................
2026-03-11 14:51:03,942 - INFO - test_registrationpage.py - 75 - getting user created text: User created successfully....................
2026-03-11 14:51:03,942 - INFO - test_registrationpage.py - 75 - getting user created text: User created successfully....................
2026-03-11 14:51:03,942 - INFO - test_registrationpage.py - 75 - getting user created text: User created successfully....................
2026-03-11 14:51:03,942 - INFO - test_registrationpage.py - 75 - getting user created text: User created successfully....................
2026-03-11 14:51:03,942 - INFO - test_registrationpage.py - 78 - User: suzannemarshall created successfully and taking screenshots....................
2026-03-11 14:51:03,942 - INFO - test_registrationpage.py - 78 - User: suzannemarshall created successfully and taking screenshots....................
2026-03-11 14:51:03,942 - INFO - test_registrationpage.py - 78 - User: suzannemarshall created successfully and taking screenshots....................
2026-03-11 14:51:03,942 - INFO - test_registrationpage.py - 78 - User: suzannemarshall created successfully and taking screenshots....................
2026-03-11 14:51:13,316 - INFO - test_usermanagement.py - 29 - Launching user login page url...............
2026-03-11 14:51:13,316 - INFO - test_usermanagement.py - 29 - Launching user login page url...............
2026-03-11 14:51:13,316 - INFO - test_usermanagement.py - 29 - Launching user login page url...............
2026-03-11 14:51:13,316 - INFO - test_usermanagement.py - 29 - Launching user login page url...............
2026-03-11 14:51:14,071 - INFO - test_usermanagement.py - 34 - Setting username field.....
2026-03-11 14:51:14,071 - INFO - test_usermanagement.py - 34 - Setting username field.....
2026-03-11 14:51:14,071 - INFO - test_usermanagement.py - 34 - Setting username field.....
2026-03-11 14:51:14,071 - INFO - test_usermanagement.py - 34 - Setting username field.....
2026-03-11 14:51:14,192 - INFO - test_usermanagement.py - 36 - Setting password field.....
2026-03-11 14:51:14,192 - INFO - test_usermanagement.py - 36 - Setting password field.....
2026-03-11 14:51:14,192 - INFO - test_usermanagement.py - 36 - Setting password field.....
2026-03-11 14:51:14,192 - INFO - test_usermanagement.py - 36 - Setting password field.....
2026-03-11 14:51:14,226 - INFO - test_usermanagement.py - 38 - Clicking login button.....
2026-03-11 14:51:14,226 - INFO - test_usermanagement.py - 38 - Clicking login button.....
2026-03-11 14:51:14,226 - INFO - test_usermanagement.py - 38 - Clicking login button.....
2026-03-11 14:51:14,226 - INFO - test_usermanagement.py - 38 - Clicking login button.....
2026-03-11 14:51:21,829 - INFO - test_usermanagement.py - 41 - User : Testuser012 logged in Successfully and taking screenshot..... 
2026-03-11 14:51:21,829 - INFO - test_usermanagement.py - 41 - User : Testuser012 logged in Successfully and taking screenshot..... 
2026-03-11 14:51:21,829 - INFO - test_usermanagement.py - 41 - User : Testuser012 logged in Successfully and taking screenshot..... 
2026-03-11 14:51:21,829 - INFO - test_usermanagement.py - 41 - User : Testuser012 logged in Successfully and taking screenshot..... 
2026-03-11 14:51:21,910 - INFO - test_usermanagement.py - 44 - Clicking on User Management button.......
2026-03-11 14:51:21,910 - INFO - test_usermanagement.py - 44 - Clicking on User Management button.......
2026-03-11 14:51:21,910 - INFO - test_usermanagement.py - 44 - Clicking on User Management button.......
2026-03-11 14:51:21,910 - INFO - test_usermanagement.py - 44 - Clicking on User Management button.......
2026-03-11 14:51:25,490 - INFO - test_usermanagement.py - 48 - Landed on User Management page successfully and taking screenshot.......
2026-03-11 14:51:25,490 - INFO - test_usermanagement.py - 48 - Landed on User Management page successfully and taking screenshot.......
2026-03-11 14:51:25,490 - INFO - test_usermanagement.py - 48 - Landed on User Management page successfully and taking screenshot.......
2026-03-11 14:51:25,490 - INFO - test_usermanagement.py - 48 - Landed on User Management page successfully and taking screenshot.......
2026-03-11 14:51:25,566 - INFO - test_usermanagement.py - 52 - Clicking on logout button.......
2026-03-11 14:51:25,566 - INFO - test_usermanagement.py - 52 - Clicking on logout button.......
2026-03-11 14:51:25,566 - INFO - test_usermanagement.py - 52 - Clicking on logout button.......
2026-03-11 14:51:25,566 - INFO - test_usermanagement.py - 52 - Clicking on logout button.......
2026-03-11 14:51:25,594 - INFO - test_usermanagement.py - 54 - Logged out successfully.......
2026-03-11 14:51:25,594 - INFO - test_usermanagement.py - 54 - Logged out successfully.......
2026-03-11 14:51:25,594 - INFO - test_usermanagement.py - 54 - Logged out successfully.......
2026-03-11 14:51:25,594 - INFO - test_usermanagement.py - 54 - Logged out successfully.......
2026-03-11 14:51:25,598 - INFO - test_usermanagement.py - 71 - Launching user login page url...............
2026-03-11 14:51:25,598 - INFO - test_usermanagement.py - 71 - Launching user login page url...............
2026-03-11 14:51:25,598 - INFO - test_usermanagement.py - 71 - Launching user login page url...............
2026-03-11 14:51:25,598 - INFO - test_usermanagement.py - 71 - Launching user login page url...............
2026-03-11 14:51:25,669 - INFO - test_usermanagement.py - 76 - Setting username field.....
2026-03-11 14:51:25,669 - INFO - test_usermanagement.py - 76 - Setting username field.....
2026-03-11 14:51:25,669 - INFO - test_usermanagement.py - 76 - Setting username field.....
2026-03-11 14:51:25,669 - INFO - test_usermanagement.py - 76 - Setting username field.....
2026-03-11 14:51:25,725 - INFO - test_usermanagement.py - 78 - Setting password field.....
2026-03-11 14:51:25,725 - INFO - test_usermanagement.py - 78 - Setting password field.....
2026-03-11 14:51:25,725 - INFO - test_usermanagement.py - 78 - Setting password field.....
2026-03-11 14:51:25,725 - INFO - test_usermanagement.py - 78 - Setting password field.....
2026-03-11 14:51:25,768 - INFO - test_usermanagement.py - 80 - Clicking login button.....
2026-03-11 14:51:25,768 - INFO - test_usermanagement.py - 80 - Clicking login button.....
2026-03-11 14:51:25,768 - INFO - test_usermanagement.py - 80 - Clicking login button.....
2026-03-11 14:51:25,768 - INFO - test_usermanagement.py - 80 - Clicking login button.....
2026-03-11 14:51:33,339 - INFO - test_usermanagement.py - 83 - User : Testuser012 logged in Successfully and taking screenshot..... 
2026-03-11 14:51:33,339 - INFO - test_usermanagement.py - 83 - User : Testuser012 logged in Successfully and taking screenshot..... 
2026-03-11 14:51:33,339 - INFO - test_usermanagement.py - 83 - User : Testuser012 logged in Successfully and taking screenshot..... 
2026-03-11 14:51:33,339 - INFO - test_usermanagement.py - 83 - User : Testuser012 logged in Successfully and taking screenshot..... 
2026-03-11 14:51:33,405 - INFO - test_usermanagement.py - 86 - Clicking on User Management button.......
2026-03-11 14:51:33,405 - INFO - test_usermanagement.py - 86 - Clicking on User Management button.......
2026-03-11 14:51:33,405 - INFO - test_usermanagement.py - 86 - Clicking on User Management button.......
2026-03-11 14:51:33,405 - INFO - test_usermanagement.py - 86 - Clicking on User Management button.......
2026-03-11 14:51:33,443 - INFO - test_usermanagement.py - 89 - Landed on User Management page successfully.......
2026-03-11 14:51:33,443 - INFO - test_usermanagement.py - 89 - Landed on User Management page successfully.......
2026-03-11 14:51:33,443 - INFO - test_usermanagement.py - 89 - Landed on User Management page successfully.......
2026-03-11 14:51:33,443 - INFO - test_usermanagement.py - 89 - Landed on User Management page successfully.......
2026-03-11 14:51:33,443 - INFO - test_usermanagement.py - 90 - Sending search user name for searching.......
2026-03-11 14:51:33,443 - INFO - test_usermanagement.py - 90 - Sending search user name for searching.......
2026-03-11 14:51:33,443 - INFO - test_usermanagement.py - 90 - Sending search user name for searching.......
2026-03-11 14:51:33,443 - INFO - test_usermanagement.py - 90 - Sending search user name for searching.......
