2026-03-10 17:01:04,405 - INFO - test_homepage.py - 27 - launch home page url: https://apps.credence.in/.....
2026-03-10 17:01:04,405 - INFO - test_homepage.py - 27 - launch home page url: https://apps.credence.in/.....
2026-03-10 17:01:04,405 - INFO - test_homepage.py - 27 - launch home page url: https://apps.credence.in/.....
2026-03-10 17:01:04,405 - INFO - test_homepage.py - 27 - launch home page url: https://apps.credence.in/.....
2026-03-10 17:01:06,745 - INFO - test_homepage.py - 29 - landed on home page url and checking title.....
2026-03-10 17:01:06,745 - INFO - test_homepage.py - 29 - landed on home page url and checking title.....
2026-03-10 17:01:06,745 - INFO - test_homepage.py - 29 - landed on home page url and checking title.....
2026-03-10 17:01:06,745 - INFO - test_homepage.py - 29 - landed on home page url and checking title.....
2026-03-10 17:01:07,016 - INFO - test_homepage.py - 31 - Home page title is equal to Bank Application & taking screenshots...
2026-03-10 17:01:07,016 - INFO - test_homepage.py - 31 - Home page title is equal to Bank Application & taking screenshots...
2026-03-10 17:01:07,016 - INFO - test_homepage.py - 31 - Home page title is equal to Bank Application & taking screenshots...
2026-03-10 17:01:07,016 - INFO - test_homepage.py - 31 - Home page title is equal to Bank Application & taking screenshots...
2026-03-10 17:01:08,183 - INFO - test_homepage.py - 47 - launch home page url: https://apps.credence.in/.....
2026-03-10 17:01:08,183 - INFO - test_homepage.py - 47 - launch home page url: https://apps.credence.in/.....
2026-03-10 17:01:08,183 - INFO - test_homepage.py - 47 - launch home page url: https://apps.credence.in/.....
2026-03-10 17:01:08,183 - INFO - test_homepage.py - 47 - launch home page url: https://apps.credence.in/.....
2026-03-10 17:01:09,012 - INFO - test_homepage.py - 51 - Landed on home page and clicking on login...
2026-03-10 17:01:09,012 - INFO - test_homepage.py - 51 - Landed on home page and clicking on login...
2026-03-10 17:01:09,012 - INFO - test_homepage.py - 51 - Landed on home page and clicking on login...
2026-03-10 17:01:09,012 - INFO - test_homepage.py - 51 - Landed on home page and clicking on login...
2026-03-10 17:01:10,073 - INFO - test_homepage.py - 54 - Landed on Login page...
2026-03-10 17:01:10,073 - INFO - test_homepage.py - 54 - Landed on Login page...
2026-03-10 17:01:10,073 - INFO - test_homepage.py - 54 - Landed on Login page...
2026-03-10 17:01:10,073 - INFO - test_homepage.py - 54 - Landed on Login page...
2026-03-10 17:01:10,160 - INFO - test_homepage.py - 57 - Verifying login page heading...
2026-03-10 17:01:10,160 - INFO - test_homepage.py - 57 - Verifying login page heading...
2026-03-10 17:01:10,160 - INFO - test_homepage.py - 57 - Verifying login page heading...
2026-03-10 17:01:10,160 - INFO - test_homepage.py - 57 - Verifying login page heading...
2026-03-10 17:01:10,170 - INFO - test_homepage.py - 60 - login page heading verified & taking screenshots...
2026-03-10 17:01:10,170 - INFO - test_homepage.py - 60 - login page heading verified & taking screenshots...
2026-03-10 17:01:10,170 - INFO - test_homepage.py - 60 - login page heading verified & taking screenshots...
2026-03-10 17:01:10,170 - INFO - test_homepage.py - 60 - login page heading verified & taking screenshots...
2026-03-10 17:01:10,563 - INFO - test_homepage.py - 79 - launch home page url: https://apps.credence.in/.....
2026-03-10 17:01:10,563 - INFO - test_homepage.py - 79 - launch home page url: https://apps.credence.in/.....
2026-03-10 17:01:10,563 - INFO - test_homepage.py - 79 - launch home page url: https://apps.credence.in/.....
2026-03-10 17:01:10,563 - INFO - test_homepage.py - 79 - launch home page url: https://apps.credence.in/.....
2026-03-10 17:01:10,875 - INFO - test_homepage.py - 82 - Landed on home page and clicking on login page...
2026-03-10 17:01:10,875 - INFO - test_homepage.py - 82 - Landed on home page and clicking on login page...
2026-03-10 17:01:10,875 - INFO - test_homepage.py - 82 - Landed on home page and clicking on login page...
2026-03-10 17:01:10,875 - INFO - test_homepage.py - 82 - Landed on home page and clicking on login page...
2026-03-10 17:01:10,879 - INFO - test_homepage.py - 84 - Landed on Login page...
2026-03-10 17:01:10,879 - INFO - test_homepage.py - 84 - Landed on Login page...
2026-03-10 17:01:10,879 - INFO - test_homepage.py - 84 - Landed on Login page...
2026-03-10 17:01:10,879 - INFO - test_homepage.py - 84 - Landed on Login page...
2026-03-10 17:01:11,390 - INFO - test_homepage.py - 89 - Verifying login page heading...
2026-03-10 17:01:11,390 - INFO - test_homepage.py - 89 - Verifying login page heading...
2026-03-10 17:01:11,390 - INFO - test_homepage.py - 89 - Verifying login page heading...
2026-03-10 17:01:11,390 - INFO - test_homepage.py - 89 - Verifying login page heading...
2026-03-10 17:01:11,422 - INFO - test_homepage.py - 92 - login page heading verified & taking screenshots...
2026-03-10 17:01:11,422 - INFO - test_homepage.py - 92 - login page heading verified & taking screenshots...
2026-03-10 17:01:11,422 - INFO - test_homepage.py - 92 - login page heading verified & taking screenshots...
2026-03-10 17:01:11,422 - INFO - test_homepage.py - 92 - login page heading verified & taking screenshots...
2026-03-10 17:01:11,836 - INFO - test_homepage.py - 99 - Home page title is verified & taking screenshots...
2026-03-10 17:01:11,836 - INFO - test_homepage.py - 99 - Home page title is verified & taking screenshots...
2026-03-10 17:01:11,836 - INFO - test_homepage.py - 99 - Home page title is verified & taking screenshots...
2026-03-10 17:01:11,836 - INFO - test_homepage.py - 99 - Home page title is verified & taking screenshots...
2026-03-10 17:01:12,079 - INFO - test_homepage.py - 124 - launch home page url: https://apps.credence.in/.....
2026-03-10 17:01:12,079 - INFO - test_homepage.py - 124 - launch home page url: https://apps.credence.in/.....
2026-03-10 17:01:12,079 - INFO - test_homepage.py - 124 - launch home page url: https://apps.credence.in/.....
2026-03-10 17:01:12,079 - INFO - test_homepage.py - 124 - launch home page url: https://apps.credence.in/.....
2026-03-10 17:01:12,248 - INFO - test_homepage.py - 127 - landed on home page and clicking on signup...
2026-03-10 17:01:12,248 - INFO - test_homepage.py - 127 - landed on home page and clicking on signup...
2026-03-10 17:01:12,248 - INFO - test_homepage.py - 127 - landed on home page and clicking on signup...
2026-03-10 17:01:12,248 - INFO - test_homepage.py - 127 - landed on home page and clicking on signup...
2026-03-10 17:01:12,250 - INFO - test_homepage.py - 129 - Landed on signup page & verifying title...
2026-03-10 17:01:12,250 - INFO - test_homepage.py - 129 - Landed on signup page & verifying title...
2026-03-10 17:01:12,250 - INFO - test_homepage.py - 129 - Landed on signup page & verifying title...
2026-03-10 17:01:12,250 - INFO - test_homepage.py - 129 - Landed on signup page & verifying title...
2026-03-10 17:01:12,584 - INFO - test_homepage.py - 134 - Verifying Signup page heading...
2026-03-10 17:01:12,584 - INFO - test_homepage.py - 134 - Verifying Signup page heading...
2026-03-10 17:01:12,584 - INFO - test_homepage.py - 134 - Verifying Signup page heading...
2026-03-10 17:01:12,584 - INFO - test_homepage.py - 134 - Verifying Signup page heading...
2026-03-10 17:01:12,602 - INFO - test_homepage.py - 137 - Signup page heading verified & taking screenshots...
2026-03-10 17:01:12,602 - INFO - test_homepage.py - 137 - Signup page heading verified & taking screenshots...
2026-03-10 17:01:12,602 - INFO - test_homepage.py - 137 - Signup page heading verified & taking screenshots...
2026-03-10 17:01:12,602 - INFO - test_homepage.py - 137 - Signup page heading verified & taking screenshots...
2026-03-10 17:01:12,858 - INFO - test_homepage.py - 155 - launch home page url: https://apps.credence.in/.....
2026-03-10 17:01:12,858 - INFO - test_homepage.py - 155 - launch home page url: https://apps.credence.in/.....
2026-03-10 17:01:12,858 - INFO - test_homepage.py - 155 - launch home page url: https://apps.credence.in/.....
2026-03-10 17:01:12,858 - INFO - test_homepage.py - 155 - launch home page url: https://apps.credence.in/.....
2026-03-10 17:01:13,187 - INFO - test_homepage.py - 158 - Landed on home page and clicking on signup page...
2026-03-10 17:01:13,187 - INFO - test_homepage.py - 158 - Landed on home page and clicking on signup page...
2026-03-10 17:01:13,187 - INFO - test_homepage.py - 158 - Landed on home page and clicking on signup page...
2026-03-10 17:01:13,187 - INFO - test_homepage.py - 158 - Landed on home page and clicking on signup page...
2026-03-10 17:01:13,613 - INFO - test_homepage.py - 161 - Landed on signup page...
2026-03-10 17:01:13,613 - INFO - test_homepage.py - 161 - Landed on signup page...
2026-03-10 17:01:13,613 - INFO - test_homepage.py - 161 - Landed on signup page...
2026-03-10 17:01:13,613 - INFO - test_homepage.py - 161 - Landed on signup page...
2026-03-10 17:01:13,613 - INFO - test_homepage.py - 165 - Verifying signup page heading...
2026-03-10 17:01:13,613 - INFO - test_homepage.py - 165 - Verifying signup page heading...
2026-03-10 17:01:13,613 - INFO - test_homepage.py - 165 - Verifying signup page heading...
2026-03-10 17:01:13,613 - INFO - test_homepage.py - 165 - Verifying signup page heading...
2026-03-10 17:01:13,645 - INFO - test_homepage.py - 167 - signup page heading verified & taking screenshots...
2026-03-10 17:01:13,645 - INFO - test_homepage.py - 167 - signup page heading verified & taking screenshots...
2026-03-10 17:01:13,645 - INFO - test_homepage.py - 167 - signup page heading verified & taking screenshots...
2026-03-10 17:01:13,645 - INFO - test_homepage.py - 167 - signup page heading verified & taking screenshots...
2026-03-10 17:01:14,260 - INFO - test_homepage.py - 173 - Home page title is verified & taking screenshots...
2026-03-10 17:01:14,260 - INFO - test_homepage.py - 173 - Home page title is verified & taking screenshots...
2026-03-10 17:01:14,260 - INFO - test_homepage.py - 173 - Home page title is verified & taking screenshots...
2026-03-10 17:01:14,260 - INFO - test_homepage.py - 173 - Home page title is verified & taking screenshots...
2026-03-10 17:01:28,042 - INFO - test_loginpage.py - 26 - Launching application login page with url: 'https://apps.credence.in/login.html'.....
2026-03-10 17:01:28,042 - INFO - test_loginpage.py - 26 - Launching application login page with url: 'https://apps.credence.in/login.html'.....
2026-03-10 17:01:28,042 - INFO - test_loginpage.py - 26 - Launching application login page with url: 'https://apps.credence.in/login.html'.....
2026-03-10 17:01:28,042 - INFO - test_loginpage.py - 26 - Launching application login page with url: 'https://apps.credence.in/login.html'.....
2026-03-10 17:01:28,699 - INFO - test_loginpage.py - 29 - Checking page title.....
2026-03-10 17:01:28,699 - INFO - test_loginpage.py - 29 - Checking page title.....
2026-03-10 17:01:28,699 - INFO - test_loginpage.py - 29 - Checking page title.....
2026-03-10 17:01:28,699 - INFO - test_loginpage.py - 29 - Checking page title.....
2026-03-10 17:01:28,727 - INFO - test_loginpage.py - 31 - Application login page launched successfully and taking screenshot.....
2026-03-10 17:01:28,727 - INFO - test_loginpage.py - 31 - Application login page launched successfully and taking screenshot.....
2026-03-10 17:01:28,727 - INFO - test_loginpage.py - 31 - Application login page launched successfully and taking screenshot.....
2026-03-10 17:01:28,727 - INFO - test_loginpage.py - 31 - Application login page launched successfully and taking screenshot.....
2026-03-10 17:01:29,206 - INFO - test_loginpage.py - 49 - Launching application login page with username: 'https://apps.credence.in/login.html'.....
2026-03-10 17:01:29,206 - INFO - test_loginpage.py - 49 - Launching application login page with username: 'https://apps.credence.in/login.html'.....
2026-03-10 17:01:29,206 - INFO - test_loginpage.py - 49 - Launching application login page with username: 'https://apps.credence.in/login.html'.....
2026-03-10 17:01:29,206 - INFO - test_loginpage.py - 49 - Launching application login page with username: 'https://apps.credence.in/login.html'.....
2026-03-10 17:01:29,385 - INFO - test_loginpage.py - 53 - Setting username field.....
2026-03-10 17:01:29,385 - INFO - test_loginpage.py - 53 - Setting username field.....
2026-03-10 17:01:29,385 - INFO - test_loginpage.py - 53 - Setting username field.....
2026-03-10 17:01:29,385 - INFO - test_loginpage.py - 53 - Setting username field.....
2026-03-10 17:01:29,593 - INFO - test_loginpage.py - 55 - Setting password field.....
2026-03-10 17:01:29,593 - INFO - test_loginpage.py - 55 - Setting password field.....
2026-03-10 17:01:29,593 - INFO - test_loginpage.py - 55 - Setting password field.....
2026-03-10 17:01:29,593 - INFO - test_loginpage.py - 55 - Setting password field.....
2026-03-10 17:01:29,843 - INFO - test_loginpage.py - 57 - Clicking login button.....
2026-03-10 17:01:29,843 - INFO - test_loginpage.py - 57 - Clicking login button.....
2026-03-10 17:01:29,843 - INFO - test_loginpage.py - 57 - Clicking login button.....
2026-03-10 17:01:29,843 - INFO - test_loginpage.py - 57 - Clicking login button.....
2026-03-10 17:01:34,923 - INFO - test_loginpage.py - 69 - User : Testuser012 logged in Failed and taking screenshot..... 
2026-03-10 17:01:34,923 - INFO - test_loginpage.py - 69 - User : Testuser012 logged in Failed and taking screenshot..... 
2026-03-10 17:01:34,923 - INFO - test_loginpage.py - 69 - User : Testuser012 logged in Failed and taking screenshot..... 
2026-03-10 17:01:34,923 - INFO - test_loginpage.py - 69 - User : Testuser012 logged in Failed and taking screenshot..... 
2026-03-10 17:01:37,002 - INFO - test_loginpage.py - 87 - Launching application login page: 'https://apps.credence.in/login.html'.....
2026-03-10 17:01:37,002 - INFO - test_loginpage.py - 87 - Launching application login page: 'https://apps.credence.in/login.html'.....
2026-03-10 17:01:37,002 - INFO - test_loginpage.py - 87 - Launching application login page: 'https://apps.credence.in/login.html'.....
2026-03-10 17:01:37,002 - INFO - test_loginpage.py - 87 - Launching application login page: 'https://apps.credence.in/login.html'.....
2026-03-10 17:01:47,365 - INFO - test_registrationpage.py - 34 - launching registration page url: https://apps.credence.in/user.html....
2026-03-10 17:01:47,365 - INFO - test_registrationpage.py - 34 - launching registration page url: https://apps.credence.in/user.html....
2026-03-10 17:01:47,365 - INFO - test_registrationpage.py - 34 - launching registration page url: https://apps.credence.in/user.html....
2026-03-10 17:01:47,365 - INFO - test_registrationpage.py - 34 - launching registration page url: https://apps.credence.in/user.html....
2026-03-10 17:01:48,149 - INFO - test_registrationpage.py - 38 - Landed on registration page successfully and taking screenshots....
2026-03-10 17:01:48,149 - INFO - test_registrationpage.py - 38 - Landed on registration page successfully and taking screenshots....
2026-03-10 17:01:48,149 - INFO - test_registrationpage.py - 38 - Landed on registration page successfully and taking screenshots....
2026-03-10 17:01:48,149 - INFO - test_registrationpage.py - 38 - Landed on registration page successfully and taking screenshots....
2026-03-10 17:01:48,717 - INFO - test_registrationpage.py - 58 - launching registration page url: https://apps.credence.in/user.html....
2026-03-10 17:01:48,717 - INFO - test_registrationpage.py - 58 - launching registration page url: https://apps.credence.in/user.html....
2026-03-10 17:01:48,717 - INFO - test_registrationpage.py - 58 - launching registration page url: https://apps.credence.in/user.html....
2026-03-10 17:01:48,717 - INFO - test_registrationpage.py - 58 - launching registration page url: https://apps.credence.in/user.html....
2026-03-10 17:01:49,000 - INFO - test_registrationpage.py - 61 - Setting user name....................
2026-03-10 17:01:49,000 - INFO - test_registrationpage.py - 61 - Setting user name....................
2026-03-10 17:01:49,000 - INFO - test_registrationpage.py - 61 - Setting user name....................
2026-03-10 17:01:49,000 - INFO - test_registrationpage.py - 61 - Setting user name....................
2026-03-10 17:01:49,339 - INFO - test_registrationpage.py - 63 - Setting password as : Random@123....................
2026-03-10 17:01:49,339 - INFO - test_registrationpage.py - 63 - Setting password as : Random@123....................
2026-03-10 17:01:49,339 - INFO - test_registrationpage.py - 63 - Setting password as : Random@123....................
2026-03-10 17:01:49,339 - INFO - test_registrationpage.py - 63 - Setting password as : Random@123....................
2026-03-10 17:01:49,535 - INFO - test_registrationpage.py - 65 - Setting email....................
2026-03-10 17:01:49,535 - INFO - test_registrationpage.py - 65 - Setting email....................
2026-03-10 17:01:49,535 - INFO - test_registrationpage.py - 65 - Setting email....................
2026-03-10 17:01:49,535 - INFO - test_registrationpage.py - 65 - Setting email....................
2026-03-10 17:01:49,712 - INFO - test_registrationpage.py - 67 - Setting phone number....................
2026-03-10 17:01:49,712 - INFO - test_registrationpage.py - 67 - Setting phone number....................
2026-03-10 17:01:49,712 - INFO - test_registrationpage.py - 67 - Setting phone number....................
2026-03-10 17:01:49,712 - INFO - test_registrationpage.py - 67 - Setting phone number....................
2026-03-10 17:01:49,977 - INFO - test_registrationpage.py - 69 - Clicking on Create user button....................
2026-03-10 17:01:49,977 - INFO - test_registrationpage.py - 69 - Clicking on Create user button....................
2026-03-10 17:01:49,977 - INFO - test_registrationpage.py - 69 - Clicking on Create user button....................
2026-03-10 17:01:49,977 - INFO - test_registrationpage.py - 69 - Clicking on Create user button....................
2026-03-10 17:01:50,208 - INFO - test_registrationpage.py - 72 - Create user button clicked successfully....................
2026-03-10 17:01:50,208 - INFO - test_registrationpage.py - 72 - Create user button clicked successfully....................
2026-03-10 17:01:50,208 - INFO - test_registrationpage.py - 72 - Create user button clicked successfully....................
2026-03-10 17:01:50,208 - INFO - test_registrationpage.py - 72 - Create user button clicked successfully....................
2026-03-10 17:01:53,786 - INFO - test_registrationpage.py - 75 - getting user created text: User created successfully....................
2026-03-10 17:01:53,786 - INFO - test_registrationpage.py - 75 - getting user created text: User created successfully....................
2026-03-10 17:01:53,786 - INFO - test_registrationpage.py - 75 - getting user created text: User created successfully....................
2026-03-10 17:01:53,786 - INFO - test_registrationpage.py - 75 - getting user created text: User created successfully....................
2026-03-10 17:01:53,786 - INFO - test_registrationpage.py - 78 - User: ellengarcia created successfully and taking screenshots....................
2026-03-10 17:01:53,786 - INFO - test_registrationpage.py - 78 - User: ellengarcia created successfully and taking screenshots....................
2026-03-10 17:01:53,786 - INFO - test_registrationpage.py - 78 - User: ellengarcia created successfully and taking screenshots....................
2026-03-10 17:01:53,786 - INFO - test_registrationpage.py - 78 - User: ellengarcia created successfully and taking screenshots....................
2026-03-10 17:02:05,271 - INFO - test_usermanagement.py - 29 - Launching user login page url...............
2026-03-10 17:02:05,271 - INFO - test_usermanagement.py - 29 - Launching user login page url...............
2026-03-10 17:02:05,271 - INFO - test_usermanagement.py - 29 - Launching user login page url...............
2026-03-10 17:02:05,271 - INFO - test_usermanagement.py - 29 - Launching user login page url...............
2026-03-10 17:02:05,898 - INFO - test_usermanagement.py - 34 - Setting username field.....
2026-03-10 17:02:05,898 - INFO - test_usermanagement.py - 34 - Setting username field.....
2026-03-10 17:02:05,898 - INFO - test_usermanagement.py - 34 - Setting username field.....
2026-03-10 17:02:05,898 - INFO - test_usermanagement.py - 34 - Setting username field.....
2026-03-10 17:02:06,501 - INFO - test_usermanagement.py - 36 - Setting password field.....
2026-03-10 17:02:06,501 - INFO - test_usermanagement.py - 36 - Setting password field.....
2026-03-10 17:02:06,501 - INFO - test_usermanagement.py - 36 - Setting password field.....
2026-03-10 17:02:06,501 - INFO - test_usermanagement.py - 36 - Setting password field.....
2026-03-10 17:02:06,754 - INFO - test_usermanagement.py - 38 - Clicking login button.....
2026-03-10 17:02:06,754 - INFO - test_usermanagement.py - 38 - Clicking login button.....
2026-03-10 17:02:06,754 - INFO - test_usermanagement.py - 38 - Clicking login button.....
2026-03-10 17:02:06,754 - INFO - test_usermanagement.py - 38 - Clicking login button.....
2026-03-10 17:02:14,760 - INFO - test_usermanagement.py - 41 - User : Testuser012 logged in Successfully and taking screenshot..... 
2026-03-10 17:02:14,760 - INFO - test_usermanagement.py - 41 - User : Testuser012 logged in Successfully and taking screenshot..... 
2026-03-10 17:02:14,760 - INFO - test_usermanagement.py - 41 - User : Testuser012 logged in Successfully and taking screenshot..... 
2026-03-10 17:02:14,760 - INFO - test_usermanagement.py - 41 - User : Testuser012 logged in Successfully and taking screenshot..... 
2026-03-10 17:02:14,864 - INFO - test_usermanagement.py - 71 - Launching user login page url...............
2026-03-10 17:02:14,864 - INFO - test_usermanagement.py - 71 - Launching user login page url...............
2026-03-10 17:02:14,864 - INFO - test_usermanagement.py - 71 - Launching user login page url...............
2026-03-10 17:02:14,864 - INFO - test_usermanagement.py - 71 - Launching user login page url...............
