2026-03-12 16:20:41,914 - INFO - test_homepage.py - 27 - launch home page url: https://apps.credence.in/.....
2026-03-12 16:20:41,914 - INFO - test_homepage.py - 27 - launch home page url: https://apps.credence.in/.....
2026-03-12 16:20:41,914 - INFO - test_homepage.py - 27 - launch home page url: https://apps.credence.in/.....
2026-03-12 16:20:41,914 - INFO - test_homepage.py - 27 - launch home page url: https://apps.credence.in/.....
2026-03-12 16:20:42,664 - INFO - test_homepage.py - 29 - landed on home page url and checking title.....
2026-03-12 16:20:42,664 - INFO - test_homepage.py - 29 - landed on home page url and checking title.....
2026-03-12 16:20:42,664 - INFO - test_homepage.py - 29 - landed on home page url and checking title.....
2026-03-12 16:20:42,664 - INFO - test_homepage.py - 29 - landed on home page url and checking title.....
2026-03-12 16:20:42,694 - INFO - test_homepage.py - 31 - Home page title is equal to Bank Application & taking screenshots...
2026-03-12 16:20:42,694 - INFO - test_homepage.py - 31 - Home page title is equal to Bank Application & taking screenshots...
2026-03-12 16:20:42,694 - INFO - test_homepage.py - 31 - Home page title is equal to Bank Application & taking screenshots...
2026-03-12 16:20:42,694 - INFO - test_homepage.py - 31 - Home page title is equal to Bank Application & taking screenshots...
2026-03-12 16:20:42,948 - INFO - test_homepage.py - 47 - launch home page url: https://apps.credence.in/.....
2026-03-12 16:20:42,948 - INFO - test_homepage.py - 47 - launch home page url: https://apps.credence.in/.....
2026-03-12 16:20:42,948 - INFO - test_homepage.py - 47 - launch home page url: https://apps.credence.in/.....
2026-03-12 16:20:42,948 - INFO - test_homepage.py - 47 - launch home page url: https://apps.credence.in/.....
2026-03-12 16:20:43,104 - INFO - test_homepage.py - 51 - Landed on home page and clicking on login...
2026-03-12 16:20:43,104 - INFO - test_homepage.py - 51 - Landed on home page and clicking on login...
2026-03-12 16:20:43,104 - INFO - test_homepage.py - 51 - Landed on home page and clicking on login...
2026-03-12 16:20:43,104 - INFO - test_homepage.py - 51 - Landed on home page and clicking on login...
2026-03-12 16:20:43,376 - INFO - test_homepage.py - 54 - Landed on Login page...
2026-03-12 16:20:43,376 - INFO - test_homepage.py - 54 - Landed on Login page...
2026-03-12 16:20:43,376 - INFO - test_homepage.py - 54 - Landed on Login page...
2026-03-12 16:20:43,376 - INFO - test_homepage.py - 54 - Landed on Login page...
2026-03-12 16:20:43,409 - INFO - test_homepage.py - 57 - Verifying login page heading...
2026-03-12 16:20:43,409 - INFO - test_homepage.py - 57 - Verifying login page heading...
2026-03-12 16:20:43,409 - INFO - test_homepage.py - 57 - Verifying login page heading...
2026-03-12 16:20:43,409 - INFO - test_homepage.py - 57 - Verifying login page heading...
2026-03-12 16:20:43,412 - INFO - test_homepage.py - 60 - login page heading verified & taking screenshots...
2026-03-12 16:20:43,412 - INFO - test_homepage.py - 60 - login page heading verified & taking screenshots...
2026-03-12 16:20:43,412 - INFO - test_homepage.py - 60 - login page heading verified & taking screenshots...
2026-03-12 16:20:43,412 - INFO - test_homepage.py - 60 - login page heading verified & taking screenshots...
2026-03-12 16:20:43,583 - INFO - test_homepage.py - 79 - launch home page url: https://apps.credence.in/.....
2026-03-12 16:20:43,583 - INFO - test_homepage.py - 79 - launch home page url: https://apps.credence.in/.....
2026-03-12 16:20:43,583 - INFO - test_homepage.py - 79 - launch home page url: https://apps.credence.in/.....
2026-03-12 16:20:43,583 - INFO - test_homepage.py - 79 - launch home page url: https://apps.credence.in/.....
2026-03-12 16:20:43,737 - INFO - test_homepage.py - 82 - Landed on home page and clicking on login page...
2026-03-12 16:20:43,737 - INFO - test_homepage.py - 82 - Landed on home page and clicking on login page...
2026-03-12 16:20:43,737 - INFO - test_homepage.py - 82 - Landed on home page and clicking on login page...
2026-03-12 16:20:43,737 - INFO - test_homepage.py - 82 - Landed on home page and clicking on login page...
2026-03-12 16:20:43,737 - INFO - test_homepage.py - 84 - Landed on Login page...
2026-03-12 16:20:43,737 - INFO - test_homepage.py - 84 - Landed on Login page...
2026-03-12 16:20:43,737 - INFO - test_homepage.py - 84 - Landed on Login page...
2026-03-12 16:20:43,737 - INFO - test_homepage.py - 84 - Landed on Login page...
2026-03-12 16:20:44,009 - INFO - test_homepage.py - 89 - Verifying login page heading...
2026-03-12 16:20:44,009 - INFO - test_homepage.py - 89 - Verifying login page heading...
2026-03-12 16:20:44,009 - INFO - test_homepage.py - 89 - Verifying login page heading...
2026-03-12 16:20:44,009 - INFO - test_homepage.py - 89 - Verifying login page heading...
2026-03-12 16:20:44,025 - INFO - test_homepage.py - 92 - login page heading verified & taking screenshots...
2026-03-12 16:20:44,025 - INFO - test_homepage.py - 92 - login page heading verified & taking screenshots...
2026-03-12 16:20:44,025 - INFO - test_homepage.py - 92 - login page heading verified & taking screenshots...
2026-03-12 16:20:44,025 - INFO - test_homepage.py - 92 - login page heading verified & taking screenshots...
2026-03-12 16:20:44,304 - INFO - test_homepage.py - 99 - Home page title is verified & taking screenshots...
2026-03-12 16:20:44,304 - INFO - test_homepage.py - 99 - Home page title is verified & taking screenshots...
2026-03-12 16:20:44,304 - INFO - test_homepage.py - 99 - Home page title is verified & taking screenshots...
2026-03-12 16:20:44,304 - INFO - test_homepage.py - 99 - Home page title is verified & taking screenshots...
2026-03-12 16:20:44,472 - INFO - test_homepage.py - 124 - launch home page url: https://apps.credence.in/.....
2026-03-12 16:20:44,472 - INFO - test_homepage.py - 124 - launch home page url: https://apps.credence.in/.....
2026-03-12 16:20:44,472 - INFO - test_homepage.py - 124 - launch home page url: https://apps.credence.in/.....
2026-03-12 16:20:44,472 - INFO - test_homepage.py - 124 - launch home page url: https://apps.credence.in/.....
2026-03-12 16:20:44,628 - INFO - test_homepage.py - 127 - landed on home page and clicking on signup...
2026-03-12 16:20:44,628 - INFO - test_homepage.py - 127 - landed on home page and clicking on signup...
2026-03-12 16:20:44,628 - INFO - test_homepage.py - 127 - landed on home page and clicking on signup...
2026-03-12 16:20:44,628 - INFO - test_homepage.py - 127 - landed on home page and clicking on signup...
2026-03-12 16:20:44,628 - INFO - test_homepage.py - 129 - Landed on signup page & verifying title...
2026-03-12 16:20:44,628 - INFO - test_homepage.py - 129 - Landed on signup page & verifying title...
2026-03-12 16:20:44,628 - INFO - test_homepage.py - 129 - Landed on signup page & verifying title...
2026-03-12 16:20:44,628 - INFO - test_homepage.py - 129 - Landed on signup page & verifying title...
2026-03-12 16:20:44,835 - INFO - test_homepage.py - 134 - Verifying Signup page heading...
2026-03-12 16:20:44,835 - INFO - test_homepage.py - 134 - Verifying Signup page heading...
2026-03-12 16:20:44,835 - INFO - test_homepage.py - 134 - Verifying Signup page heading...
2026-03-12 16:20:44,835 - INFO - test_homepage.py - 134 - Verifying Signup page heading...
2026-03-12 16:20:44,844 - INFO - test_homepage.py - 137 - Signup page heading verified & taking screenshots...
2026-03-12 16:20:44,844 - INFO - test_homepage.py - 137 - Signup page heading verified & taking screenshots...
2026-03-12 16:20:44,844 - INFO - test_homepage.py - 137 - Signup page heading verified & taking screenshots...
2026-03-12 16:20:44,844 - INFO - test_homepage.py - 137 - Signup page heading verified & taking screenshots...
2026-03-12 16:20:45,017 - INFO - test_homepage.py - 155 - launch home page url: https://apps.credence.in/.....
2026-03-12 16:20:45,017 - INFO - test_homepage.py - 155 - launch home page url: https://apps.credence.in/.....
2026-03-12 16:20:45,017 - INFO - test_homepage.py - 155 - launch home page url: https://apps.credence.in/.....
2026-03-12 16:20:45,017 - INFO - test_homepage.py - 155 - launch home page url: https://apps.credence.in/.....
2026-03-12 16:20:45,151 - INFO - test_homepage.py - 158 - Landed on home page and clicking on signup page...
2026-03-12 16:20:45,151 - INFO - test_homepage.py - 158 - Landed on home page and clicking on signup page...
2026-03-12 16:20:45,151 - INFO - test_homepage.py - 158 - Landed on home page and clicking on signup page...
2026-03-12 16:20:45,151 - INFO - test_homepage.py - 158 - Landed on home page and clicking on signup page...
2026-03-12 16:20:45,330 - INFO - test_homepage.py - 161 - Landed on signup page...
2026-03-12 16:20:45,330 - INFO - test_homepage.py - 161 - Landed on signup page...
2026-03-12 16:20:45,330 - INFO - test_homepage.py - 161 - Landed on signup page...
2026-03-12 16:20:45,330 - INFO - test_homepage.py - 161 - Landed on signup page...
2026-03-12 16:20:45,340 - INFO - test_homepage.py - 165 - Verifying signup page heading...
2026-03-12 16:20:45,340 - INFO - test_homepage.py - 165 - Verifying signup page heading...
2026-03-12 16:20:45,340 - INFO - test_homepage.py - 165 - Verifying signup page heading...
2026-03-12 16:20:45,340 - INFO - test_homepage.py - 165 - Verifying signup page heading...
2026-03-12 16:20:45,345 - INFO - test_homepage.py - 167 - signup page heading verified & taking screenshots...
2026-03-12 16:20:45,345 - INFO - test_homepage.py - 167 - signup page heading verified & taking screenshots...
2026-03-12 16:20:45,345 - INFO - test_homepage.py - 167 - signup page heading verified & taking screenshots...
2026-03-12 16:20:45,345 - INFO - test_homepage.py - 167 - signup page heading verified & taking screenshots...
2026-03-12 16:20:45,661 - INFO - test_homepage.py - 173 - Home page title is verified & taking screenshots...
2026-03-12 16:20:45,661 - INFO - test_homepage.py - 173 - Home page title is verified & taking screenshots...
2026-03-12 16:20:45,661 - INFO - test_homepage.py - 173 - Home page title is verified & taking screenshots...
2026-03-12 16:20:45,661 - INFO - test_homepage.py - 173 - Home page title is verified & taking screenshots...
2026-03-12 16:20:57,009 - INFO - test_loginpage.py - 26 - Launching application login page with url: 'https://apps.credence.in/login.html'.....
2026-03-12 16:20:57,009 - INFO - test_loginpage.py - 26 - Launching application login page with url: 'https://apps.credence.in/login.html'.....
2026-03-12 16:20:57,009 - INFO - test_loginpage.py - 26 - Launching application login page with url: 'https://apps.credence.in/login.html'.....
2026-03-12 16:20:57,009 - INFO - test_loginpage.py - 26 - Launching application login page with url: 'https://apps.credence.in/login.html'.....
2026-03-12 16:20:57,463 - INFO - test_loginpage.py - 29 - Checking page title.....
2026-03-12 16:20:57,463 - INFO - test_loginpage.py - 29 - Checking page title.....
2026-03-12 16:20:57,463 - INFO - test_loginpage.py - 29 - Checking page title.....
2026-03-12 16:20:57,463 - INFO - test_loginpage.py - 29 - Checking page title.....
2026-03-12 16:20:57,474 - INFO - test_loginpage.py - 31 - Application login page launched successfully and taking screenshot.....
2026-03-12 16:20:57,474 - INFO - test_loginpage.py - 31 - Application login page launched successfully and taking screenshot.....
2026-03-12 16:20:57,474 - INFO - test_loginpage.py - 31 - Application login page launched successfully and taking screenshot.....
2026-03-12 16:20:57,474 - INFO - test_loginpage.py - 31 - Application login page launched successfully and taking screenshot.....
2026-03-12 16:20:57,758 - INFO - test_loginpage.py - 49 - Launching application login page with username: 'https://apps.credence.in/login.html'.....
2026-03-12 16:20:57,758 - INFO - test_loginpage.py - 49 - Launching application login page with username: 'https://apps.credence.in/login.html'.....
2026-03-12 16:20:57,758 - INFO - test_loginpage.py - 49 - Launching application login page with username: 'https://apps.credence.in/login.html'.....
2026-03-12 16:20:57,758 - INFO - test_loginpage.py - 49 - Launching application login page with username: 'https://apps.credence.in/login.html'.....
2026-03-12 16:20:57,907 - INFO - test_loginpage.py - 53 - Setting username field.....
2026-03-12 16:20:57,907 - INFO - test_loginpage.py - 53 - Setting username field.....
2026-03-12 16:20:57,907 - INFO - test_loginpage.py - 53 - Setting username field.....
2026-03-12 16:20:57,907 - INFO - test_loginpage.py - 53 - Setting username field.....
2026-03-12 16:20:58,058 - INFO - test_loginpage.py - 55 - Setting password field.....
2026-03-12 16:20:58,058 - INFO - test_loginpage.py - 55 - Setting password field.....
2026-03-12 16:20:58,058 - INFO - test_loginpage.py - 55 - Setting password field.....
2026-03-12 16:20:58,058 - INFO - test_loginpage.py - 55 - Setting password field.....
2026-03-12 16:20:58,248 - INFO - test_loginpage.py - 57 - Clicking login button.....
2026-03-12 16:20:58,248 - INFO - test_loginpage.py - 57 - Clicking login button.....
2026-03-12 16:20:58,248 - INFO - test_loginpage.py - 57 - Clicking login button.....
2026-03-12 16:20:58,248 - INFO - test_loginpage.py - 57 - Clicking login button.....
2026-03-12 16:21:06,221 - INFO - test_loginpage.py - 61 - User : Testuser012 logged in Successfully and taking screenshot..... 
2026-03-12 16:21:06,221 - INFO - test_loginpage.py - 61 - User : Testuser012 logged in Successfully and taking screenshot..... 
2026-03-12 16:21:06,221 - INFO - test_loginpage.py - 61 - User : Testuser012 logged in Successfully and taking screenshot..... 
2026-03-12 16:21:06,221 - INFO - test_loginpage.py - 61 - User : Testuser012 logged in Successfully and taking screenshot..... 
2026-03-12 16:21:06,332 - INFO - test_loginpage.py - 64 - Logging out.......
2026-03-12 16:21:06,332 - INFO - test_loginpage.py - 64 - Logging out.......
2026-03-12 16:21:06,332 - INFO - test_loginpage.py - 64 - Logging out.......
2026-03-12 16:21:06,332 - INFO - test_loginpage.py - 64 - Logging out.......
2026-03-12 16:21:06,368 - INFO - test_loginpage.py - 66 - Logged-out Successfully........
2026-03-12 16:21:06,368 - INFO - test_loginpage.py - 66 - Logged-out Successfully........
2026-03-12 16:21:06,368 - INFO - test_loginpage.py - 66 - Logged-out Successfully........
2026-03-12 16:21:06,368 - INFO - test_loginpage.py - 66 - Logged-out Successfully........
2026-03-12 16:21:06,488 - INFO - test_loginpage.py - 87 - Launching application login page: 'https://apps.credence.in/login.html'.....
2026-03-12 16:21:06,488 - INFO - test_loginpage.py - 87 - Launching application login page: 'https://apps.credence.in/login.html'.....
2026-03-12 16:21:06,488 - INFO - test_loginpage.py - 87 - Launching application login page: 'https://apps.credence.in/login.html'.....
2026-03-12 16:21:06,488 - INFO - test_loginpage.py - 87 - Launching application login page: 'https://apps.credence.in/login.html'.....
2026-03-12 16:21:06,577 - INFO - test_loginpage.py - 91 - Setting username field.....
2026-03-12 16:21:06,577 - INFO - test_loginpage.py - 91 - Setting username field.....
2026-03-12 16:21:06,577 - INFO - test_loginpage.py - 91 - Setting username field.....
2026-03-12 16:21:06,577 - INFO - test_loginpage.py - 91 - Setting username field.....
2026-03-12 16:21:06,625 - INFO - test_loginpage.py - 93 - Setting password field.....
2026-03-12 16:21:06,625 - INFO - test_loginpage.py - 93 - Setting password field.....
2026-03-12 16:21:06,625 - INFO - test_loginpage.py - 93 - Setting password field.....
2026-03-12 16:21:06,625 - INFO - test_loginpage.py - 93 - Setting password field.....
2026-03-12 16:21:06,705 - INFO - test_loginpage.py - 95 - Clicking login button.....
2026-03-12 16:21:06,705 - INFO - test_loginpage.py - 95 - Clicking login button.....
2026-03-12 16:21:06,705 - INFO - test_loginpage.py - 95 - Clicking login button.....
2026-03-12 16:21:06,705 - INFO - test_loginpage.py - 95 - Clicking login button.....
2026-03-12 16:21:14,352 - INFO - test_loginpage.py - 100 - User : Testuser012 logged in Successfully and taking screenshot..... 
2026-03-12 16:21:14,352 - INFO - test_loginpage.py - 100 - User : Testuser012 logged in Successfully and taking screenshot..... 
2026-03-12 16:21:14,352 - INFO - test_loginpage.py - 100 - User : Testuser012 logged in Successfully and taking screenshot..... 
2026-03-12 16:21:14,352 - INFO - test_loginpage.py - 100 - User : Testuser012 logged in Successfully and taking screenshot..... 
2026-03-12 16:21:14,483 - INFO - test_loginpage.py - 103 - Logging out.......
2026-03-12 16:21:14,483 - INFO - test_loginpage.py - 103 - Logging out.......
2026-03-12 16:21:14,483 - INFO - test_loginpage.py - 103 - Logging out.......
2026-03-12 16:21:14,483 - INFO - test_loginpage.py - 103 - Logging out.......
2026-03-12 16:21:14,522 - INFO - test_loginpage.py - 105 - Logged-out Successfully........
2026-03-12 16:21:14,522 - INFO - test_loginpage.py - 105 - Logged-out Successfully........
2026-03-12 16:21:14,522 - INFO - test_loginpage.py - 105 - Logged-out Successfully........
2026-03-12 16:21:14,522 - INFO - test_loginpage.py - 105 - Logged-out Successfully........
2026-03-12 16:21:14,688 - INFO - test_loginpage.py - 87 - Launching application login page: 'https://apps.credence.in/login.html'.....
2026-03-12 16:21:14,688 - INFO - test_loginpage.py - 87 - Launching application login page: 'https://apps.credence.in/login.html'.....
2026-03-12 16:21:14,688 - INFO - test_loginpage.py - 87 - Launching application login page: 'https://apps.credence.in/login.html'.....
2026-03-12 16:21:14,688 - INFO - test_loginpage.py - 87 - Launching application login page: 'https://apps.credence.in/login.html'.....
2026-03-12 16:21:14,772 - INFO - test_loginpage.py - 91 - Setting username field.....
2026-03-12 16:21:14,772 - INFO - test_loginpage.py - 91 - Setting username field.....
2026-03-12 16:21:14,772 - INFO - test_loginpage.py - 91 - Setting username field.....
2026-03-12 16:21:14,772 - INFO - test_loginpage.py - 91 - Setting username field.....
2026-03-12 16:21:14,823 - INFO - test_loginpage.py - 93 - Setting password field.....
2026-03-12 16:21:14,823 - INFO - test_loginpage.py - 93 - Setting password field.....
2026-03-12 16:21:14,823 - INFO - test_loginpage.py - 93 - Setting password field.....
2026-03-12 16:21:14,823 - INFO - test_loginpage.py - 93 - Setting password field.....
2026-03-12 16:21:14,874 - INFO - test_loginpage.py - 95 - Clicking login button.....
2026-03-12 16:21:14,874 - INFO - test_loginpage.py - 95 - Clicking login button.....
2026-03-12 16:21:14,874 - INFO - test_loginpage.py - 95 - Clicking login button.....
2026-03-12 16:21:14,874 - INFO - test_loginpage.py - 95 - Clicking login button.....
2026-03-12 16:21:25,503 - INFO - test_loginpage.py - 109 - User : Testuser0123 logged in Failed and taking screenshot..... 
2026-03-12 16:21:25,503 - INFO - test_loginpage.py - 109 - User : Testuser0123 logged in Failed and taking screenshot..... 
2026-03-12 16:21:25,503 - INFO - test_loginpage.py - 109 - User : Testuser0123 logged in Failed and taking screenshot..... 
2026-03-12 16:21:25,503 - INFO - test_loginpage.py - 109 - User : Testuser0123 logged in Failed and taking screenshot..... 
2026-03-12 16:21:25,724 - INFO - test_loginpage.py - 87 - Launching application login page: 'https://apps.credence.in/login.html'.....
2026-03-12 16:21:25,724 - INFO - test_loginpage.py - 87 - Launching application login page: 'https://apps.credence.in/login.html'.....
2026-03-12 16:21:25,724 - INFO - test_loginpage.py - 87 - Launching application login page: 'https://apps.credence.in/login.html'.....
2026-03-12 16:21:25,724 - INFO - test_loginpage.py - 87 - Launching application login page: 'https://apps.credence.in/login.html'.....
2026-03-12 16:21:25,838 - INFO - test_loginpage.py - 91 - Setting username field.....
2026-03-12 16:21:25,838 - INFO - test_loginpage.py - 91 - Setting username field.....
2026-03-12 16:21:25,838 - INFO - test_loginpage.py - 91 - Setting username field.....
2026-03-12 16:21:25,838 - INFO - test_loginpage.py - 91 - Setting username field.....
2026-03-12 16:21:25,900 - INFO - test_loginpage.py - 93 - Setting password field.....
2026-03-12 16:21:25,900 - INFO - test_loginpage.py - 93 - Setting password field.....
2026-03-12 16:21:25,900 - INFO - test_loginpage.py - 93 - Setting password field.....
2026-03-12 16:21:25,900 - INFO - test_loginpage.py - 93 - Setting password field.....
2026-03-12 16:21:25,941 - INFO - test_loginpage.py - 95 - Clicking login button.....
2026-03-12 16:21:25,941 - INFO - test_loginpage.py - 95 - Clicking login button.....
2026-03-12 16:21:25,941 - INFO - test_loginpage.py - 95 - Clicking login button.....
2026-03-12 16:21:25,941 - INFO - test_loginpage.py - 95 - Clicking login button.....
2026-03-12 16:21:36,571 - INFO - test_loginpage.py - 109 - User : Testuser012 logged in Failed and taking screenshot..... 
2026-03-12 16:21:36,571 - INFO - test_loginpage.py - 109 - User : Testuser012 logged in Failed and taking screenshot..... 
2026-03-12 16:21:36,571 - INFO - test_loginpage.py - 109 - User : Testuser012 logged in Failed and taking screenshot..... 
2026-03-12 16:21:36,571 - INFO - test_loginpage.py - 109 - User : Testuser012 logged in Failed and taking screenshot..... 
2026-03-12 16:21:36,885 - INFO - test_loginpage.py - 87 - Launching application login page: 'https://apps.credence.in/login.html'.....
2026-03-12 16:21:36,885 - INFO - test_loginpage.py - 87 - Launching application login page: 'https://apps.credence.in/login.html'.....
2026-03-12 16:21:36,885 - INFO - test_loginpage.py - 87 - Launching application login page: 'https://apps.credence.in/login.html'.....
2026-03-12 16:21:36,885 - INFO - test_loginpage.py - 87 - Launching application login page: 'https://apps.credence.in/login.html'.....
2026-03-12 16:21:37,074 - INFO - test_loginpage.py - 91 - Setting username field.....
2026-03-12 16:21:37,074 - INFO - test_loginpage.py - 91 - Setting username field.....
2026-03-12 16:21:37,074 - INFO - test_loginpage.py - 91 - Setting username field.....
2026-03-12 16:21:37,074 - INFO - test_loginpage.py - 91 - Setting username field.....
2026-03-12 16:21:37,292 - INFO - test_loginpage.py - 93 - Setting password field.....
2026-03-12 16:21:37,292 - INFO - test_loginpage.py - 93 - Setting password field.....
2026-03-12 16:21:37,292 - INFO - test_loginpage.py - 93 - Setting password field.....
2026-03-12 16:21:37,292 - INFO - test_loginpage.py - 93 - Setting password field.....
2026-03-12 16:21:37,331 - INFO - test_loginpage.py - 95 - Clicking login button.....
2026-03-12 16:21:37,331 - INFO - test_loginpage.py - 95 - Clicking login button.....
2026-03-12 16:21:37,331 - INFO - test_loginpage.py - 95 - Clicking login button.....
2026-03-12 16:21:37,331 - INFO - test_loginpage.py - 95 - Clicking login button.....
2026-03-12 16:21:48,058 - INFO - test_loginpage.py - 109 - User : Testuser0123 logged in Failed and taking screenshot..... 
2026-03-12 16:21:48,058 - INFO - test_loginpage.py - 109 - User : Testuser0123 logged in Failed and taking screenshot..... 
2026-03-12 16:21:48,058 - INFO - test_loginpage.py - 109 - User : Testuser0123 logged in Failed and taking screenshot..... 
2026-03-12 16:21:48,058 - INFO - test_loginpage.py - 109 - User : Testuser0123 logged in Failed and taking screenshot..... 
2026-03-12 16:22:00,095 - INFO - test_registrationpage.py - 34 - launching registration page url: https://apps.credence.in/user.html....
2026-03-12 16:22:00,095 - INFO - test_registrationpage.py - 34 - launching registration page url: https://apps.credence.in/user.html....
2026-03-12 16:22:00,095 - INFO - test_registrationpage.py - 34 - launching registration page url: https://apps.credence.in/user.html....
2026-03-12 16:22:00,095 - INFO - test_registrationpage.py - 34 - launching registration page url: https://apps.credence.in/user.html....
2026-03-12 16:22:00,598 - INFO - test_registrationpage.py - 38 - Landed on registration page successfully and taking screenshots....
2026-03-12 16:22:00,598 - INFO - test_registrationpage.py - 38 - Landed on registration page successfully and taking screenshots....
2026-03-12 16:22:00,598 - INFO - test_registrationpage.py - 38 - Landed on registration page successfully and taking screenshots....
2026-03-12 16:22:00,598 - INFO - test_registrationpage.py - 38 - Landed on registration page successfully and taking screenshots....
2026-03-12 16:22:00,899 - INFO - test_registrationpage.py - 58 - launching registration page url: https://apps.credence.in/user.html....
2026-03-12 16:22:00,899 - INFO - test_registrationpage.py - 58 - launching registration page url: https://apps.credence.in/user.html....
2026-03-12 16:22:00,899 - INFO - test_registrationpage.py - 58 - launching registration page url: https://apps.credence.in/user.html....
2026-03-12 16:22:00,899 - INFO - test_registrationpage.py - 58 - launching registration page url: https://apps.credence.in/user.html....
2026-03-12 16:22:01,123 - INFO - test_registrationpage.py - 61 - Setting user name....................
2026-03-12 16:22:01,123 - INFO - test_registrationpage.py - 61 - Setting user name....................
2026-03-12 16:22:01,123 - INFO - test_registrationpage.py - 61 - Setting user name....................
2026-03-12 16:22:01,123 - INFO - test_registrationpage.py - 61 - Setting user name....................
2026-03-12 16:22:01,320 - INFO - test_registrationpage.py - 63 - Setting password as : Random@123....................
2026-03-12 16:22:01,320 - INFO - test_registrationpage.py - 63 - Setting password as : Random@123....................
2026-03-12 16:22:01,320 - INFO - test_registrationpage.py - 63 - Setting password as : Random@123....................
2026-03-12 16:22:01,320 - INFO - test_registrationpage.py - 63 - Setting password as : Random@123....................
2026-03-12 16:22:01,467 - INFO - test_registrationpage.py - 65 - Setting email....................
2026-03-12 16:22:01,467 - INFO - test_registrationpage.py - 65 - Setting email....................
2026-03-12 16:22:01,467 - INFO - test_registrationpage.py - 65 - Setting email....................
2026-03-12 16:22:01,467 - INFO - test_registrationpage.py - 65 - Setting email....................
2026-03-12 16:22:01,721 - INFO - test_registrationpage.py - 67 - Setting phone number....................
2026-03-12 16:22:01,721 - INFO - test_registrationpage.py - 67 - Setting phone number....................
2026-03-12 16:22:01,721 - INFO - test_registrationpage.py - 67 - Setting phone number....................
2026-03-12 16:22:01,721 - INFO - test_registrationpage.py - 67 - Setting phone number....................
2026-03-12 16:22:01,996 - INFO - test_registrationpage.py - 69 - Clicking on Create user button....................
2026-03-12 16:22:01,996 - INFO - test_registrationpage.py - 69 - Clicking on Create user button....................
2026-03-12 16:22:01,996 - INFO - test_registrationpage.py - 69 - Clicking on Create user button....................
2026-03-12 16:22:01,996 - INFO - test_registrationpage.py - 69 - Clicking on Create user button....................
2026-03-12 16:22:02,170 - INFO - test_registrationpage.py - 72 - Create user button clicked successfully....................
2026-03-12 16:22:02,170 - INFO - test_registrationpage.py - 72 - Create user button clicked successfully....................
2026-03-12 16:22:02,170 - INFO - test_registrationpage.py - 72 - Create user button clicked successfully....................
2026-03-12 16:22:02,170 - INFO - test_registrationpage.py - 72 - Create user button clicked successfully....................
2026-03-12 16:22:05,742 - INFO - test_registrationpage.py - 75 - getting user created text: User created successfully....................
2026-03-12 16:22:05,742 - INFO - test_registrationpage.py - 75 - getting user created text: User created successfully....................
2026-03-12 16:22:05,742 - INFO - test_registrationpage.py - 75 - getting user created text: User created successfully....................
2026-03-12 16:22:05,742 - INFO - test_registrationpage.py - 75 - getting user created text: User created successfully....................
2026-03-12 16:22:05,742 - INFO - test_registrationpage.py - 78 - User: andresriley created successfully and taking screenshots....................
2026-03-12 16:22:05,742 - INFO - test_registrationpage.py - 78 - User: andresriley created successfully and taking screenshots....................
2026-03-12 16:22:05,742 - INFO - test_registrationpage.py - 78 - User: andresriley created successfully and taking screenshots....................
2026-03-12 16:22:05,742 - INFO - test_registrationpage.py - 78 - User: andresriley created successfully and taking screenshots....................
2026-03-12 16:22:22,874 - INFO - test_usermanagement.py - 29 - Launching user login page url...............
2026-03-12 16:22:22,874 - INFO - test_usermanagement.py - 29 - Launching user login page url...............
2026-03-12 16:22:22,874 - INFO - test_usermanagement.py - 29 - Launching user login page url...............
2026-03-12 16:22:22,874 - INFO - test_usermanagement.py - 29 - Launching user login page url...............
2026-03-12 16:22:23,609 - INFO - test_usermanagement.py - 34 - Setting username field.....
2026-03-12 16:22:23,609 - INFO - test_usermanagement.py - 34 - Setting username field.....
2026-03-12 16:22:23,609 - INFO - test_usermanagement.py - 34 - Setting username field.....
2026-03-12 16:22:23,609 - INFO - test_usermanagement.py - 34 - Setting username field.....
2026-03-12 16:22:23,918 - INFO - test_usermanagement.py - 36 - Setting password field.....
2026-03-12 16:22:23,918 - INFO - test_usermanagement.py - 36 - Setting password field.....
2026-03-12 16:22:23,918 - INFO - test_usermanagement.py - 36 - Setting password field.....
2026-03-12 16:22:23,918 - INFO - test_usermanagement.py - 36 - Setting password field.....
2026-03-12 16:22:24,104 - INFO - test_usermanagement.py - 38 - Clicking login button.....
2026-03-12 16:22:24,104 - INFO - test_usermanagement.py - 38 - Clicking login button.....
2026-03-12 16:22:24,104 - INFO - test_usermanagement.py - 38 - Clicking login button.....
2026-03-12 16:22:24,104 - INFO - test_usermanagement.py - 38 - Clicking login button.....
2026-03-12 16:22:31,820 - INFO - test_usermanagement.py - 41 - User : Testuser012 logged in Successfully and taking screenshot..... 
2026-03-12 16:22:31,820 - INFO - test_usermanagement.py - 41 - User : Testuser012 logged in Successfully and taking screenshot..... 
2026-03-12 16:22:31,820 - INFO - test_usermanagement.py - 41 - User : Testuser012 logged in Successfully and taking screenshot..... 
2026-03-12 16:22:31,820 - INFO - test_usermanagement.py - 41 - User : Testuser012 logged in Successfully and taking screenshot..... 
2026-03-12 16:22:32,056 - INFO - test_usermanagement.py - 44 - Clicking on User Management button.......
2026-03-12 16:22:32,056 - INFO - test_usermanagement.py - 44 - Clicking on User Management button.......
2026-03-12 16:22:32,056 - INFO - test_usermanagement.py - 44 - Clicking on User Management button.......
2026-03-12 16:22:32,056 - INFO - test_usermanagement.py - 44 - Clicking on User Management button.......
2026-03-12 16:22:35,713 - INFO - test_usermanagement.py - 48 - Landed on User Management page successfully and taking screenshot.......
2026-03-12 16:22:35,713 - INFO - test_usermanagement.py - 48 - Landed on User Management page successfully and taking screenshot.......
2026-03-12 16:22:35,713 - INFO - test_usermanagement.py - 48 - Landed on User Management page successfully and taking screenshot.......
2026-03-12 16:22:35,713 - INFO - test_usermanagement.py - 48 - Landed on User Management page successfully and taking screenshot.......
2026-03-12 16:22:35,984 - INFO - test_usermanagement.py - 52 - Clicking on logout button.......
2026-03-12 16:22:35,984 - INFO - test_usermanagement.py - 52 - Clicking on logout button.......
2026-03-12 16:22:35,984 - INFO - test_usermanagement.py - 52 - Clicking on logout button.......
2026-03-12 16:22:35,984 - INFO - test_usermanagement.py - 52 - Clicking on logout button.......
2026-03-12 16:22:36,039 - INFO - test_usermanagement.py - 54 - Logged out successfully.......
2026-03-12 16:22:36,039 - INFO - test_usermanagement.py - 54 - Logged out successfully.......
2026-03-12 16:22:36,039 - INFO - test_usermanagement.py - 54 - Logged out successfully.......
2026-03-12 16:22:36,039 - INFO - test_usermanagement.py - 54 - Logged out successfully.......
2026-03-12 16:22:36,044 - INFO - test_usermanagement.py - 71 - Launching user login page url...............
2026-03-12 16:22:36,044 - INFO - test_usermanagement.py - 71 - Launching user login page url...............
2026-03-12 16:22:36,044 - INFO - test_usermanagement.py - 71 - Launching user login page url...............
2026-03-12 16:22:36,044 - INFO - test_usermanagement.py - 71 - Launching user login page url...............
2026-03-12 16:22:36,228 - INFO - test_usermanagement.py - 76 - Setting username field.....
2026-03-12 16:22:36,228 - INFO - test_usermanagement.py - 76 - Setting username field.....
2026-03-12 16:22:36,228 - INFO - test_usermanagement.py - 76 - Setting username field.....
2026-03-12 16:22:36,228 - INFO - test_usermanagement.py - 76 - Setting username field.....
2026-03-12 16:22:36,286 - INFO - test_usermanagement.py - 78 - Setting password field.....
2026-03-12 16:22:36,286 - INFO - test_usermanagement.py - 78 - Setting password field.....
2026-03-12 16:22:36,286 - INFO - test_usermanagement.py - 78 - Setting password field.....
2026-03-12 16:22:36,286 - INFO - test_usermanagement.py - 78 - Setting password field.....
2026-03-12 16:22:36,321 - INFO - test_usermanagement.py - 80 - Clicking login button.....
2026-03-12 16:22:36,321 - INFO - test_usermanagement.py - 80 - Clicking login button.....
2026-03-12 16:22:36,321 - INFO - test_usermanagement.py - 80 - Clicking login button.....
2026-03-12 16:22:36,321 - INFO - test_usermanagement.py - 80 - Clicking login button.....
2026-03-12 16:22:43,973 - INFO - test_usermanagement.py - 83 - User : Testuser012 logged in Successfully and taking screenshot..... 
2026-03-12 16:22:43,973 - INFO - test_usermanagement.py - 83 - User : Testuser012 logged in Successfully and taking screenshot..... 
2026-03-12 16:22:43,973 - INFO - test_usermanagement.py - 83 - User : Testuser012 logged in Successfully and taking screenshot..... 
2026-03-12 16:22:43,973 - INFO - test_usermanagement.py - 83 - User : Testuser012 logged in Successfully and taking screenshot..... 
2026-03-12 16:22:44,273 - INFO - test_usermanagement.py - 86 - Clicking on User Management button.......
2026-03-12 16:22:44,273 - INFO - test_usermanagement.py - 86 - Clicking on User Management button.......
2026-03-12 16:22:44,273 - INFO - test_usermanagement.py - 86 - Clicking on User Management button.......
2026-03-12 16:22:44,273 - INFO - test_usermanagement.py - 86 - Clicking on User Management button.......
2026-03-12 16:22:44,369 - INFO - test_usermanagement.py - 89 - Landed on User Management page successfully.......
2026-03-12 16:22:44,369 - INFO - test_usermanagement.py - 89 - Landed on User Management page successfully.......
2026-03-12 16:22:44,369 - INFO - test_usermanagement.py - 89 - Landed on User Management page successfully.......
2026-03-12 16:22:44,369 - INFO - test_usermanagement.py - 89 - Landed on User Management page successfully.......
2026-03-12 16:22:44,369 - INFO - test_usermanagement.py - 90 - Sending search user name for searching.......
2026-03-12 16:22:44,369 - INFO - test_usermanagement.py - 90 - Sending search user name for searching.......
2026-03-12 16:22:44,369 - INFO - test_usermanagement.py - 90 - Sending search user name for searching.......
2026-03-12 16:22:44,369 - INFO - test_usermanagement.py - 90 - Sending search user name for searching.......
2026-03-12 16:30:59,245 - INFO - test_usermanagement.py - 29 - Launching user login page url...............
2026-03-12 16:30:59,615 - INFO - test_usermanagement.py - 34 - Setting username field.....
2026-03-12 16:30:59,772 - INFO - test_usermanagement.py - 36 - Setting password field.....
2026-03-12 16:30:59,931 - INFO - test_usermanagement.py - 38 - Clicking login button.....
2026-03-12 16:31:07,813 - INFO - test_usermanagement.py - 41 - User : Testuser012 logged in Successfully and taking screenshot..... 
2026-03-12 16:31:07,935 - INFO - test_usermanagement.py - 44 - Clicking on User Management button.......
2026-03-12 16:31:11,524 - INFO - test_usermanagement.py - 48 - Landed on User Management page successfully and taking screenshot.......
2026-03-12 16:31:11,614 - INFO - test_usermanagement.py - 52 - Clicking on logout button.......
2026-03-12 16:31:11,648 - INFO - test_usermanagement.py - 54 - Logged out successfully.......
2026-03-12 16:31:11,657 - INFO - test_usermanagement.py - 71 - Launching user login page url...............
2026-03-12 16:31:11,733 - INFO - test_usermanagement.py - 76 - Setting username field.....
2026-03-12 16:31:11,775 - INFO - test_usermanagement.py - 78 - Setting password field.....
2026-03-12 16:31:11,800 - INFO - test_usermanagement.py - 80 - Clicking login button.....
2026-03-12 16:31:19,404 - INFO - test_usermanagement.py - 83 - User : Testuser012 logged in Successfully and taking screenshot..... 
2026-03-12 16:31:19,535 - INFO - test_usermanagement.py - 86 - Clicking on User Management button.......
2026-03-12 16:31:19,574 - INFO - test_usermanagement.py - 89 - Landed on User Management page successfully.......
2026-03-12 16:31:19,579 - INFO - test_usermanagement.py - 90 - Sending search user name for searching.......
2026-03-12 16:33:23,048 - INFO - test_usermanagement.py - 29 - Launching user login page url...............
2026-03-12 16:33:23,565 - INFO - test_usermanagement.py - 34 - Setting username field.....
2026-03-12 16:33:23,778 - INFO - test_usermanagement.py - 36 - Setting password field.....
2026-03-12 16:33:23,920 - INFO - test_usermanagement.py - 38 - Clicking login button.....
2026-03-12 16:33:31,702 - INFO - test_usermanagement.py - 41 - User : Testuser012 logged in Successfully and taking screenshot..... 
2026-03-12 16:33:31,808 - INFO - test_usermanagement.py - 44 - Clicking on User Management button.......
2026-03-12 16:33:35,406 - INFO - test_usermanagement.py - 48 - Landed on User Management page successfully and taking screenshot.......
2026-03-12 16:33:35,508 - INFO - test_usermanagement.py - 52 - Clicking on logout button.......
2026-03-12 16:33:35,548 - INFO - test_usermanagement.py - 54 - Logged out successfully.......
2026-03-12 16:33:35,559 - INFO - test_usermanagement.py - 71 - Launching user login page url...............
2026-03-12 16:33:35,646 - INFO - test_usermanagement.py - 76 - Setting username field.....
2026-03-12 16:33:35,688 - INFO - test_usermanagement.py - 78 - Setting password field.....
2026-03-12 16:33:35,721 - INFO - test_usermanagement.py - 80 - Clicking login button.....
2026-03-12 16:33:43,319 - INFO - test_usermanagement.py - 83 - User : Testuser012 logged in Successfully and taking screenshot..... 
2026-03-12 16:33:43,413 - INFO - test_usermanagement.py - 86 - Clicking on User Management button.......
2026-03-12 16:33:43,456 - INFO - test_usermanagement.py - 89 - Landed on User Management page successfully.......
2026-03-12 16:33:43,456 - INFO - test_usermanagement.py - 90 - Sending search user name for searching.......
2026-03-12 16:36:02,023 - INFO - test_usermanagement.py - 29 - Launching user login page url...............
2026-03-12 16:36:02,406 - INFO - test_usermanagement.py - 34 - Setting username field.....
2026-03-12 16:36:02,540 - INFO - test_usermanagement.py - 36 - Setting password field.....
2026-03-12 16:36:02,685 - INFO - test_usermanagement.py - 38 - Clicking login button.....
2026-03-12 16:36:10,493 - INFO - test_usermanagement.py - 41 - User : Testuser012 logged in Successfully and taking screenshot..... 
2026-03-12 16:36:10,632 - INFO - test_usermanagement.py - 44 - Clicking on User Management button.......
2026-03-12 16:36:14,230 - INFO - test_usermanagement.py - 48 - Landed on User Management page successfully and taking screenshot.......
2026-03-12 16:36:14,348 - INFO - test_usermanagement.py - 52 - Clicking on logout button.......
2026-03-12 16:36:14,377 - INFO - test_usermanagement.py - 54 - Logged out successfully.......
2026-03-12 16:36:14,386 - INFO - test_usermanagement.py - 71 - Launching user login page url...............
2026-03-12 16:36:14,476 - INFO - test_usermanagement.py - 76 - Setting username field.....
2026-03-12 16:36:14,553 - INFO - test_usermanagement.py - 78 - Setting password field.....
2026-03-12 16:36:14,617 - INFO - test_usermanagement.py - 80 - Clicking login button.....
2026-03-12 16:36:22,226 - INFO - test_usermanagement.py - 83 - User : Testuser012 logged in Successfully and taking screenshot..... 
2026-03-12 16:36:22,444 - INFO - test_usermanagement.py - 86 - Clicking on User Management button.......
2026-03-12 16:36:22,508 - INFO - test_usermanagement.py - 89 - Landed on User Management page successfully.......
2026-03-12 16:36:22,508 - INFO - test_usermanagement.py - 90 - Sending search user name for searching.......
2026-03-12 16:39:01,370 - INFO - test_usermanagement.py - 29 - Launching user login page url...............
2026-03-12 16:39:01,767 - INFO - test_usermanagement.py - 34 - Setting username field.....
2026-03-12 16:39:01,870 - INFO - test_usermanagement.py - 36 - Setting password field.....
2026-03-12 16:39:01,931 - INFO - test_usermanagement.py - 38 - Clicking login button.....
2026-03-12 16:39:09,580 - INFO - test_usermanagement.py - 41 - User : Testuser012 logged in Successfully and taking screenshot..... 
2026-03-12 16:39:09,761 - INFO - test_usermanagement.py - 44 - Clicking on User Management button.......
2026-03-12 16:39:13,437 - INFO - test_usermanagement.py - 48 - Landed on User Management page successfully and taking screenshot.......
2026-03-12 16:39:13,725 - INFO - test_usermanagement.py - 52 - Clicking on logout button.......
2026-03-12 16:39:13,795 - INFO - test_usermanagement.py - 54 - Logged out successfully.......
2026-03-12 16:39:13,797 - INFO - test_usermanagement.py - 71 - Launching user login page url...............
2026-03-12 16:39:13,950 - INFO - test_usermanagement.py - 76 - Setting username field.....
2026-03-12 16:39:14,018 - INFO - test_usermanagement.py - 78 - Setting password field.....
2026-03-12 16:39:14,058 - INFO - test_usermanagement.py - 80 - Clicking login button.....
2026-03-12 16:39:21,667 - INFO - test_usermanagement.py - 83 - User : Testuser012 logged in Successfully and taking screenshot..... 
2026-03-12 16:39:21,782 - INFO - test_usermanagement.py - 86 - Clicking on User Management button.......
2026-03-12 16:39:21,830 - INFO - test_usermanagement.py - 89 - Landed on User Management page successfully.......
2026-03-12 16:39:21,830 - INFO - test_usermanagement.py - 90 - Sending search user name for searching.......
2026-03-12 16:41:41,135 - INFO - test_usermanagement.py - 29 - Launching user login page url...............
2026-03-12 16:41:41,576 - INFO - test_usermanagement.py - 34 - Setting username field.....
2026-03-12 16:41:41,770 - INFO - test_usermanagement.py - 36 - Setting password field.....
2026-03-12 16:41:41,992 - INFO - test_usermanagement.py - 38 - Clicking login button.....
2026-03-12 16:41:49,831 - INFO - test_usermanagement.py - 41 - User : Testuser012 logged in Successfully and taking screenshot..... 
2026-03-12 16:41:49,989 - INFO - test_usermanagement.py - 44 - Clicking on User Management button.......
2026-03-12 16:41:53,580 - INFO - test_usermanagement.py - 48 - Landed on User Management page successfully and taking screenshot.......
2026-03-12 16:41:53,667 - INFO - test_usermanagement.py - 52 - Clicking on logout button.......
2026-03-12 16:41:53,702 - INFO - test_usermanagement.py - 54 - Logged out successfully.......
2026-03-12 16:41:53,706 - INFO - test_usermanagement.py - 71 - Launching user login page url...............
2026-03-12 16:41:53,794 - INFO - test_usermanagement.py - 76 - Setting username field.....
2026-03-12 16:41:53,841 - INFO - test_usermanagement.py - 78 - Setting password field.....
2026-03-12 16:41:53,864 - INFO - test_usermanagement.py - 80 - Clicking login button.....
2026-03-12 16:42:01,469 - INFO - test_usermanagement.py - 83 - User : Testuser012 logged in Successfully and taking screenshot..... 
2026-03-12 16:42:01,552 - INFO - test_usermanagement.py - 86 - Clicking on User Management button.......
2026-03-12 16:42:01,579 - INFO - test_usermanagement.py - 89 - Landed on User Management page successfully.......
2026-03-12 16:42:01,579 - INFO - test_usermanagement.py - 90 - Sending search user name for searching.......
2026-03-12 16:42:07,743 - INFO - test_usermanagement.py - 96 - User : Testuser011 search is Successfully and taking screenshot..... 
2026-03-12 16:42:07,866 - INFO - test_usermanagement.py - 99 - Clicking on logout button.......
2026-03-12 16:42:07,906 - INFO - test_usermanagement.py - 101 - Logged out successfully.......
2026-03-12 17:00:02,633 - INFO - test_usermanagement.py - 29 - Launching user login page url...............
2026-03-12 17:00:03,039 - INFO - test_usermanagement.py - 34 - Setting username field.....
2026-03-12 17:00:03,187 - INFO - test_usermanagement.py - 36 - Setting password field.....
2026-03-12 17:00:03,377 - INFO - test_usermanagement.py - 38 - Clicking login button.....
2026-03-12 17:00:11,279 - INFO - test_usermanagement.py - 41 - User : Testuser012 logged in Successfully and taking screenshot..... 
2026-03-12 17:00:11,400 - INFO - test_usermanagement.py - 44 - Clicking on User Management button.......
2026-03-12 17:00:15,012 - INFO - test_usermanagement.py - 48 - Landed on User Management page successfully and taking screenshot.......
2026-03-12 17:00:15,126 - INFO - test_usermanagement.py - 52 - Clicking on logout button.......
2026-03-12 17:00:15,175 - INFO - test_usermanagement.py - 54 - Logged out successfully.......
2026-03-12 17:00:15,179 - INFO - test_usermanagement.py - 71 - Launching user login page url...............
2026-03-12 17:00:15,296 - INFO - test_usermanagement.py - 76 - Setting username field.....
2026-03-12 17:00:15,391 - INFO - test_usermanagement.py - 78 - Setting password field.....
2026-03-12 17:00:15,558 - INFO - test_usermanagement.py - 80 - Clicking login button.....
2026-03-12 17:00:23,173 - INFO - test_usermanagement.py - 83 - User : Testuser012 logged in Successfully and taking screenshot..... 
2026-03-12 17:00:23,311 - INFO - test_usermanagement.py - 86 - Clicking on User Management button.......
2026-03-12 17:00:23,348 - INFO - test_usermanagement.py - 89 - Landed on User Management page successfully.......
2026-03-12 17:00:23,351 - INFO - test_usermanagement.py - 90 - Sending search user name for searching.......
2026-03-12 17:00:29,507 - INFO - test_usermanagement.py - 96 - User : Testuser011 search is Successfully and taking screenshot..... 
2026-03-12 17:00:29,627 - INFO - test_usermanagement.py - 99 - Clicking on logout button.......
2026-03-12 17:00:29,672 - INFO - test_usermanagement.py - 101 - Logged out successfully.......
